230
169 169 161 28.34 1008.44
169 169 162 28.34 1008.44
168 168 161 28.33 1008.36
167 167 161 28.33 1008.36
185 185 159 28.33 1008.36
184 184 159 28.34 1008.29
184 184 181 28.34 1008.29
184 184 237 28.34 1008.29
185 185 237 28.34 1008.29
185 185 253 28.34 1008.31
184 184 253 28.34 1008.31
182 182 271 28.34 1008.31
181 181 281 28.34 1008.31
180 180 281 28.34 1008.31
179 179 288 28.34 1008.31
178 178 288 28.34 1008.31
177 177 290 28.35 1008.39
176 176 290 28.35 1008.39
174 174 289 28.35 1008.39
173 173 285 28.34 1008.33
172 172 285 28.34 1008.33
171 171 277 28.34 1008.33
170 170 277 28.34 1008.33
169 169 268 28.34 1008.39
167 167 268 28.34 1008.39
166 166 257 28.34 1008.39
165 165 246 28.34 1008.35
164 164 246 28.34 1008.35
163 163 231 28.34 1008.35
162 162 231 28.35 1008.39
161 161 211 28.35 1008.39
159 159 184 28.35 1008.39
158 158 184 28.35 1008.39
157 157 164 28.34 1008.38
156 156 164 28.34 1008.38
162 162 148 28.34 1008.38
161 161 148 28.35 1008.35
166 166 142 28.35 1008.35
166 166 145 28.35 1008.35
170 170 145 28.35 1008.35
170 170 148 28.34 1008.36
172 172 148 28.34 1008.36
171 171 157 28.34 1008.36
172 172 164 28.34 1008.34
171 171 164 28.34 1008.34
172 172 170 28.34 1008.34
171 171 170 28.34 1008.34
170 170 173 28.34 1008.34
169 169 173 28.34 1008.34
168 168 173 28.34 1008.34
168 168 170 28.34 1008.34
167 167 170 28.34 1008.34
168 168 167 28.34 1008.34
168 168 167 28.34 1008.34
169 169 165 28.34 1008.33
169 169 165 28.34 1008.33
170 170 165 28.34 1008.33
170 170 166 28.34 1008.36
170 170 166 28.34 1008.36
170 170 168 28.34 1008.36
171 171 168 28.32 1008.31
171 171 168 28.32 1008.31
171 171 171 28.32 1008.31
171 171 171 28.32 1008.31
171 171 173 28.34 1008.39
171 171 173 28.34 1008.39
171 171 175 28.34 1008.39
171 171 176 28.34 1008.36
171 171 176 28.34 1008.36
171 171 175 28.34 1008.36
171 171 175 28.34 1008.36
171 171 175 28.33 1008.33
171 171 175 28.33 1008.33
172 172 175 28.33 1008.33
172 172 175 28.34 1008.34
171 171 175 28.34 1008.34
171 171 175 28.34 1008.34
171 171 175 28.34 1008.34
171 171 175 28.33 1008.32
171 171 175 28.33 1008.32
171 171 175 28.33 1008.32
172 172 174 28.34 1008.33
172 172 174 28.34 1008.33
173 173 176 28.34 1008.33
173 173 176 28.34 1008.33
174 174 179 28.34 1008.36
175 175 185 28.34 1008.36
176 176 185 28.34 1008.36
178 178 191 28.34 1008.46
179 179 191 28.34 1008.46
179 179 201 28.34 1008.46
182 182 209 28.33 1008.35
183 183 209 28.33 1008.35
187 187 230 28.33 1008.35
188 188 230 28.33 1008.35
190 190 260 28.33 1008.36
195 195 260 28.33 1008.36
194 194 290 28.33 1008.36
197 197 337 28.33 1008.36
196 196 337 28.33 1008.36
194 194 381 28.33 1008.36
193 193 381 28.33 1008.36
192 192 401 28.34 1008.43
191 191 401 28.34 1008.43
190 190 405 28.34 1008.43
189 189 401 28.34 1008.44
188 188 401 28.34 1008.44
186 186 400 28.34 1008.44
185 185 400 28.34 1008.44
184 184 403 28.33 1008.37
183 183 404 28.33 1008.37
182 182 404 28.33 1008.37
181 181 402 28.34 1008.43
180 180 402 28.34 1008.43
178 178 399 28.34 1008.43
177 177 399 28.34 1008.43
176 176 394 28.34 1008.36
175 175 385 28.34 1008.36
174 174 385 28.34 1008.36
173 173 376 28.33 1008.36
172 172 376 28.33 1008.36
170 170 361 28.33 1008.36
169 169 349 28.34 1008.37
168 168 349 28.34 1008.37
167 167 332 28.34 1008.37
166 166 332 28.34 1008.37
165 165 317 28.33 1008.44
164 164 317 28.33 1008.44
162 162 296 28.33 1008.44
161 161 275 28.34 1008.36
160 160 275 28.34 1008.36
159 159 249 28.34 1008.36
158 158 249 28.34 1008.36
157 157 221 28.34 1008.36
156 156 187 28.34 1008.36
154 154 187 28.34 1008.36
153 153 162 28.34 1008.36
