160
100 100 78 28.36 1008.47
100 100 78 28.36 1008.47
100 100 78 28.36 1008.47
171 171 79 28.35 1008.39
170 170 102 28.35 1008.39
171 171 118 28.35 1008.39
172 172 127 28.35 1008.35
171 171 132 28.35 1008.35
170 170 137 28.35 1008.35
169 169 140 28.35 1008.35
168 168 140 28.35 1008.38
167 167 139 28.35 1008.38
165 165 138 28.35 1008.38
164 164 137 28.35 1008.36
163 163 134 28.35 1008.36
163 163 131 28.35 1008.36
164 164 129 28.35 1008.36
165 165 128 28.35 1008.44
166 166 129 28.35 1008.44
167 167 130 28.35 1008.44
167 167 131 28.34 1008.36
167 167 131 28.34 1008.36
168 168 132 28.34 1008.36
168 168 134 28.34 1008.36
168 168 135 28.35 1008.46
168 168 136 28.35 1008.46
168 168 136 28.35 1008.46
169 169 136 28.34 1008.38
169 169 138 28.34 1008.38
169 169 140 28.34 1008.38
169 169 140 28.34 1008.38
169 169 140 28.34 1008.44
169 169 140 28.34 1008.44
170 170 142 28.34 1008.44
170 170 142 28.33 1008.44
170 170 145 28.33 1008.44
170 170 146 28.33 1008.44
171 171 146 28.34 1008.37
170 170 149 28.34 1008.37
170 170 149 28.34 1008.37
171 171 151 28.34 1008.37
170 170 152 28.32 1008.43
171 171 152 28.32 1008.43
170 170 153 28.32 1008.43
170 170 153 28.31 1008.36
170 170 153 28.31 1008.36
170 170 153 28.31 1008.36
171 171 153 28.31 1008.36
171 171 154 28.33 1008.44
171 171 154 28.33 1008.44
171 171 156 28.33 1008.44
171 171 156 28.33 1008.37
171 171 158 28.33 1008.37
171 171 158 28.33 1008.37
171 171 158 28.33 1008.37
171 171 159 28.33 1008.43
171 171 159 28.33 1008.43
171 171 159 28.33 1008.43
171 171 159 28.33 1008.43
171 171 160 28.33 1008.43
171 171 161 28.33 1008.43
171 171 161 28.33 1008.43
170 170 161 28.33 1008.37
170 170 161 28.33 1008.37
170 170 161 28.33 1008.37
170 170 161 28.32 1008.39
170 170 160 28.32 1008.39
170 170 159 28.32 1008.39
170 170 159 28.32 1008.39
170 170 159 28.33 1008.36
171 171 159 28.33 1008.36
171 171 158 28.33 1008.36
171 171 160 28.33 1008.44
171 171 160 28.33 1008.44
171 171 160 28.33 1008.44
170 170 160 28.34 1008.46
171 171 161 28.34 1008.46
170 170 161 28.34 1008.46
170 170 160 28.34 1008.46
169 169 159 28.34 1008.43
168 168 159 28.34 1008.43
168 168 157 28.34 1008.43
168 168 157 28.34 1008.38
167 167 155 28.34 1008.38
167 167 153 28.34 1008.38
167 167 153 28.34 1008.38
167 167 151 28.34 1008.35
167 167 151 28.34 1008.35
166 166 149 28.34 1008.35
167 167 149 28.35 1008.43
166 166 147 28.35 1008.43
166 166 146 28.35 1008.43
166 166 146 28.35 1008.43
166 166 145 28.34 1008.36
166 166 145 28.34 1008.36
166 166 144 28.34 1008.36
166 166 144 28.35 1008.33
166 166 143 28.35 1008.33
166 166 143 28.35 1008.33
166 166 143 28.35 1008.33
166 166 143 28.33 1008.36
166 166 143 28.33 1008.36
166 166 143 28.33 1008.36
166 166 143 28.34 1008.46
165 165 143 28.34 1008.46
165 165 142 28.34 1008.46
165 165 142 28.35 1008.43
165 165 142 28.35 1008.43
166 166 142 28.35 1008.43
166 166 141 28.35 1008.43
166 166 142 28.35 1008.37
166 166 142 28.35 1008.37
166 166 142 28.35 1008.37
166 166 142 28.35 1008.45
167 167 142 28.35 1008.45
167 167 142 28.35 1008.45
167 167 142 28.35 1008.45
167 167 142 28.34 1008.38
168 168 142 28.34 1008.38
168 168 144 28.34 1008.38
168 168 146 28.34 1008.36
168 168 146 28.34 1008.36
168 168 148 28.34 1008.36
168 168 148 28.34 1008.36
168 168 150 28.35 1008.36
168 168 150 28.35 1008.36
168 168 151 28.35 1008.36
168 168 151 28.35 1008.37
168 168 151 28.35 1008.37
168 168 152 28.35 1008.37
169 169 152 28.35 1008.37
169 169 152 28.34 1008.35
169 169 152 28.34 1008.35
169 169 154 28.34 1008.35
170 170 155 28.34 1008.37
170 170 155 28.34 1008.37
170 170 158 28.34 1008.37
170 170 158 28.34 1008.44
