1450803791592;1450803791649;80;0;false
1450803791710;1450803791772;55;0;false
1450803791832;1450803791889;55;0;false
1450803791950;1450803792007;55;0;false
1450803792068;1450803792130;55;0;false
1450803792192;1450803792249;55;0;false
1450803792310;1450803792609;54;2;false
1450803792672;1450803792734;57;0;false
1450803792797;1450803792854;56;0;false
1450803792915;1450803792977;55;0;false
1450803793039;1450803793098;56;0;false
1450803793160;1450803793216;55;0;false
1450803793277;1450803793338;55;0;false
1450803793399;1450803793576;54;1;false
1450803793637;1450803793694;55;0;false
1450803793754;1450803793811;54;0;false
1450803793871;1450803793932;54;0;false
1450803793993;1450803794050;54;0;false
1450803794112;1450803794174;56;0;false
1450803794235;1450803794292;56;0;false
1450803794353;1450803794410;55;0;false
1450803794472;1450803794810;56;2;false
1450803794872;1450803794941;55;0;false
1450803795004;1450803795070;56;0;false
1450803795133;1450803795206;56;0;false
1450803795267;1450803795334;55;0;false
1450803795397;1450803795470;56;0;false
1450803795532;1450803795726;54;1;false
1450803795792;1450803795865;59;0;false
1450803795927;1450803795994;55;0;false
1450803796057;1450803796130;56;0;false
1450803796192;1450803796259;55;0;false
1450803796319;1450803796386;54;0;false
1450803796451;1450803796525;58;0;false
1450803796586;1450803796651;54;0;false
1450803796714;1450803796787;56;0;false
1450803796850;1450803796919;57;0;false
1450803796981;1450803797047;54;0;false
1450803797114;1450803797187;59;0;false
1450803797249;1450803797316;55;0;false
1450803797378;1450803797579;56;1;false
1450803797641;1450803797708;55;0;false
1450803797812;1450803797885;97;0;false
1450803797947;1450803798013;55;0;false
1450803798076;1450803798149;55;0;false
1450803798211;1450803798406;54;1;false
1450803798469;1450803798541;56;0;false
1450803798603;1450803798670;55;0;false
1450803798732;1450803798805;55;0;false
1450803798865;1450803798932;54;0;false
1450803798997;1450803799053;54;0;false
1450803799114;1450803799175;55;0;false
1450803799236;1450803799416;57;1;false
1450803799478;1450803799535;55;0;false
1450803799595;1450803799651;54;0;false
1450803799723;1450803799903;55;1;false
1450803799965;1450803800027;56;0;false
1450803800088;1450803800262;54;1;false
1450803800323;1450803800385;55;0;false
1450803800446;1450803800503;55;0;false
1450803800563;1450803800624;54;0;false
1450803800688;1450803800745;58;0;false
1450803800812;1450803800870;60;0;false
1450803800930;1450803800992;55;0;false
1450803801054;1450803801111;56;0;false
1450803801172;1450803801234;55;0;false
1450803801301;1450803801356;61;0;false
1450803801416;1450803801474;55;0;false
1450803801535;1450803801597;54;0;false
1450803801659;1450803801716;56;0;false
1450803801777;1450803801840;55;0;false
1450803801901;1450803801956;55;0;false
1450803802018;1450803802074;55;0;false
1450803802134;1450803802195;55;0;false
1450803802256;1450803802312;56;0;false
1450803802372;1450803802435;54;0;false
1450803802495;1450803802552;55;0;false
1450803802613;1450803802671;55;0;false
1450803802739;1450803802800;62;0;false
1450803802862;1450803802919;55;0;false
1450803802979;1450803803040;55;0;false
1450803803103;1450803803158;57;0;false
1450803803219;1450803803276;54;0;false
1450803803336;1450803803398;54;0;false
1450803803458;1450803803515;55;0;false
1450803803575;1450803803638;55;0;false
1450803803699;1450803803756;56;0;false
1450803803823;1450803803879;61;0;false
1450803803940;1450803804117;54;1;false
1450803804184;1450803804246;61;0;false
1450803804308;1450803804364;56;0;false
1450803804427;1450803804486;57;0;false
1450803804546;1450803804608;54;0;false
1450803804669;1450803804723;55;0;false
1450803804787;1450803804848;57;0;false
1450803804908;1450803805079;54;1;false
1450803805140;1450803805203;55;0;false
1450803805264;1450803805561;56;2;false
1450803805623;1450803805955;55;2;false
1450803806017;1450803806101;55;0;false
1450803806164;1450803806383;55;1;false
1450803806445;1450803806528;55;0;false
1450803806591;1450803806667;55;0;false
1450803806733;1450803806817;57;0;false
1450803806880;1450803806957;55;0;false
1450803807020;1450803807096;55;0;false
1450803807160;1450803807244;55;0;false
1450803807307;1450803807531;55;1;false
1450803807594;1450803807672;56;0;false
1450803807735;1450803807811;55;0;false
1450803807878;1450803807962;58;0;false
1450803808025;1450803808102;55;0;false
1450803808165;1450803808249;56;0;false
1450803808313;1450803808533;54;1;false
1450803808596;1450803808680;55;0;false
1450803808743;1450803808820;54;0;false
1450803808882;1450803809245;56;2;false
1450803809308;1450803809392;56;0;false
1450803809457;1450803809534;57;0;false
1450803809598;1450803809822;56;1;false
1450803809885;1450803809962;54;0;false
1450803810025;1450803810249;55;1;false
1450803810311;1450803810395;54;0;false
1450803810461;1450803810537;58;0;false
1450803810601;1450803810678;55;0;false
1450803810742;1450803810828;56;0;false
1450803810891;1450803811114;56;1;false
1450803811177;1450803811254;55;0;false
1450803811315;1450803811391;53;0;false
1450803811456;1450803811540;56;0;false
1450803811601;1450803811679;54;0;false
1450803811742;1450803811827;55;0;false
1450803811890;1450803811966;56;0;false
1450803812028;1450803812102;54;0;false
1450803812167;1450803812391;56;1;false
1450803812453;1450803812537;54;0;false
1450803812600;1450803812678;56;0;false
1450803812740;1450803812967;55;1;false
1450803813030;1450803813106;55;0;false
1450803813169;1450803813253;54;0;false
1450803813315;1450803813392;54;0;false
1450803813455;1450803813532;55;0;false
1450803813594;1450803813678;54;0;false
1450803813741;1450803813817;55;0;false
1450803813879;1450803813963;54;0;false
1450803814031;1450803814107;60;0;false
1450803814175;1450803814398;55;1;false
1450803814461;1450803814537;55;0;false
1450803814600;1450803814683;55;0;false
1450803814748;1450803814967;57;1;false
1450803815030;1450803815115;54;0;false
1450803815178;1450803815254;55;0;false
1450803815316;1450803815401;55;0;false
1450803815464;1450803815541;56;0;false
1450803815604;1450803815680;55;0;false
1450803815743;1450803815828;54;0;false
1450803815890;1450803815967;54;0;false
1450803816029;1450803816113;55;0;false
1450803816175;1450803816251;54;0;false
1450803816313;1450803816537;55;1;false
1450803816600;1450803816677;55;0;false
1450803816740;1450803816964;55;1;false
1450803817027;1450803817104;55;0;false
1450803817167;1450803817253;55;0;false
1450803817316;1450803817393;54;0;false
1450803817455;1450803817540;54;0;false
1450803817602;1450803817679;55;0;false
1450803817741;1450803817819;55;0;false
1450803817882;1450803817966;55;0;false
1450803818028;1450803818105;54;0;false
1450803818168;1450803818252;55;0;false
1450803818316;1450803818392;56;0;false
1450803818456;1450803818668;55;1;false
1450803818732;1450803818934;55;1;false
1450803818996;1450803819063;55;0;false
1450803819124;1450803819191;54;0;false
1450803819254;1450803819330;56;0;false
1450803819393;1450803819616;77;1;false
1450803819680;1450803819747;57;0;false
1450803819809;1450803819876;55;0;false
1450803819941;1450803820012;58;0;false
1450803820077;1450803820134;59;0;false
1450803820197;1450803820377;54;1;false
1450803820438;1450803820495;55;0;false
1450803820578;1450803820640;77;0;false
1450803820703;1450803820760;58;0;false
1450803820821;1450803820883;55;0;false
1450803820943;1450803821000;54;0;false
1450803821060;1450803821239;55;1;false
1450803821303;1450803821483;56;1;false
1450803821543;1450803821599;54;0;false
1450803821660;1450803821716;54;0;false
1450803821776;1450803821839;55;0;false
1450803821900;1450803822080;55;1;false
1450803822141;1450803822315;55;1;false
1450803822376;1450803822439;56;0;false
1450803822499;1450803822556;55;0;false
1450803822616;1450803822678;53;0;false
1450803822738;1450803822795;54;0;false
1450803822856;1450803822913;55;0;false
1450803822975;1450803823037;56;0;false
1450803823099;1450803823159;57;0;false
1450803823220;1450803823282;56;0;false
1450803823343;1450803823400;56;0;false
1450803823463;1450803823520;56;0;false
1450803823580;1450803823641;54;0;false
1450803823702;1450803823759;55;0;false
1450803823819;1450803823882;55;0;false
1450803823943;1450803823999;55;0;false
1450803824061;1450803824117;55;0;false
1450803824179;1450803824242;57;0;false
1450803824302;1450803824359;55;0;false
1450803824421;1450803824483;56;0;false
1450803824543;1450803824600;55;0;false
1450803824663;1450803824720;56;0;false
1450803824781;1450803824843;55;0;false
1450803824903;1450803824963;55;0;false
1450803825024;1450803825086;56;0;false
1450803825147;1450803825320;55;1;false
1450803825380;1450803825442;54;0;false
1450803825504;1450803825560;55;0;false
1450803825620;1450803825682;54;0;false
1450803825744;1450803825810;55;0;false
1450803825873;1450803826074;54;1;false
1450803826137;1450803826337;54;1;false
1450803826400;1450803826595;55;1;false
1450803826659;1450803826732;57;0;false
1450803826794;1450803826863;55;0;false
1450803826925;1450803826998;55;0;false
1450803827062;1450803827128;56;0;false
1450803827191;1450803827258;56;0;false
1450803827322;1450803827395;57;0;false
1450803827458;1450803827525;56;0;false
1450803827588;1450803827661;57;0;false
1450803827723;1450803827790;56;0;false
1450803827862;1450803828064;59;1;false
1450803828127;1450803828192;57;0;false
1450803828254;1450803828327;54;0;false
1450803828404;1450803828471;71;0;false
1450803828536;1450803828603;58;0;false
1450803828665;1450803828871;56;1;false
1450803828933;1450803829005;55;0;false
1450803829068;1450803829265;58;1;false
1450803829328;1450803829400;56;0;false
1450803829462;1450803829529;54;0;false
1450803829591;1450803829664;56;0;false
1450803829727;1450803829793;56;0;false
1450803829867;1450803829934;67;0;false
1450803829996;1450803830068;55;0;false
1450803830129;1450803830196;54;0;false
1450803830257;1450803830329;55;0;false
1450803830394;1450803830460;58;0;false
1450803830522;1450803830588;55;0;false
1450803830651;1450803830724;55;0;false
1450803830790;1450803830856;59;0;false
1450803830930;1450803831003;67;0;false
1450803831065;1450803831131;54;0;false
1450803831193;1450803831260;55;0;false
1450803831321;1450803831394;54;0;false
1450803831456;1450803831526;55;0;false
1450803831590;1450803831674;56;0;false
1450803831737;1450803831814;55;0;false
1450803831877;1450803831954;55;0;false
1450803832018;1450803832103;56;0;false
1450803832165;1450803832389;55;1;false
1450803832452;1450803832530;55;0;false
1450803832593;1450803832670;55;0;false
1450803832732;1450803832816;54;0;false
1450803832880;1450803832958;56;0;false
1450803833020;1450803833108;55;0;false
1450803833171;1450803833249;56;0;false
1450803833310;1450803833387;54;0;false
1450803833451;1450803833535;56;0;false
1450803833597;1450803833674;54;0;false
1450803833737;1450803833964;58;1;false
1450803834028;1450803834104;56;0;false
1450803834169;1450803834253;56;0;false
1450803834316;1450803834683;55;2;false
1450803834744;1450803834819;54;0;false
1450803834881;1450803834964;55;0;false
1450803835028;1450803835104;55;0;false
1450803835166;1450803835254;54;0;false
1450803835317;1450803835533;55;1;false
1450803835596;1450803835818;53;1;false
1450803835889;1450803835973;63;0;false
1450803836038;1450803836115;56;0;false
1450803836178;1450803836255;56;0;false
1450803836318;1450803836403;55;0;false
1450803836465;1450803836544;54;0;false
1450803836608;1450803836692;56;0;false
1450803836755;1450803836973;57;1;false
1450803837036;1450803837409;55;2;false
1450803837472;1450803837549;55;0;false
1450803837613;1450803837684;56;0;false
1450803837744;1450803837946;56;1;false
1450803838010;1450803838212;55;1;false
1450803838274;1450803838475;55;1;false
1450803838537;1450803838604;55;0;false
1450803838665;1450803838738;54;0;false
1450803838800;1450803838867;55;0;false
1450803838931;1450803838998;58;0;false
1450803839061;1450803839133;56;0;false
1450803839194;1450803839400;57;1;false
1450803839462;1450803839528;55;0;false
1450803839620;1450803839687;84;0;false
1450803839751;1450803839823;57;0;false
1450803839886;1450803839951;56;0;false
1450803840014;1450803840086;55;0;false
1450803840146;1450803840211;53;0;false
1450803840272;1450803840338;54;0;false
1450803840412;1450803840484;67;0;false
1450803840547;1450803840613;57;0;false
1450803840674;1450803840747;54;0;false
1450803840809;1450803840874;54;0;false
1450803840947;1450803841014;66;0;false
1450803841077;1450803841149;57;0;false
1450803841211;1450803841278;55;0;false
1450803841343;1450803841417;58;0;false
1450803841478;1450803841545;55;0;false
1450803841606;1450803841672;55;0;false
1450803841741;1450803841813;62;0;false
1450803841875;1450803842075;55;1;false
1450803842138;1450803842205;56;0;false
1450803842268;1450803842334;56;0;false
1450803842396;1450803842468;56;0;false
1450803842531;1450803842598;56;0;false
1450803842659;1450803842732;55;0;false
1450803842796;1450803842861;58;0;false
1450803842926;1450803842991;58;0;false
1450803843052;1450803843253;54;1;false
1450803843314;1450803843386;54;0;false
1450803843448;1450803843517;55;0;false
1450803843578;1450803843643;55;0;false
1450803843705;1450803843776;55;0;false
1450803843841;1450803843908;58;0;false
1450803843970;1450803844041;55;0;false
1450803844108;1450803844174;60;0;false
1450803844237;1450803844303;56;0;false
1450803844365;1450803844438;55;0;false
1450803844501;1450803844568;56;0;false
1450803844632;1450803844706;58;0;false
1450803844769;1450803844835;57;0;false
1450803844897;1450803844963;55;0;false
1450803845032;1450803845233;56;1;false
1450803845295;1450803845368;55;0;false
1450803845432;1450803845631;55;1;false
1450803845692;1450803845765;55;0;false
1450803845827;1450803845894;55;0;false
1450803845958;1450803846032;58;0;false
1450803846095;1450803846162;56;0;false
1450803846223;1450803846290;54;0;false
1450803846353;1450803846426;57;0;false
1450803846488;1450803846555;55;0;false
1450803846617;1450803846690;55;0;false
1450803846751;1450803846818;54;0;false
1450803846880;1450803846946;55;0;false
1450803847008;1450803847081;56;0;false
1450803847145;1450803847212;56;0;false
1450803847275;1450803847348;56;0;false
1450803847409;1450803847478;54;0;false
1450803847540;1450803847741;54;1;false
1450803847803;1450803847870;56;0;false
1450803847931;1450803848005;54;0;false
1450803848067;1450803848263;57;1;false
1450803848324;1450803848398;54;0;false
1450803848459;1450803848526;54;0;false
1450803848589;1450803848790;54;1;false
1450803848851;1450803848918;54;0;false
1450803848981;1450803849054;56;0;false
1450803849118;1450803849185;57;0;false
1450803849248;1450803849320;56;0;false
1450803849381;1450803849451;55;0;false
1450803849514;1450803849842;54;2;false
1450803849904;1450803849977;55;0;false
1450803850040;1450803850236;55;1;false
1450803850298;1450803850371;55;0;false
1450803850433;1450803850499;54;0;false
1450803850637;1450803850711;132;0;false
1450803850830;1450803851077;106;1;false
1450803851160;1450803851232;76;0;false
1450803851330;1450803851397;90;0;false
1450803851488;1450803851561;84;0;false
1450803851637;1450803851706;69;0;false
1450803851775;1450803851842;62;0;false
1450803851905;1450803851977;56;0;false
1450803852049;1450803852115;64;0;false
1450803852279;1450803852354;157;0;false
1450803852417;1450803852493;55;0;false
1450803852558;1450803852634;57;0;false
1450803852698;1450803852782;56;0;false
1450803852844;1450803852921;55;0;false
1450803852984;1450803853068;55;0;false
1450803853132;1450803853349;56;1;false
1450803853412;1450803853497;56;0;false
1450803853560;1450803853636;55;0;false
1450803853699;1450803853783;54;0;false
1450803853845;1450803853922;54;0;false
1450803853988;1450803854212;55;1;false
1450803854274;1450803854351;54;0;false
1450803854414;1450803854498;55;0;false
1450803854676;1450803854743;170;0;false
1450803854806;1450803854873;56;0;false
1450803854937;1450803855139;55;1;false
1450803855200;1450803855273;54;0;false
1450803855335;1450803855402;55;0;false
1450803855471;1450803855676;57;1;false
1450803855741;1450803855808;58;0;false
1450803855869;1450803855942;55;0;false
1450803856004;1450803856071;55;0;false
1450803856134;1450803856204;57;0;false
1450803856271;1450803856344;60;0;false
1450803856412;1450803856744;57;2;false
1450803856808;1450803856875;57;0;false
1450803856936;1450803857009;54;0;false
1450803857071;1450803857137;55;0;false
1450803857200;1450803857400;54;1;false
1450803857463;1450803857529;56;0;false
1450803857593;1450803857666;56;0;false
1450803857727;1450803857794;54;0;false
1450803857855;1450803857929;55;0;false
1450803857990;1450803858057;54;0;false
1450803858120;1450803858189;56;0;false
1450803858252;1450803858453;56;1;false
1450803858514;1450803858587;54;0;false
1450803858649;1450803858844;56;1;false
1450803858905;1450803858979;54;0;false
1450803859039;1450803859105;53;0;false
1450803859168;1450803859241;56;0;false
1450803859304;1450803859370;56;0;false
1450803859433;1450803859500;56;0;false
1450803859564;1450803859636;57;0;false
1450803859698;1450803859764;54;0;false
1450803859827;1450803859900;56;0;false
1450803859961;1450803860159;55;1;false
1450803860220;1450803860293;55;0;false
1450803860356;1450803860422;55;0;false
1450803860484;1450803860557;55;0;false
1450803860618;1450803860816;57;1;false
1450803860877;1450803860950;54;0;false
1450803861012;1450803861079;55;0;false
1450803861141;1450803861214;55;0;false
1450803861276;1450803861478;63;1;false
1450803861539;1450803861612;53;0;false
1450803861674;1450803861741;54;0;false
1450803861803;1450803861876;55;0;false
1450803861939;1450803862006;56;0;false
1450803862066;1450803862135;53;0;false
1450803862197;1450803862270;56;0;false
1450803862333;1450803862400;55;0;false
1450803862461;1450803862535;55;0;false
1450803862597;1450803862791;55;1;false
1450803862853;1450803862926;55;0;false
1450803862987;1450803863054;53;0;false
1450803863118;1450803863191;57;0;false
1450803863256;1450803863440;55;1;false
1450803863502;1450803863681;55;1;false
1450803863743;1450803863924;56;1;false
1450803863984;1450803864041;54;0;false
1450803864103;1450803864520;54;3;false
1450803864580;1450803864876;55;2;false
1450803864937;1450803864999;55;0;false
1450803865061;1450803865234;55;1;false
1450803865295;1450803865356;55;0;false
1450803865416;1450803865473;54;0;false
1450803865533;1450803865595;54;0;false
1450803865657;1450803865713;56;0;false
1450803865775;1450803866074;56;2;false
1450803866136;1450803866198;56;0;false
1450803866258;1450803866315;55;0;false
1450803866375;1450803866431;54;0;false
1450803866495;1450803866556;57;0;false
1450803866617;1450803866674;55;0;false
1450803866734;1450803866796;55;0;false
1450803866857;1450803866913;55;0;false
1450803866976;1450803867032;57;0;false
1450803867093;1450803867155;55;0;false
1450803867216;1450803867272;55;0;false
1450803867333;1450803867395;55;0;false
1450803867456;1450803867512;54;0;false
1450803867573;1450803867630;56;0;false
1450803867690;1450803867754;54;0;false
1450803867815;1450803867871;54;0;false
1450803867932;1450803867994;55;0;false
1450803868056;1450803868112;56;0;false
1450803868174;1450803868231;56;0;false
1450803868292;1450803868353;55;0;false
1450803868414;1450803868471;54;0;false
1450803868531;1450803868593;55;0;false
1450803868656;1450803868723;56;0;false
1450803868783;1450803868850;54;0;false
1450803868913;1450803868987;57;0;false
1450803869048;1450803869115;54;0;false
1450803869177;1450803869251;55;0;false
1450803869312;1450803869776;56;3;false
1450803869839;1450803869912;55;0;false
1450803869997;1450803870064;78;0;false
1450803870124;1450803870191;54;0;false
1450803870252;1450803870325;54;0;false
1450803870387;1450803870454;55;0;false
1450803870516;1450803870589;55;0;false
1450803870651;1450803870718;56;0;false
1450803870780;1450803870847;55;0;false
1450803870909;1450803870982;55;0;false
1450803871044;1450803871111;55;0;false
1450803871172;1450803871244;54;0;false
1450803871304;1450803871371;54;0;false
1450803871432;1450803871500;54;0;false
1450803871563;1450803871639;57;0;false
1450803871700;1450803871767;55;0;false
1450803871828;1450803871901;55;0;false
1450803871964;1450803872031;57;0;false
1450803872098;1450803872165;60;0;false
1450803872226;1450803872299;54;0;false
1450803872362;1450803872428;56;0;false
1450803872491;1450803872692;55;1;false
1450803872755;1450803872822;55;0;false
1450803872884;1450803872957;55;0;false
1450803873020;1450803873479;55;3;false
1450803873542;1450803873749;54;1;false
1450803873811;1450803873884;55;0;false
1450803873947;1450803874014;56;0;false
1450803874075;1450803874143;55;0;false
1450803874206;1450803874279;57;0;false
1450803874341;1450803874407;54;0;false
1450803874469;1450803874797;54;2;false
1450803874859;1450803874932;55;0;false
1450803874993;1450803875059;54;0;false
1450803875121;1450803875195;56;0;false
1450803875256;1450803875323;55;0;false
1450803875386;1450803875453;56;0;false
1450803875514;1450803875587;54;0;false
1450803875648;1450803875718;55;0;false
1450803875779;1450803875980;54;1;false
1450803876041;1450803876108;54;0;false
1450803876169;1450803876243;55;0;false
1450803876307;1450803876509;56;1;false
1450803876571;1450803876638;54;0;false
1450803876700;1450803876904;57;1;false
1450803876966;1450803877033;54;0;false
1450803877094;1450803877167;54;0;false
1450803877229;1450803877296;55;0;false
1450803877359;1450803877426;56;0;false
1450803877487;1450803877560;54;0;false
1450803877620;1450803877680;55;0;false
1450803877741;1450803877803;55;0;false
1450803877865;1450803877921;56;0;false
1450803877983;1450803878040;55;0;false
1450803878101;1450803878163;55;0;false
1450803878224;1450803878281;55;0;false
1450803878342;1450803878520;54;1;false
1450803878582;1450803878639;57;0;false
1450803878700;1450803878762;55;0;false
1450803878822;1450803878879;54;0;false
1450803878941;1450803879123;57;1;false
1450803879185;1450803879364;54;1;false
1450803879426;1450803879485;56;0;false
1450803879546;1450803879607;55;0;false
1450803879668;1450803879845;57;1;false
1450803879906;1450803879969;56;0;false
1450803880030;1450803880087;55;0;false
1450803880149;1450803880211;56;0;false
1450803880272;1450803880459;67;1;false
1450803880520;1450803880701;55;1;false
1450803880765;1450803880828;59;0;false
1450803880890;1450803881064;55;1;false
1450803881124;1450803881186;54;0;false
1450803881248;1450803881305;55;0;false
1450803881369;1450803881430;59;0;false
1450803881491;1450803881547;54;0;false
1450803881609;1450803881791;58;1;false
1450803881851;1450803881908;55;0;false
1450803881971;1450803882033;58;0;false
1450803882097;1450803882154;58;0;false
1450803882215;1450803882271;55;0;false
1450803882332;1450803882393;55;0;false
1450803882455;1450803882512;56;0;false
1450803882573;1450803882635;55;0;false
1450803882694;1450803882751;53;0;false
1450803882812;1450803882869;55;0;false
1450803882929;1450803882991;55;0;false
1450803883054;1450803883110;57;0;false
1450803883173;1450803883238;57;0;false
1450803883299;1450803883356;55;0;false
1450803883418;1450803883475;56;0;false
1450803883534;1450803883597;54;0;false
1450803883656;1450803883713;54;0;false
1450803883774;1450803883836;55;0;false
1450803883897;1450803883953;55;0;false
1450803884014;1450803884070;55;0;false
1450803884131;1450803884312;56;1;false
1450803884372;1450803884434;54;0;false
1450803884495;1450803884685;56;1;false
1450803884747;1450803884820;55;0;false
1450803884882;1450803885087;56;1;false
1450803885148;1450803885215;54;0;false
1450803885277;1450803885343;56;0;false
1450803885405;1450803885478;54;0;false
1450803885539;1450803885869;54;2;false
1450803885933;1450803886000;56;0;false
1450803886063;1450803886136;56;0;false
1450803886197;1450803886263;54;0;false
1450803886324;1450803886397;54;0;false
1450803886459;1450803886526;56;0;false
1450803886587;1450803886654;54;0;false
1450803886716;1450803886789;55;0;false
1450803886851;1450803887054;55;1;false
1450803887115;1450803887182;53;0;false
1450803887243;1450803887310;54;0;false
1450803887371;1450803887444;55;0;false
1450803887508;1450803887574;57;0;false
1450803887637;1450803887711;57;0;false
1450803887772;1450803887839;55;0;false
1450803887902;1450803887969;56;0;false
1450803888029;1450803888102;54;0;false
1450803888164;1450803888230;54;0;false
1450803888292;1450803888494;55;1;false
1450803888556;1450803888623;56;0;false
1450803888685;1450803888758;55;0;false
1450803888820;1450803889153;55;2;false
1450803889215;1450803889281;55;0;false
1450803889343;1450803889417;56;0;false
1450803889478;1450803889680;55;1;false
1450803889741;1450803889936;55;1;false
1450803889998;1450803890071;55;0;false
1450803890133;1450803890334;54;1;false
1450803890395;1450803890462;55;0;false
1450803890524;1450803890727;57;1;false
1450803890791;1450803890857;56;0;false
1450803890919;1450803890992;55;0;false
1450803891058;1450803891124;56;0;false
1450803891186;1450803891253;55;0;false
1450803891314;1450803891387;55;0;false
1450803891450;1450803891516;56;0;false
1450803891583;1450803891656;59;0;false
1450803891718;1450803891784;55;0;false
1450803891845;1450803891913;55;0;false
1450803891975;1450803892048;55;0;false
1450803892110;1450803892311;56;1;false
1450803892373;1450803892568;55;1;false
1450803892631;1450803892704;56;0;false
1450803892766;1450803892832;55;0;false
1450803892896;1450803892969;57;0;false
1450803893032;1450803893102;57;0;false
1450803893163;1450803893492;54;2;false
1450803893553;1450803893626;54;0;false
1450803893687;1450803893753;54;0;false
1450803893815;1450803893882;54;0;false
1450803893943;1450803894016;54;0;false
1450803894077;1450803894144;54;0;false
1450803894206;1450803894407;55;1;false
1450803894469;1450803894535;55;0;false
1450803894597;1450803894671;55;0;false
1450803894734;1450803894801;56;0;false
1450803894877;1450803894950;70;0;false
1450803895013;1450803895212;56;1;false
1450803895273;1450803895346;55;0;false
1450803895409;1450803895476;56;0;false
1450803895538;1450803895611;56;0;false
1450803895673;1450803895739;54;0;false
1450803895801;1450803896164;54;2;false
1450803896230;1450803896314;58;0;false
1450803896379;1450803896456;57;0;false
1450803896519;1450803896595;54;0;false
1450803896657;1450803896741;54;0;false
1450803896804;1450803896881;55;0;false
1450803896946;1450803897031;57;0;false
1450803897096;1450803897176;58;0;false
1450803897238;1450803897314;54;0;false
1450803897377;1450803897600;54;1;false
1450803897662;1450803897886;54;1;false
1450803897949;1450803898026;55;0;false
1450803898089;1450803898168;56;0;false
1450803898232;1450803898433;55;1;false
1450803898495;1450803898562;55;0;false
1450803898626;1450803898693;58;0;false
1450803898754;1450803898827;54;0;false
1450803898899;1450803898965;65;0;false
1450803899026;1450803899099;54;0;false
1450803899162;1450803899231;56;0;false
1450803899296;1450803899362;58;0;false
1450803899423;1450803899496;54;0;false
1450803899557;1450803899623;55;0;false
1450803899686;1450803899759;55;0;false
1450803899821;1450803899887;55;0;false
1450803899948;1450803900015;55;0;false
1450803900078;1450803900151;56;0;false
1450803900213;1450803900412;55;1;false
1450803900479;1450803900546;59;0;false
1450803900608;1450803900675;56;0;false
1450803900740;1450803900813;58;0;false
1450803900875;1450803901077;55;1;false
1450803901138;1450803901204;54;0;false
1450803901266;1450803901335;55;0;false
1450803901398;1450803901471;56;0;false
1450803901533;1450803901599;55;0;false
1450803901660;1450803901733;54;0;false
1450803901795;1450803901862;55;0;false
1450803901923;1450803901991;55;0;false
1450803902051;1450803902124;54;0;false
1450803902186;1450803902252;55;0;false
1450803902313;1450803902387;55;0;false
1450803902448;1450803902515;55;0;false
1450803902576;1450803902643;53;0;false
1450803902705;1450803902778;55;0;false
1450803902840;1450803902907;56;0;false
1450803902969;1450803903304;56;2;false
1450803903365;1450803903439;55;0;false
1450803903500;1450803903567;54;0;false
1450803903630;1450803903703;56;0;false
1450803903765;1450803903831;55;0;false
1450803903893;1450803903960;55;0;false
1450803904022;1450803904232;64;1;false
1450803904293;1450803904495;55;1;false
1450803904558;1450803904625;56;0;false
1450803904688;1450803904761;56;0;false
1450803904823;1450803904901;55;0;false
1450803904963;1450803905047;54;0;false
1450803905109;1450803905185;54;0;false
1450803905247;1450803905326;54;0;false
1450803905391;1450803905615;56;1;false
1450803905677;1450803905761;55;0;false
1450803905824;1450803905901;55;0;false
1450803905963;1450803906040;54;0;false
1450803906102;1450803906186;54;0;false
1450803906249;1450803906315;55;0;false
1450803906378;1450803906451;55;0;false
1450803906512;1450803906579;54;0;false
1450803906640;1450803906707;54;0;false
1450803906769;1450803906842;56;0;false
1450803906904;1450803907105;54;1;false
1450803907167;1450803907234;56;0;false
1450803907296;1450803907501;55;1;false
1450803907561;1450803907624;53;0;false
1450803907686;1450803907755;56;0;false
1450803907818;1450803907886;56;0;false
1450803907949;1450803908013;56;0;false
1450803908075;1450803908144;55;0;false
1450803908211;1450803908276;60;0;false
1450803908338;1450803908410;55;0;false
1450803908472;1450803908539;55;0;false
1450803908601;1450803908668;55;0;false
1450803908732;1450803908804;57;0;false
1450803908866;1450803908932;54;0;false
1450803908996;1450803909069;57;0;false
1450803909140;1450803909338;57;1;false
1450803909418;1450803909491;73;0;false
1450803909554;1450803909621;56;0;false
1450803909695;1450803909768;67;0;false
1450803909828;1450803909892;54;0;false
1450803909954;1450803910023;56;0;false
1450803910085;1450803910169;54;0;false
1450803910232;1450803910309;55;0;false
1450803910371;1450803910456;55;0;false
1450803910519;1450803910738;57;1;false
1450803910800;1450803910885;55;0;false
1450803910947;1450803911025;55;0;false
1450803911088;1450803911173;55;0;false
1450803911235;1450803911312;55;0;false
1450803911374;1450803911451;54;0;false
1450803911515;1450803911599;54;0;false
1450803911662;1450803911739;55;0;false
1450803911802;1450803911886;55;0;false
1450803911950;1450803912028;55;0;false
1450803912091;1450803912168;55;0;false
1450803912230;1450803912314;55;0;false
1450803912377;1450803912454;55;0;false
1450803912517;1450803912740;54;1;false
1450803912802;1450803912879;55;0;false
1450803912942;1450803913027;55;0;false
1450803913090;1450803913306;57;1;false
1450803913367;1450803913433;54;0;false
1450803913496;1450803913827;55;2;false
1450803913888;1450803913961;54;0;false
1450803914023;1450803914090;56;0;false
1450803914151;1450803914217;55;0;false
1450803914279;1450803914352;54;0;false
1450803914417;1450803914485;59;0;false
1450803914547;1450803914620;54;0;false
1450803914682;1450803914749;55;0;false
1450803914811;1450803914878;55;0;false
1450803914940;1450803915014;56;0;false
1450803915078;1450803915145;57;0;false
1450803915208;1450803915280;55;0;false
1450803915342;1450803915409;55;0;false
1450803915473;1450803915676;55;1;false
1450803915739;1450803915806;56;0;false
1450803915867;1450803915941;55;0;false
1450803916007;1450803916072;59;0;false
1450803916136;1450803916466;54;2;false
1450803916528;1450803916601;55;0;false
1450803916664;1450803916730;56;0;false
1450803916792;1450803916860;54;0;false
1450803916921;1450803916993;54;0;false
1450803917057;1450803917119;56;0;false
1450803917179;1450803917252;54;0;false
1450803917316;1450803917383;57;0;false
1450803917444;1450803917510;54;0;false
1450803917572;1450803917645;55;0;false
1450803917709;1450803917774;57;0;false
1450803917836;1450803917907;55;0;false
1450803917968;1450803918034;54;0;false
1450803918102;1450803918166;60;0;false
1450803918233;1450803918304;60;0;false
1450803918365;1450803918432;54;0;false
1450803918497;1450803918570;58;0;false
1450803918632;1450803918698;54;0;false
1450803918759;1450803919099;54;2;false
1450803919179;1450803919247;73;0;false
1450803919310;1450803919377;56;0;false
1450803919439;1450803919506;55;0;false
1450803919569;1450803919646;57;0;false
1450803919706;1450803919773;53;0;false
1450803919835;1450803919908;55;0;false
1450803919971;1450803920038;56;0;false
1450803920099;1450803920166;55;0;false
1450803920227;1450803920300;54;0;false
1450803920361;1450803920564;56;1;false
1450803920625;1450803920691;54;0;false
1450803920755;1450803920957;55;1;false
1450803921019;1450803921085;55;0;false
1450803921147;1450803921220;55;0;false
1450803921283;1450803921350;56;0;false
1450803921412;1450803921479;55;0;false
1450803921541;1450803921615;56;0;false
1450803921680;1450803921747;56;0;false
1450803921808;1450803921880;54;0;false
1450803921941;1450803922006;55;0;false
1450803922067;1450803922132;54;0;false
1450803922193;1450803922266;54;0;false
1450803922327;1450803922394;54;0;false
1450803922455;1450803922528;54;0;false
1450803922594;1450803922661;59;0;false
1450803922722;1450803922787;54;0;false
1450803922851;1450803922923;58;0;false
1450803922984;1450803923048;54;0;false
1450803923111;1450803923182;56;0;false
1450803923249;1450803923313;60;0;false
1450803923375;1450803923440;55;0;false
1450803923501;1450803923579;54;0;false
1450803923643;1450803923722;55;0;false
1450803923784;1450803923869;55;0;false
1450803923932;1450803924009;56;0;false
1450803924072;1450803924149;55;0;false
1450803924213;1450803924296;56;0;false
1450803924360;1450803924436;56;0;false
1450803924500;1450803924584;55;0;false
1450803924646;1450803924723;54;0;false
1450803924785;1450803924860;55;0;false
1450803924922;1450803925006;54;0;false
1450803925069;1450803925141;55;0;false
1450803925203;1450803925276;56;0;false
1450803925337;1450803925403;54;0;false
1450803925466;1450803925532;55;0;false
1450803925596;1450803925670;57;0;false
1450803925732;1450803925800;54;0;false
1450803925864;1450803925937;56;0;false
1450803925998;1450803926195;57;1;false
1450803926256;1450803926329;54;0;false
1450803926390;1450803926457;55;0;false
1450803926519;1450803926592;55;0;false
1450803926655;1450803926722;56;0;false
1450803926785;1450803926853;57;0;false
1450803926915;1450803926988;55;0;false
1450803927050;1450803927251;55;1;false
1450803927312;1450803927506;55;1;false
1450803927571;1450803927644;58;0;false
1450803927708;1450803927911;55;1;false
1450803927972;1450803928039;54;0;false
1450803928101;1450803928168;55;0;false
1450803928231;1450803928304;56;0;false
1450803928365;1450803928432;54;0;false
1450803928496;1450803928568;55;0;false
1450803928630;1450803928696;55;0;false
1450803928758;1450803928825;56;0;false
1450803928888;1450803928961;56;0;false
1450803929021;1450803929088;54;0;false
1450803929151;1450803929224;56;0;false
1450803929287;1450803929354;55;0;false
1450803929415;1450803929482;55;0;false
1450803929546;1450803929619;56;0;false
1450803929681;1450803929751;55;0;false
1450803929815;1450803929888;58;0;false
1450803929949;1450803930016;54;0;false
1450803930078;1450803930145;55;0;false
1450803930206;1450803930280;55;0;false
1450803930343;1450803930409;56;0;false
1450803930472;1450803930544;55;0;false
1450803930606;1450803930673;55;0;false
1450803930736;1450803930803;56;0;false
1450803930865;1450803930938;55;0;false
1450803931001;1450803931068;56;0;false
1450803931128;1450803931201;54;0;false
1450803931263;1450803931329;55;0;false
1450803931391;1450803931458;55;0;false
1450803931520;1450803931593;55;0;false
1450803931660;1450803931729;60;0;false
1450803931791;1450803931864;55;0;false
1450803931928;1450803931995;57;0;false
1450803932055;1450803932257;56;1;false
1450803932319;1450803932377;56;0;false
1450803932437;1450803932500;55;0;false
1450803932560;1450803932617;55;0;false
1450803932683;1450803932740;60;0;false
1450803932801;1450803932863;55;0;false
1450803932923;1450803932980;55;0;false
1450803933042;1450803933220;55;1;false
1450803933280;1450803933337;54;0;false
1450803933398;1450803933578;55;1;false
1450803933638;1450803933702;54;0;false
1450803933764;1450803933821;56;0;false
1450803933881;1450803933938;55;0;false
1450803934000;1450803934062;56;0;false
1450803934124;1450803934180;56;0;false
1450803934241;1450803934303;54;0;false
1450803934364;1450803934421;56;0;false
1450803934481;1450803934538;54;0;false
1450803934598;1450803934660;54;0;false
1450803934722;1450803934902;56;1;false
1450803934962;1450803935019;54;0;false
1450803935080;1450803935136;55;0;false
1450803935197;1450803935259;55;0;false
1450803935320;1450803935377;55;0;false
1450803935441;1450803935507;58;0;false
1450803935567;1450803935624;55;0;false
1450803935685;1450803935741;55;0;false
1450803935804;1450803935865;57;0;false
1450803935926;1450803936105;55;1;false
1450803936166;1450803936340;55;1;false
1450803936401;1450803936463;55;0;false
1450803936525;1450803936582;56;0;false
1450803936645;1450803936707;57;0;false
1450803936769;1450803936826;56;0;false
1450803936888;1450803937068;55;1;false
1450803937131;1450803937188;58;0;false
1450803937250;1450803937314;56;0;false
1450803937375;1450803937430;55;0;false
1450803937493;1450803937669;56;1;false
1450803937731;1450803937787;56;0;false
1450803937848;1450803937910;56;0;false
1450803937972;1450803938147;55;1;false
1450803938210;1450803938268;58;0;false
1450803938327;1450803938504;58;1;false
1450803938565;1450803938620;56;0;false
1450803938680;1450803938735;55;0;false
1450803938794;1450803938855;53;0;false
1450803938914;1450803938970;53;0;false
1450803939030;1450803939094;55;0;false
1450803939154;1450803939327;56;1;false
1450803939390;1450803939568;53;1;false
1450803939630;1450803939692;56;0;false
1450803939755;1450803939812;58;0;false
1450803939873;1450803940086;56;1;false
1450803940149;1450803940225;55;0;false
1450803940287;1450803940371;54;0;false
1450803940434;1450803940511;56;0;false
1450803940573;1450803940650;54;0;false
1450803940713;1450803940797;55;0;false
1450803940860;1450803940937;55;0;false
1450803940999;1450803941083;54;0;false
1450803941148;1450803941225;54;0;false
1450803941287;1450803941363;54;0;false
1450803941425;1450803941508;54;0;false
1450803941572;1450803941649;56;0;false
1450803941712;1450803941937;56;1;false
1450803942002;1450803942225;56;1;false
1450803942287;1450803942364;55;0;false
1450803942428;1450803942633;56;1;false
1450803942695;1450803942763;56;0;false
1450803942824;1450803942897;54;0;false
1450803942958;1450803943025;55;0;false
1450803943091;1450803943164;59;0;false
1450803943228;1450803943297;57;0;false
1450803943358;1450803943425;55;0;false
1450803943487;1450803943560;55;0;false
1450803943623;1450803943690;55;0;false
1450803943756;1450803943829;59;0;false
1450803943891;1450803943958;55;0;false
1450803944019;1450803944086;55;0;false
1450803944151;1450803944352;54;1;false
1450803944413;1450803944618;55;1;false
1450803944680;1450803944905;55;1;false
1450803944966;1450803945191;56;1;false
1450803945254;1450803945333;55;0;false
1450803945396;1450803945473;55;0;false
1450803945536;1450803945621;55;0;false
1450803945686;1450803945909;53;1;false
1450803945973;1450803946189;54;1;false
1450803946252;1450803946478;56;1;false
1450803946541;1450803946625;55;0;false
1450803946689;1450803946766;56;0;false
1450803946829;1450803946906;55;0;false
1450803946969;1450803947053;55;0;false
1450803947116;1450803947193;55;0;false
1450803947257;1450803947483;56;1;false
1450803947548;1450803947625;56;0;false
1450803947687;1450803947772;54;0;false
1450803947838;1450803947914;58;0;false
1450803947978;1450803948062;57;0;false
1450803948126;1450803948203;57;0;false
1450803948266;1450803948342;55;0;false
1450803948404;1450803948488;54;0;false
1450803948551;1450803948628;54;0;false
1450803948690;1450803948774;54;0;false
1450803948836;1450803948913;55;0;false
1450803948977;1450803949190;54;1;false
1450803949250;1450803949306;54;0;false
1450803949367;1450803949429;54;0;false
1450803949489;1450803949667;55;1;false
1450803949728;1450803949791;56;0;false
1450803949851;1450803950030;56;1;false
1450803950091;1450803950148;54;0;false
1450803950209;1450803950266;56;0;false
1450803950327;1450803950505;55;1;false
1450803950566;1450803950744;54;1;false
1450803950804;1450803950861;55;0;false
1450803950922;1450803951099;55;1;false
1450803951161;1450803951339;54;1;false
1450803951400;1450803951459;54;0;false
1450803951522;1450803951583;57;0;false
1450803951643;1450803951823;56;1;false
1450803951884;1450803951941;55;0;false
1450803952002;1450803952059;55;0;false
1450803952119;1450803952181;55;0;false
1450803952243;1450803952300;56;0;false
1450803952360;1450803952423;55;0;false
1450803952483;1450803952540;54;0;false
1450803952601;1450803952658;55;0;false
1450803952719;1450803952781;55;0;false
1450803952842;1450803952899;56;0;false
1450803952960;1450803953140;55;1;false
1450803953200;1450803953381;54;1;false
1450803953442;1450803953499;55;0;false
1450803953560;1450803953623;55;0;false
1450803953684;1450803953740;55;0;false
1450803953800;1450803953857;55;0;false
1450803953918;1450803953979;55;0;false
1450803954039;1450803954095;53;0;false
1450803954155;1450803954218;55;0;false
1450803954281;1450803954338;58;0;false
1450803954399;1450803954456;55;0;false
1450803954516;1450803954579;55;0;false
1450803954643;1450803954700;58;0;false
1450803954761;1450803954823;55;0;false
1450803954882;1450803954939;54;0;false
1450803955004;1450803955063;59;0;false
1450803955124;1450803955186;55;0;false
1450803955247;1450803955304;56;0;false
1450803955365;1450803955427;55;0;false
1450803955488;1450803955546;55;0;false
1450803955606;1450803955786;55;1;false
1450803955847;1450803955903;55;0;false
1450803955964;1450803956145;55;1;false
1450803956204;1450803956261;54;0;false
1450803956322;1450803956623;55;2;false
1450803956685;1450803956863;56;1;false
1450803956923;1450803956985;54;0;false
1450803957049;1450803957106;58;0;false
1450803957167;1450803957229;56;0;false
1450803957293;1450803957349;58;0;false
1450803957408;1450803957465;54;0;false
1450803957525;1450803957587;54;0;false
1450803957649;1450803957706;56;0;false
1450803957768;1450803958067;55;2;false
1450803958129;1450803958191;56;0;false
1450803958253;1450803958309;56;0;false
1450803958370;1450803958432;54;0;false
1450803958492;1450803958549;54;0;false
1450803958610;1450803958669;55;0;false
1450803958732;1450803958816;55;0;false
1450803958879;1450803958956;56;0;false
1450803959018;1450803959102;54;0;false
1450803959164;1450803959241;54;0;false
1450803959304;1450803959380;55;0;false
1450803959442;1450803959525;54;0;false
1450803959627;1450803959704;94;0;false
1450803959767;1450803959851;56;0;false
1450803959914;1450803959990;56;0;false
1450803960157;1450803960233;160;0;false
1450803960295;1450803960377;55;0;false
1450803960476;1450803960552;91;0;false
1450803960616;1450803960700;55;0;false
1450803960803;1450803960879;96;0;false
1450803960941;1450803961017;54;0;false
1450803961123;1450803961208;99;0;false
1450803961389;1450803961465;172;0;false
1450803961530;1450803961614;57;0;false
1450803961709;1450803961785;88;0;false
1450803961849;1450803961925;56;0;false
1450803961987;1450803962213;58;1;false
1450803962276;1450803962359;55;0;false
1450803962422;1450803962497;55;0;false
1450803962559;1450803962636;53;0;false
1450803962698;1450803962781;54;0;false
1450803962843;1450803962920;54;0;false
1450803962982;1450803963066;55;0;false
1450803963129;1450803963343;54;1;false
1450803963408;1450803963495;56;0;false
1450803963557;1450803963781;57;1;false
1450803963843;1450803963919;54;0;false
1450803963982;1450803964059;55;0;false
1450803964121;1450803964344;54;1;false
1450803964410;1450803964774;56;2;false
1450803964837;1450803964922;55;0;false
1450803964984;1450803965061;54;0;false
1450803965124;1450803965208;55;0;false
1450803965270;1450803965927;55;4;false
1450803965989;1450803966066;55;0;false
1450803966129;1450803966359;56;1;false
1450803966422;1450803966499;56;0;false
1450803966563;1450803966647;56;0;false
1450803966711;1450803966788;56;0;false
1450803966849;1450803966926;54;0;false
1450803966987;1450803967060;54;0;false
1450803967122;1450803967579;55;3;false
1450803967641;1450803967716;55;0;false
1450803967778;1450803967979;55;1;false
1450803968040;1450803968236;55;1;false
1450803968300;1450803968373;57;0;false
1450803968435;1450803968638;57;1;false
1450803968700;1450803968766;55;0;false
1450803968829;1450803968895;56;0;false
1450803968956;1450803969029;55;0;false
1450803969090;1450803969157;54;0;false
1450803969219;1450803969292;55;0;false
1450803969357;1450803969424;58;0;false
1450803969488;1450803969555;57;0;false
1450803969616;1450803969819;54;1;false
1450803969881;1450803969965;54;0;false
1450803970027;1450803970104;55;0;false
1450803970166;1450803970243;55;0;false
1450803970306;1450803970391;56;0;false
1450803970453;1450803970531;55;0;false
1450803970595;1450803970679;56;0;false
1450803970742;1450803970819;54;0;false
1450803970883;1450803970960;56;0;false
1450803971024;1450803971108;56;0;false
1450803971170;1450803971247;54;0;false
1450803971311;1450803971395;55;0;false
1450803971462;1450803971539;58;0;false
1450803971610;1450803971687;63;0;false
1450803971752;1450803971836;57;0;false
1450803971902;1450803971982;59;0;false
1450803972045;1450803972129;55;0;false
1450803972193;1450803972270;57;0;false
1450803972334;1450803972411;55;0;false
1450803972473;1450803972557;55;0;false
1450803972621;1450803972698;56;0;false
1450803972761;1450803972845;55;0;false
1450803972906;1450803972983;53;0;false
1450803973045;1450803973121;55;0;false
1450803973185;1450803973416;61;1;false
1450803973478;1450803973562;54;0;false
1450803973624;1450803973701;54;0;false
1450803973763;1450803973840;54;0;false
1450803973901;1450803973985;53;0;false
1450803974047;1450803974127;54;0;false
1450803974192;1450803974277;57;0;false
1450803974342;1450803974419;57;0;false
1450803974481;1450803974558;55;0;false
1450803974620;1450803974705;55;0;false
1450803974771;1450803974848;58;0;false
1450803974910;1450803975134;56;1;false
1450803975197;1450803975274;55;0;false
1450803975337;1450803975567;62;1;false
1450803975632;1450803975716;57;0;false
1450803975780;1450803975856;56;0;false
1450803975921;1450803975998;58;0;false
1450803976064;1450803976148;58;0;false
1450803976213;1450803976293;57;0;false
1450803976356;1450803976440;55;0;false
1450803976506;1450803976722;54;1;false
1450803976802;1450803976983;57;1;false
1450803977045;1450803977105;56;0;false
1450803977173;1450803977229;62;0;false
1450803977289;1450803977346;55;0;false
1450803977407;1450803977468;55;0;false
1450803977531;1450803977588;56;0;false
1450803977649;1450803977711;55;0;false
1450803977772;1450803977828;55;0;false
1450803977889;1450803977946;54;0;false
1450803978007;1450803978316;59;2;false
1450803978377;1450803978434;55;0;false
1450803978496;1450803978553;57;0;false
1450803978615;1450803978677;56;0;false
1450803978739;1450803978796;56;0;false
1450803978860;1450803978922;58;0;false
1450803978982;1450803979039;55;0;false
1450803979102;1450803979159;58;0;false
1450803979221;1450803979283;56;0;false
1450803979343;1450803979400;54;0;false
1450803979460;1450803979523;55;0;false
1450803979584;1450803979641;55;0;false
1450803979701;1450803979758;54;0;false
1450803979819;1450803979999;56;1;false
1450803980062;1450803980124;54;0;false
1450803980185;1450803980242;55;0;false
1450803980303;1450803980359;55;0;false
1450803980420;1450803980482;55;0;false
1450803980545;1450803980602;57;0;false
1450803980665;1450803980845;55;1;false
1450803980906;1450803980962;55;0;false
1450803981024;1450803981085;55;0;false
1450803981146;1450803981203;55;0;false
1450803981267;1450803981446;55;1;false
1450803981506;1450803981563;54;0;false
1450803981624;1450803981686;55;0;false
1450803981746;1450803981803;54;0;false
1450803981863;1450803982045;54;1;false
1450803982106;1450803982160;56;0;false
1450803982220;1450803982279;54;0;false
1450803982341;1450803982665;59;2;false
1450803982727;1450803982793;55;0;false
1450803982857;1450803982930;57;0;false
1450803982992;1450803983059;55;0;false
1450803983120;1450803983314;54;1;false
1450803983375;1450803983440;55;0;false
1450803983501;1450803983574;55;0;false
1450803983638;1450803983842;56;1;false
1450803983904;1450803983971;54;0;false
1450803984032;1450803984099;55;0;false
1450803984166;1450803984239;61;0;false
1450803984300;1450803984367;55;0;false
1450803984428;1450803984501;54;0;false
1450803984563;1450803984629;55;0;false
1450803984690;1450803984757;55;0;false
1450803984818;1450803984880;56;0;false
1450803984941;1450803984998;55;0;false
1450803985060;1450803985120;56;0;false
1450803985180;1450803985235;54;0;false
1450803985298;1450803985479;56;1;false
1450803985539;1450803985596;54;0;false
1450803985657;1450803985721;56;0;false
1450803985781;1450803985837;55;0;false
1450803985899;1450803986077;55;1;false
1450803986138;1450803986316;55;1;false
1450803986377;1450803986434;55;0;false
1450803986494;1450803986551;54;0;false
1450803986616;1450803986678;59;0;false
1450803986739;1450803986796;55;0;false
1450803986855;1450803986917;53;0;false
1450803986980;1450803987046;56;0;false
1450803987109;1450803987176;57;0;false
1450803987236;1450803987309;53;0;false
1450803987373;1450803987439;57;0;false
1450803987501;1450803987576;55;0;false
1450803987641;1450803987707;58;0;false
1450803987767;1450803987834;53;0;false
1450803987894;1450803987967;53;0;false
1450803988029;1450803988095;55;0;false
1450803988160;1450803988234;58;0;false
1450803988296;1450803988363;56;0;false
1450803988423;1450803988626;55;1;false
1450803988690;1450803988757;58;0;false
1450803988819;1450803989020;55;1;false
1450803989082;1450803989146;56;0;false
1450803989209;1450803989282;57;0;false
1450803989343;1450803989410;55;0;false
1450803989471;1450803989544;54;0;false
1450803989608;1450803989675;55;0;false
1450803989736;1450803989803;55;0;false
1450803989865;1450803989938;55;0;false
1450803990002;1450803990069;57;0;false
1450803990131;1450803990205;56;0;false
1450803990266;1450803990332;55;0;false
1450803990395;1450803990461;56;0;false
1450803990522;1450803990595;54;0;false
1450803990657;1450803990724;55;0;false
1450803990791;1450803990991;54;1;false
1450803991053;1450803991254;55;1;false
1450803991317;1450803991384;56;0;false
1450803991446;1450803991520;56;0;false
1450803991580;1450803991650;53;0;false
1450803991712;1450803991779;56;0;false
1450803991842;1450803991914;56;0;false
1450803991976;1450803992043;54;0;false
1450803992105;1450803992178;55;0;false
1450803992241;1450803992308;56;0;false
1450803992369;1450803992436;55;0;false
1450803992497;1450803992570;55;0;false
1450803992633;1450803992700;55;0;false
1450803992760;1450803992833;54;0;false
1450803992896;1450803992962;55;0;false
1450803993024;1450803993091;56;0;false
1450803993152;1450803993356;57;1;false
1450803993417;1450803993490;55;0;false
1450803993553;1450803993621;55;0;false
1450803993684;1450803993887;56;1;false
1450803993948;1450803994014;54;0;false
1450803994077;1450803994277;54;1;false
1450803994338;1450803994404;54;0;false
1450803994465;1450803994539;54;0;false
1450803994602;1450803994804;55;1;false
1450803994866;1450803994932;55;0;false
1450803994992;1450803995059;54;0;false
1450803995121;1450803995194;56;0;false
1450803995255;1450803995322;55;0;false
1450803995383;1450803995588;55;1;false
1450803995651;1450803995717;56;0;false
1450803995779;1450803995852;55;0;false
1450803995917;1450803995983;58;0;false
1450803996046;1450803996119;55;0;false
1450803996181;1450803996248;55;0;false
1450803996311;1450803996369;56;0;false
1450803996430;1450803996492;55;0;false
1450803996552;1450803996732;55;1;false
1450803996792;1450803996849;55;0;false
1450803996910;1450803996967;55;0;false
1450803997026;1450803997088;54;0;false
1450803997148;1450803997328;56;1;false
1450803997388;1450803997447;54;0;false
1450803997509;1450803997565;56;0;false
1450803997625;1450803997687;53;0;false
1450803997749;1450803997806;57;0;false
1450803997866;1450803997928;55;0;false
1450803997989;1450803998045;55;0;false
1450803998106;1450803998163;56;0;false
1450803998224;1450803998286;55;0;false
1450803998347;1450803998403;55;0;false
1450803998465;1450803998527;57;0;false
1450803998590;1450803998646;57;0;false
1450803998708;1450803998765;55;0;false
1450803998824;1450803998887;53;0;false
1450803998948;1450803999005;56;0;false
1450803999066;1450803999246;56;1;false
1450803999310;1450803999366;55;0;false
1450803999429;1450803999491;56;0;false
1450803999551;1450803999608;54;0;false
1450803999667;1450803999729;54;0;false
1450803999788;1450803999845;54;0;false
1450803999929;1450803999986;78;0;false
1450804000048;1450804000110;56;0;false
1450804000169;1450804000351;58;1;false
1450804000411;1450804000468;55;0;false
1450804000528;1450804000585;54;0;false
1450804000647;1450804000709;57;0;false
1450804000777;1450804000833;61;0;false
1450804000893;1450804000956;54;0;false
1450804001016;1450804001072;54;0;false
1450804001133;1450804001193;55;0;false
1450804001253;1450804001326;54;0;false
1450804001386;1450804001453;54;0;false
1450804001514;1450804001587;54;0;false
1450804001650;1450804001716;56;0;false
1450804001780;1450804001847;56;0;false
1450804001908;1450804001981;54;0;false
1450804002043;1450804002110;56;0;false
1450804002171;1450804002244;54;0;false
1450804002306;1450804002372;55;0;false
1450804002435;1450804002636;54;1;false
1450804002697;1450804002764;55;0;false
1450804002825;1450804002898;54;0;false
1450804002960;1450804003026;55;0;false
1450804003088;1450804003157;55;0;false
1450804003219;1450804003292;55;0;false
1450804003354;1450804003421;55;0;false
1450804003483;1450804003556;55;0;false
1450804003618;1450804003684;55;0;false
1450804003746;1450804003813;55;0;false
1450804003874;1450804003948;54;0;false
1450804004010;1450804004211;55;1;false
1450804004273;1450804004339;55;0;false
1450804004400;1450804004467;54;0;false
1450804004527;1450804004864;54;2;false
1450804004926;1450804004993;56;0;false
1450804005055;1450804005124;54;0;false
1450804005185;1450804005259;55;0;false
1450804005320;1450804005524;58;1;false
1450804005586;1450804005653;55;0;false
1450804005714;1450804005781;55;0;false
1450804005843;1450804005916;55;0;false
1450804005977;1450804006179;56;1;false
1450804006241;1450804006308;55;0;false
1450804006370;1450804006437;55;0;false
1450804006500;1450804006573;56;0;false
1450804006633;1450804006700;53;0;false
1450804006761;1450804006963;56;1;false
1450804007024;1450804007093;54;0;false
1450804007155;1450804007228;55;0;false
1450804007291;1450804007357;55;0;false
1450804007419;1450804007492;55;0;false
1450804007553;1450804007620;54;0;false
1450804007682;1450804007749;55;0;false
1450804007810;1450804007883;55;0;false
1450804007945;1450804008146;54;1;false
1450804008220;1450804008290;68;0;false
1450804008352;1450804008575;54;1;false
1450804008639;1450804008864;56;1;false
1450804008927;1450804009003;55;0;false
1450804009068;1450804009144;57;0;false
1450804009210;1450804009294;56;0;false
1450804009356;1450804009433;54;0;false
1450804009497;1450804009581;55;0;false
1450804009643;1450804009721;54;0;false
1450804009787;1450804009864;58;0;false
1450804009927;1450804010011;55;0;false
1450804010073;1450804010150;54;0;false
1450804010212;1450804010297;55;0;false
1450804010359;1450804010436;54;0;false
1450804010501;1450804010578;57;0;false
1450804010641;1450804010865;54;1;false
1450804010927;1450804011012;55;0;false
1450804011074;1450804011151;54;0;false
1450804011214;1450804011291;55;0;false
1450804011354;1450804011441;55;0;false
1450804011504;1450804011581;56;0;false
1450804011644;1450804011866;54;1;false
1450804011928;1450804012005;55;0;false
1450804012067;1450804012151;54;0;false
1450804012212;1450804012289;54;0;false
1450804012354;1450804012438;57;0;false
1450804012500;1450804012577;55;0;false
1450804012640;1450804012717;54;0;false
1450804012780;1450804012865;55;0;false
1450804012927;1450804013004;54;0;false
1450804013066;1450804013150;54;0;false
1450804013213;1450804013290;55;0;false
1450804013352;1450804013429;54;0;false
1450804013492;1450804013579;55;0;false
1450804013641;1450804013867;56;1;false
1450804013929;1450804014294;56;2;false
1450804014360;1450804014437;59;0;false
1450804014500;1450804014584;54;0;false
1450804014650;1450804014866;54;1;false
1450804014928;1450804015013;55;0;false
1450804015075;1450804015151;54;0;false
1450804015217;1450804015301;57;0;false
1450804015363;1450804015440;54;0;false
1450804015503;1450804015580;55;0;false
1450804015643;1450804015729;55;0;false
1450804015792;1450804015869;55;0;false
1450804015934;1450804016017;57;0;false
1450804016084;1450804016161;59;0;false
1450804016224;1450804016420;54;1;false
1450804016481;1450804016537;55;0;false
1450804016600;1450804016662;57;0;false
1450804016725;1450804017140;55;3;false
1450804017200;1450804017381;56;1;false
1450804017444;1450804017501;57;0;false
1450804017560;1450804017625;54;0;false
1450804017688;1450804017744;57;0;false
1450804017805;1450804017867;55;0;false
1450804017928;1450804017984;55;0;false
1450804018045;1450804018101;55;0;false
1450804018161;1450804018223;55;0;false
1450804018296;1450804018477;56;1;false
1450804018540;1450804018596;57;0;false
1450804018657;1450804018714;55;0;false
1450804018776;1450804018838;56;0;false
1450804018901;1450804019081;56;1;false
1450804019140;1450804019197;54;0;false
1450804019258;1450804019315;56;0;false
1450804019375;1450804019436;54;0;false
1450804019497;1450804019557;55;0;false
1450804019617;1450804019680;54;0;false
1450804019739;1450804019796;54;0;false
1450804019856;1450804020037;56;1;false
1450804020097;1450804020154;54;0;false
1450804020213;1450804020392;54;1;false
1450804020453;1450804020510;55;0;false
1450804020571;1450804020633;55;0;false
1450804020694;1450804020751;55;0;false
1450804020812;1450804020875;56;0;false
1450804020936;1450804021110;55;1;false
1450804021171;1450804021233;55;0;false
1450804021296;1450804021354;57;0;false
1450804021414;1450804021477;55;0;false
1450804021538;1450804021595;55;0;false
1450804021656;1450804021835;54;1;false
1450804021896;1450804021953;56;0;false
1450804022014;1450804022076;56;0;false
1450804022139;1450804022314;57;1;false
1450804022376;1450804022437;56;0;false
1450804022498;1450804022555;55;0;false
1450804022622;1450804022684;62;0;false
1450804022746;1450804022803;55;0;false
1450804022862;1450804022919;53;0;false
1450804022986;1450804023048;61;0;false
1450804023109;1450804023169;55;0;false
1450804023228;1450804023290;54;0;false
1450804023352;1450804023409;56;0;false
1450804023469;1450804023526;55;0;false
1450804023604;1450804023666;72;0;false
1450804023729;1450804024143;57;3;false
1450804024204;1450804024266;55;0;false
1450804024329;1450804024385;57;0;false
1450804024445;1450804024508;55;0;false
1450804024577;1450804024633;63;0;false
1450804024694;1450804024750;55;0;false
1450804024813;1450804025117;55;2;false
1450804025178;1450804025234;55;0;false
1450804025295;1450804025351;55;0;false
1450804025412;1450804025474;55;0;false
1450804025535;1450804025592;56;0;false
1450804025662;1450804025725;65;0;false
1450804025786;1450804025978;72;1;false
1450804026039;1450804026351;55;2;false
1450804026412;1450804026587;57;1;false
1450804026648;1450804026711;56;0;false
1450804026772;1450804026828;55;0;false
1450804026891;1450804026953;57;0;false
1450804027013;1450804027067;54;0;false
1450804027128;1450804027184;55;0;false
1450804027244;1450804027306;54;0;false
1450804027367;1450804027423;55;0;false
1450804027483;1450804027544;54;0;false
1450804027604;1450804027779;55;1;false
1450804027840;1450804027902;55;0;false
1450804027962;1450804028019;54;0;false
1450804028078;1450804028141;54;0;false
1450804028203;1450804028260;56;0;false
1450804028328;1450804028383;62;0;false
1450804028446;1450804028508;57;0;false
1450804028571;1450804028627;57;0;false
1450804028689;1450804028754;56;0;false
1450804028817;1450804028886;57;0;false
1450804028949;1450804029025;55;0;false
1450804029089;1450804029173;55;0;false
1450804029236;1450804029313;55;0;false
1450804029377;1450804029462;57;0;false
1450804029524;1450804029601;54;0;false
1450804029664;1450804029741;55;0;false
1450804029805;1450804029890;57;0;false
1450804029952;1450804030029;54;0;false
1450804030090;1450804030172;54;0;false
1450804030235;1450804030301;56;0;false
1450804030364;1450804030431;56;0;false
1450804030492;1450804030566;55;0;false
1450804030630;1450804030697;57;0;false
1450804030760;1450804030836;56;0;false
1450804030897;1450804030964;55;0;false
1450804031024;1450804031091;54;0;false
1450804031152;1450804031225;55;0;false
1450804031288;1450804031354;56;0;false
1450804031415;1450804031488;54;0;false
1450804031551;1450804031618;55;0;false
1450804031680;1450804031746;55;0;false
1450804031809;1450804032011;55;1;false
1450804032075;1450804032148;57;0;false
1450804032210;1450804032276;55;0;false
1450804032338;1450804032540;57;1;false
1450804032601;1450804032669;55;0;false
1450804032729;1450804032934;56;1;false
1450804032996;1450804033063;55;0;false
1450804033125;1450804033198;55;0;false
1450804033260;1450804033326;55;0;false
1450804033388;1450804033462;56;0;false
1450804033525;1450804033592;56;0;false
1450804033653;1450804033720;54;0;false
1450804033782;1450804033855;55;0;false
1450804033916;1450804033983;54;0;false
1450804034044;1450804034245;54;1;false
1450804034307;1450804034374;55;0;false
1450804034435;1450804034507;54;0;false
1450804034570;1450804034752;55;1;false
1450804034814;1450804034870;56;0;false
1450804034931;1450804034987;55;0;false
1450804035049;1450804035112;57;0;false
1450804035174;1450804035231;56;0;false
1450804035294;1450804035356;57;0;false
1450804035416;1450804035591;55;1;false
1450804035651;1450804035713;54;0;false
1450804035774;1450804035831;55;0;false
1450804035892;1450804036071;55;1;false
1450804036133;1450804036190;56;0;false
1450804036250;1450804036312;54;0;false
1450804036374;1450804036431;56;0;false
1450804036493;1450804036557;56;0;false
1450804036617;1450804036682;54;0;false
1450804036746;1450804036823;55;0;false
1450804036886;1450804036970;55;0;false
1450804037032;1450804037255;54;1;false
1450804037318;1450804037535;55;1;false
1450804037600;1450804037969;55;2;false
1450804038032;1450804038109;56;0;false
1450804038171;1450804038395;55;1;false
1450804038457;1450804038681;55;1;false
1450804038744;1450804038824;55;0;false
1450804038888;1450804038965;57;0;false
1450804039028;1450804039111;55;0;false
1450804039175;1450804039252;56;0;false
1450804039314;1450804039399;54;0;false
1450804039461;1450804039678;55;1;false
1450804039741;1450804039966;56;1;false
1450804040031;1450804040115;58;0;false
1450804040177;1450804040254;54;0;false
1450804040316;1450804040393;54;0;false
1450804040456;1450804040540;55;0;false
1450804040604;1450804040829;56;1;false
1450804040891;1450804041110;55;1;false
1450804041174;1450804041258;56;0;false
1450804041320;1450804041397;55;0;false
1450804041460;1450804041670;56;1;false
1450804041733;1450804041800;55;0;false
1450804041862;1450804041935;55;0;false
1450804041997;1450804042197;54;1;false
1450804042263;1450804042330;59;0;false
1450804042392;1450804042459;55;0;false
1450804042519;1450804042592;53;0;false
1450804042654;1450804042857;56;1;false
1450804042920;1450804042989;56;0;false
1450804043051;1450804043118;56;0;false
1450804043180;1450804043254;56;0;false
1450804043317;1450804043384;56;0;false
1450804043447;1450804043649;56;1;false
1450804043711;1450804043777;55;0;false
1450804043838;1450804043911;54;0;false
1450804043973;1450804044040;55;0;false
1450804044103;1450804044176;56;0;false
1450804044238;1450804044305;56;0;false
1450804044366;1450804044433;54;0;false
1450804044495;1450804044567;55;0;false
1450804044629;1450804044695;55;0;false
1450804044756;1450804044830;55;0;false
1450804044892;1450804044961;55;0;false
1450804045023;1450804045225;55;1;false
1450804045286;1450804045352;54;0;false
1450804045416;1450804045490;58;0;false
1450804045552;1450804045619;55;0;false
1450804045687;1450804045753;61;0;false
1450804045816;1450804045889;56;0;false
1450804045951;1450804046017;55;0;false
1450804046081;1450804046155;58;0;false
1450804046216;1450804046283;55;0;false
1450804046344;1450804046546;56;1;false
1450804046608;1450804046675;55;0;false
1450804046736;1450804046809;54;0;false
1450804046870;1450804046937;54;0;false
1450804047001;1450804047068;55;0;false
1450804047129;1450804047202;54;0;false
1450804047267;1450804047334;58;0;false
1450804047396;1450804047469;55;0;false
1450804047530;1450804047597;55;0;false
1450804047658;1450804047725;54;0;false
1450804047785;1450804047858;54;0;false
1450804047920;1450804047987;55;0;false
1450804048049;1450804048123;55;0;false
1450804048184;1450804048379;55;1;false
1450804048441;1450804048514;55;0;false
1450804048576;1450804048643;55;0;false
1450804048704;1450804048766;54;0;false
1450804048828;1450804048885;56;0;false
1450804048945;1450804049003;54;0;false
1450804049063;1450804049125;55;0;false
1450804049185;1450804049241;54;0;false
1450804049301;1450804049363;54;0;false
1450804049424;1450804049481;55;0;false
1450804049540;1450804049597;53;0;false
1450804049658;1450804049720;55;0;false
1450804049782;1450804049839;56;0;false
1450804049900;1450804049962;55;0;false
1450804050023;1450804050079;55;0;false
1450804050140;1450804050197;55;0;false
1450804050257;1450804050318;54;0;false
1450804050379;1450804050562;58;1;false
1450804050622;1450804050679;54;0;false
1450804050757;1450804050816;72;0;false
1450804050877;1450804050939;55;0;false
1450804051000;1450804051057;55;0;false
1450804051119;1450804051192;56;0;false
1450804051256;1450804051322;57;0;false
1450804051383;1450804051450;54;0;false
1450804051515;1450804051588;58;0;false
1450804051650;1450804051716;55;0;false
1450804051777;1450804051850;54;0;false
1450804051910;1450804051977;53;0;false
1450804052040;1450804052106;56;0;false
1450804052168;1450804052241;56;0;false
1450804052304;1450804052371;56;0;false
1450804052435;1450804052508;57;0;false
1450804052570;1450804052637;55;0;false
1450804052699;1450804052903;55;1;false
1450804052965;1450804053032;55;0;false
1450804053094;1450804053167;55;0;false
1450804053228;1450804053295;55;0;false
1450804053357;1450804053688;56;2;false
1450804053749;1450804053822;54;0;false
1450804053885;1450804054080;55;1;false
1450804054141;1450804054213;54;0;false
1450804054275;1450804054341;54;0;false
1450804054402;1450804054476;55;0;false
1450804054538;1450804054605;55;0;false
1450804054667;1450804054737;56;0;false
1450804054799;1450804054872;55;0;false
1450804054934;1450804055000;55;0;false
1450804055062;1450804055135;55;0;false
1450804055197;1450804055264;55;0;false
1450804055325;1450804055392;55;0;false
1450804055454;1450804055527;55;0;false
1450804055589;1450804055800;64;1;false
1450804055865;1450804055932;59;0;false
1450804055994;1450804056060;55;0;false
1450804056122;1450804056195;55;0;false
1450804056255;1450804056322;54;0;false
1450804056384;1450804056587;55;1;false
1450804056648;1450804056715;54;0;false
1450804056778;1450804056980;55;1;false
1450804057043;1450804057116;56;0;false
1450804057177;1450804057244;54;0;false
1450804057306;1450804057373;55;0;false
1450804057435;1450804057509;55;0;false
1450804057571;1450804057638;55;0;false
1450804057700;1450804057773;55;0;false
1450804057834;1450804057901;54;0;false
1450804057965;1450804058032;57;0;false
1450804058096;1450804058170;57;0;false
1450804058231;1450804058298;54;0;false
1450804058359;1450804058561;55;1;false
1450804058622;1450804058689;55;0;false
1450804058751;1450804058827;55;0;false
1450804058890;1450804058957;56;0;false
1450804059018;1450804059092;55;0;false
1450804059154;1450804059221;56;0;false
1450804059283;1450804059349;55;0;false
1450804059410;1450804059760;56;2;false
1450804059822;1450804059889;55;0;false
1450804059950;1450804060017;54;0;false
1450804060079;1450804060152;55;0;false
1450804060213;1450804060280;54;0;false
1450804060343;1450804060416;56;0;false
1450804060477;1450804060544;54;0;false
1450804060605;1450804060672;55;0;false
1450804060736;1450804060812;57;0;false
1450804060873;1450804061072;54;1;false
1450804061134;1450804061201;56;0;false
1450804061261;1450804061328;54;0;false
1450804061390;1450804061463;56;0;false
1450804061525;1450804061591;54;0;false
1450804061652;1450804061726;55;0;false
1450804061788;1450804061855;55;0;false
1450804061919;1450804061986;57;0;false
1450804062047;1450804062120;54;0;false
1450804062181;1450804062247;55;0;false
1450804062310;1450804062511;55;1;false
1450804062573;1450804062640;55;0;false
1450804062701;1450804062777;54;0;false
1450804062838;1450804062905;54;0;false
1450804062966;1450804063039;54;0;false
1450804063100;1450804063295;55;1;false
1450804063358;1450804063431;56;0;false
1450804063494;1450804063695;54;1;false
1450804063756;1450804063818;54;0;false
1450804063878;1450804063935;54;0;false
1450804063995;1450804064056;54;0;false
1450804064118;1450804064175;56;0;false
1450804064235;1450804064415;55;1;false
1450804064474;1450804064530;54;0;false
1450804064591;1450804064655;54;0;false
1450804064718;1450804064774;57;0;false
1450804064835;1450804064897;55;0;false
1450804064958;1450804065015;55;0;false
1450804065076;1450804065133;55;0;false
1450804065195;1450804065258;57;0;false
1450804065319;1450804065376;56;0;false
1450804065440;1450804065502;58;0;false
1450804065562;1450804065619;55;0;false
1450804065681;1450804065737;56;0;false
1450804065801;1450804065863;58;0;false
1450804065923;1450804065979;54;0;false
1450804066041;1450804066103;56;0;false
1450804066165;1450804066222;57;0;false
1450804066283;1450804066340;56;0;false
1450804066399;1450804066461;54;0;false
1450804066526;1450804066583;56;0;false
1450804066646;1450804066708;57;0;false
1450804066771;1450804066846;58;0;false
1450804066910;1450804066987;57;0;false
1450804067051;1450804067135;56;0;false
1450804067198;1450804067275;55;0;false
1450804067337;1450804067422;55;0;false
1450804067485;1450804067562;55;0;false
1450804067624;1450804067701;54;0;false
1450804067762;1450804067847;53;0;false
1450804067911;1450804068127;55;1;false
1450804068189;1450804068264;54;0;false
1450804068326;1450804068550;56;1;false
1450804068612;1450804068692;54;0;false
1450804068753;1450804068838;53;0;false
1450804068900;1450804068977;54;0;false
1450804069040;1450804069117;55;0;false
1450804069181;1450804069266;57;0;false
1450804069329;1450804069406;55;0;false
1450804069468;1450804069552;54;0;false
1450804069615;1450804069830;55;1;false
1450804069892;1450804069976;53;0;false
1450804070039;1450804070264;56;1;false
1450804070328;1450804070405;56;0;false
1450804070469;1450804070546;55;0;false
1450804070611;1450804070695;57;0;false
1450804070757;1450804070836;54;0;false
1450804070902;1450804070986;58;0;false
1450804071049;1450804071125;55;0;false
1450804071188;1450804071265;54;0;false
1450804071327;1450804071412;54;0;false
1450804071475;1450804071552;55;0;false
1450804071613;1450804071697;53;0;false
1450804071759;1450804071975;55;1;false
1450804072037;1450804072121;54;0;false
1450804072183;1450804072260;55;0;false
1450804072323;1450804072515;56;1;false
1450804072575;1450804072632;54;0;false
1450804072692;1450804072876;57;1;false
1450804072938;1450804072999;56;0;false
1450804073059;1450804073114;54;0;false
1450804073175;1450804073231;55;0;false
1450804073293;1450804073355;55;0;false
1450804073416;1450804073472;55;0;false
1450804073533;1450804073595;55;0;false
1450804073656;1450804073713;55;0;false
1450804073796;1450804073853;77;0;false
1450804073914;1450804073976;55;0;false
1450804074036;1450804074093;55;0;false
1450804074153;1450804074214;54;0;false
1450804074275;1450804074572;54;2;false
1450804074633;1450804074692;55;0;false
1450804074753;1450804074815;55;0;false
1450804074881;1450804074937;60;0;false
1450804074998;1450804075054;55;0;false
1450804075115;1450804075177;54;0;false
1450804075237;1450804075294;54;0;false
1450804075353;1450804075415;53;0;false
1450804075476;1450804075533;55;0;false
1450804075594;1450804075651;55;0;false
1450804075711;1450804076015;57;2;false
1450804076077;1450804076134;55;0;false
1450804076196;1450804076252;56;0;false
1450804076313;1450804076375;54;0;false
1450804076435;1450804076491;54;0;false
1450804076555;1450804076617;55;0;false
1450804076678;1450804076735;56;0;false
1450804076804;1450804076985;56;1;false
1450804077045;1450804077101;54;0;false
1450804077161;1450804077223;55;0;false
1450804077283;1450804077339;54;0;false
1450804077399;1450804077456;55;0;false
1450804077518;1450804077579;56;0;false
1450804077640;1450804077697;55;0;false
1450804077759;1450804077940;57;1;false
1450804078000;1450804078057;55;0;false
1450804078117;1450804078179;55;0;false
1450804078239;1450804078296;55;0;false
1450804078356;1450804078420;54;0;false
1450804078481;1450804078538;56;0;false
1450804078600;1450804078778;54;1;false
1450804078839;1450804078899;54;0;false
1450804078961;1450804079034;56;0;false
1450804079096;1450804079162;54;0;false
1450804079223;1450804079290;55;0;false
1450804079351;1450804079424;54;0;false
1450804079486;1450804079819;54;2;false
1450804079886;1450804079952;60;0;false
1450804080013;1450804080086;55;0;false
1450804080149;1450804080331;57;1;false
1450804080414;1450804080469;77;0;false
1450804080530;1450804080741;89;1;false
1450804080819;1450804080874;73;0;false
1450804080951;1450804081013;71;0;false
1450804081072;1450804081127;53;0;false
1450804081215;1450804081271;82;0;false
1450804081332;1450804081533;78;1;false
1450804081594;1450804081796;79;1;false
1450804081857;1450804081913;55;0;false
1450804082005;1450804082066;86;0;false
1450804082126;1450804082183;54;0;false
1450804082270;1450804082334;81;0;false
1450804082395;1450804082450;56;0;false
1450804082535;1450804082592;78;0;false
1450804082653;1450804082714;55;0;false
1450804082801;1450804082857;82;0;false
1450804082917;1450804082979;55;0;false
1450804083040;1450804083096;55;0;false
1450804083158;1450804083215;56;0;false
1450804083275;1450804083336;55;0;false
1450804083397;1450804083453;55;0;false
1450804083516;1450804083577;57;0;false
1450804083637;1450804083694;55;0;false
1450804083754;1450804083807;55;0;false
1450804083868;1450804083930;55;0;false
1450804083990;1450804084047;55;0;false
1450804084109;1450804084173;55;0;false
1450804084234;1450804084290;55;0;false
1450804084351;1450804084407;55;0;false
1450804084468;1450804084530;54;0;false
1450804084594;1450804084962;64;2;false
1450804085025;1450804085102;55;0;false
1450804085165;1450804085249;55;0;false
1450804085311;1450804085388;54;0;false
1450804085452;1450804085675;55;1;false
1450804085737;1450804085814;54;0;false
1450804085877;1450804085962;56;0;false
1450804086023;1450804086101;54;0;false
1450804086163;1450804086248;54;0;false
1450804086313;1450804086389;57;0;false
1450804086452;1450804086531;55;0;false
1450804086593;1450804086677;54;0;false
1450804086741;1450804086817;56;0;false
1450804086880;1450804086964;56;0;false
1450804087027;1450804087102;55;0;false
1450804087166;1450804087242;56;0;false
1450804087307;1450804087390;57;0;false
1450804087453;1450804087530;56;0;false
1450804087592;1450804087675;54;0;false
1450804087737;1450804088100;56;2;false
1450804088162;1450804088239;55;0;false
1450804088302;1450804088385;55;0;false
1450804088448;1450804088528;55;0;false
1450804088590;1450804088667;54;0;false
1450804088731;1450804088815;56;0;false
1450804088877;1450804088954;54;0;false
1450804089018;1450804089102;56;0;false
1450804089166;1450804089371;56;1;false
1450804089433;1450804089506;55;0;false
1450804089568;1450804089918;75;2;false
1450804089979;1450804090046;54;0;false
1450804090107;1450804090181;55;0;false
1450804090242;1450804090309;54;0;false
1450804090377;1450804090450;61;0;false
1450804090511;1450804090708;55;1;false
1450804090772;1450804090974;55;1;false
1450804091037;1450804091110;55;0;false
1450804091172;1450804091239;55;0;false
1450804091300;1450804091367;55;0;false
1450804091429;1450804091630;54;1;false
1450804091692;1450804091765;55;0;false
1450804091832;1450804091898;60;0;false
1450804091961;1450804092028;56;0;false
1450804092092;1450804092167;58;0;false
1450804092229;1450804092295;55;0;false
1450804092357;1450804092430;55;0;false
1450804092492;1450804092561;55;0;false
1450804092623;1450804092689;55;0;false
1450804092751;1450804092824;54;0;false
1450804092886;1450804092953;55;0;false
1450804093015;1450804093087;55;0;false
1450804093149;1450804093216;54;0;false
1450804093277;1450804093343;54;0;false
1450804093405;1450804093478;55;0;false
1450804093540;1450804093607;55;0;false
1450804093670;1450804093743;56;0;false
1450804093805;1450804093872;55;0;false
1450804093934;1450804094000;55;0;false
1450804094064;1450804094137;57;0;false
1450804094199;1450804094265;55;0;false
1450804094328;1450804094412;55;0;false
1450804094474;1450804094553;54;0;false
1450804094615;1450804094692;54;0;false
1450804094754;1450804094839;55;0;false
1450804094905;1450804094982;58;0;false
1450804095043;1450804095128;53;0;false
1450804095192;1450804095409;55;1;false
1450804095472;1450804095696;55;1;false
1450804095758;1450804095842;55;0;false
1450804095907;1450804095984;56;0;false
1450804096047;1450804096268;54;1;false
1450804096331;1450804096408;54;0;false
1450804096470;1450804096555;55;0;false
1450804096618;1450804096695;55;0;false
1450804096760;1450804096837;57;0;false
1450804096910;1450804096995;65;0;false
1450804097057;1450804097133;54;0;false
1450804097198;1450804097561;55;2;false
1450804097624;1450804097708;55;0;false
1450804097771;1450804097848;55;0;false
1450804097910;1450804097994;54;0;false
1450804098058;1450804098134;56;0;false
1450804098198;1450804098275;56;0;false
1450804098338;1450804098422;55;0;false
1450804098486;1450804098562;56;0;false
1450804098625;1450804098710;56;0;false
1450804098775;1450804098852;57;0;false
1450804098916;1450804099142;53;1;false
1450804099205;1450804099282;55;0;false
1450804099348;1450804099432;57;0;false
1450804099496;1450804099573;56;0;false
1450804099640;1450804099717;59;0;false
1450804099778;1450804099863;53;0;false
1450804099926;1450804100003;56;0;false
1450804100066;1450804100140;56;0;false
1450804100202;1450804100397;55;1;false
1450804100460;1450804100533;56;0;false
1450804100596;1450804100663;56;0;false
1450804100725;1450804100798;55;0;false
1450804100866;1450804100933;61;0;false
1450804100995;1450804101064;55;0;false
1450804101125;1450804101326;55;1;false
1450804101388;1450804101462;56;0;false
1450804101522;1450804101589;53;0;false
1450804101650;1450804101717;55;0;false
1450804101779;1450804101852;55;0;false
1450804101915;1450804101981;56;0;false
1450804102043;1450804102116;54;0;false
1450804102177;1450804102244;54;0;false
1450804102304;1450804102360;54;0;false
1450804102421;1450804102600;54;1;false
1450804102660;1450804102723;54;0;false
1450804102784;1450804102841;56;0;false
1450804102914;1450804102973;67;0;false
1450804103036;1450804103098;57;0;false
1450804103160;1450804103216;55;0;false
1450804103279;1450804103341;58;0;false
1450804103402;1450804103459;55;0;false
1450804103519;1450804103576;54;0;false
1450804103642;1450804103704;60;0;false
1450804103764;1450804103943;55;1;false
1450804104004;1450804104060;55;0;false
1450804104122;1450804104179;56;0;false
1450804104246;1450804104307;61;0;false
1450804104367;1450804104423;55;0;false
1450804104484;1450804104546;56;0;false
1450804104606;1450804104663;54;0;false
1450804104724;1450804105029;55;2;false
1450804105090;1450804105270;55;1;false
1450804105330;1450804105386;54;0;false
1450804105447;1450804105509;55;0;false
1450804105570;1450804105627;55;0;false
1450804105690;1450804105752;57;0;false
1450804105812;1450804105984;56;1;false
1450804106046;1450804106107;55;0;false
1450804106167;1450804106224;55;0;false
1450804106284;1450804106346;54;0;false
1450804106408;1450804106465;56;0;false
1450804106527;1450804106583;56;0;false
1450804106648;1450804106711;57;0;false
1450804106771;1450804106953;57;1;false
1450804107013;1450804107070;55;0;false
1450804107130;1450804107187;55;0;false
1450804107248;1450804107428;56;1;false
1450804107489;1450804107552;55;0;false
1450804107613;1450804107670;55;0;false
1450804107730;1450804107786;54;0;false
1450804107846;1450804107909;55;0;false
1450804107970;1450804108027;55;0;false
1450804108090;1450804108386;55;2;false
1450804108447;1450804108511;55;0;false
1450804108572;1450804108629;55;0;false
1450804108690;1450804108752;55;0;false
1450804108814;1450804108870;56;0;false
1450804108930;1450804108987;53;0;false
1450804109048;1450804109109;55;0;false
1450804109169;1450804109226;54;0;false
1450804109288;1450804109350;57;0;false
1450804109411;1450804109587;56;1;false
1450804109647;1450804109710;55;0;false
1450804109771;1450804109828;55;0;false
1450804109889;1450804109952;56;0;false
1450804110012;1450804110069;54;0;false
1450804110129;1450804110186;54;0;false
1450804110247;1450804110312;56;0;false
1450804110373;1450804110429;55;0;false
1450804110490;1450804110552;55;0;false
1450804110612;1450804110669;54;0;false
1450804110730;1450804110787;55;0;false
1450804110849;1450804110911;56;0;false
1450804110972;1450804111292;55;2;false
1450804111357;1450804111558;56;1;false
1450804111622;1450804111689;56;0;false
1450804111751;1450804111954;55;1;false
1450804112015;1450804112081;54;0;false
1450804112142;1450804112217;55;0;false
1450804112280;1450804112346;56;0;false
1450804112407;1450804112481;54;0;false
1450804112543;1450804112611;56;0;false
1450804112672;1450804112740;55;0;false
1450804112803;1450804112877;56;0;false
1450804112938;1450804113005;55;0;false
1450804113068;1450804113141;57;0;false
1450804113203;1450804113269;55;0;false
1450804113330;1450804113531;55;1;false
1450804113592;1450804113659;54;0;false
1450804113719;1450804113792;54;0;false
1450804113853;1450804113919;54;0;false
1450804113982;1450804114188;56;1;false
1450804114249;1450804114316;54;0;false
1450804114378;1450804114451;55;0;false
1450804114512;1450804114580;55;0;false
1450804114640;1450804114707;53;0;false
1450804114769;1450804114971;55;1;false
1450804115032;1450804115105;54;0;false
1450804115167;1450804115234;55;0;false
1450804115296;1450804115498;57;1;false
1450804115562;1450804115628;56;0;false
1450804115691;1450804115894;55;1;false
1450804115955;1450804116022;55;0;false
1450804116083;1450804116157;55;0;false
1450804116222;1450804116289;55;0;false
1450804116352;1450804116686;57;2;false
1450804116750;1450804116823;57;0;false
1450804116887;1450804116954;56;0;false
1450804117015;1450804117088;54;0;false
1450804117151;1450804117218;57;0;false
1450804117280;1450804117346;54;0;false
1450804117410;1450804117483;57;0;false
1450804117546;1450804117613;56;0;false
1450804117673;1450804117757;53;0;false
1450804117824;1450804117901;60;0;false
1450804117964;1450804118041;55;0;false
1450804118103;1450804118188;55;0;false
1450804118251;1450804118331;56;0;false
1450804118393;1450804118478;54;0;false
1450804118541;1450804118618;55;0;false
1450804118682;1450804118759;56;0;false
1450804118821;1450804118906;55;0;false
1450804118968;1450804119045;55;0;false
1450804119109;1450804119332;54;1;false
1450804119395;1450804119472;55;0;false
1450804119535;1450804119619;55;0;false
1450804119681;1450804119758;54;0;false
1450804119822;1450804119906;56;0;false
1450804119969;1450804120045;55;0;false
1450804120108;1450804120185;55;0;false
1450804120248;1450804120332;55;0;false
1450804120394;1450804120475;55;0;false
1450804120538;1450804120619;55;0;false
1450804120685;1450804120759;57;0;false
1450804120821;1450804120897;55;0;false
1450804120961;1450804121045;56;0;false
1450804121108;1450804121333;55;1;false
1450804121396;1450804121473;55;0;false
1450804121535;1450804121611;55;0;false
1450804121674;1450804121897;55;1;false
1450804121958;1450804122043;54;0;false
1450804122106;1450804122183;55;0;false
1450804122245;1450804122322;55;0;false
1450804122386;1450804122470;56;0;false
1450804122533;1450804122612;55;0;false
1450804122674;1450804122758;53;0;false
1450804122822;1450804122899;55;0;false
1450804122962;1450804123039;56;0;false
1450804123100;1450804123185;53;0;false
1450804123249;1450804123326;56;0;false
1450804123388;1450804123599;55;1;false
1450804123662;1450804123729;56;0;false
1450804123791;1450804123994;56;1;false
1450804124055;1450804124129;55;0;false
1450804124191;1450804124257;55;0;false
1450804124321;1450804124387;57;0;false
1450804124448;1450804124522;55;0;false
1450804124582;1450804124652;54;0;false
1450804124714;1450804124912;55;1;false
1450804124973;1450804125039;54;0;false
1450804125103;1450804125176;57;0;false
1450804125237;1450804125437;54;1;false
1450804125507;1450804125574;64;0;false
1450804125635;1450804125701;54;0;false
1450804125763;1450804125835;55;0;false
1450804125897;1450804125964;55;0;false
1450804126027;1450804126099;55;0;false
1450804126163;1450804126230;56;0;false
1450804126292;1450804126358;56;0;false
1450804126422;1450804126495;57;0;false
1450804126557;1450804126624;56;0;false
1450804126690;1450804126763;56;0;false
1450804126826;1450804126891;56;0;false
1450804126953;1450804127018;55;0;false
1450804127080;1450804127152;56;0;false
1450804127214;1450804127279;55;0;false
1450804127343;1450804127415;57;0;false
1450804127476;1450804127542;55;0;false
1450804127604;1450804127671;55;0;false
1450804127733;1450804127806;55;0;false
1450804127870;1450804127937;57;0;false
1450804127998;1450804128071;54;0;false
1450804128134;1450804128326;54;1;false
1450804128387;1450804128726;57;2;false
1450804128789;1450804128856;56;0;false
1450804128917;1450804128984;54;0;false
1450804129046;1450804129120;56;0;false
1450804129181;1450804129249;55;0;false
1450804129310;1450804129383;54;0;false
1450804129444;1450804129511;55;0;false
1450804129572;1450804129639;54;0;false
1450804129701;1450804129774;55;0;false
1450804129836;1450804129902;55;0;false
1450804129964;1450804130037;55;0;false
1450804130099;1450804130166;56;0;false
1450804130228;1450804130295;55;0;false
1450804130357;1450804130431;55;0;false
1450804130494;1450804130560;56;0;false
1450804130622;1450804130698;55;0;false
1450804130760;1450804130826;55;0;false
1450804130889;1450804130956;55;0;false
1450804131017;1450804131090;54;0;false
1450804131152;1450804131219;55;0;false
1450804131280;1450804131353;54;0;false
1450804131415;1450804131482;55;0;false
1450804131542;1450804131609;53;0;false
1450804131670;1450804131743;54;0;false
1450804131804;1450804131871;54;0;false
1450804131933;1450804132006;54;0;false
1450804132067;1450804132134;55;0;false
1450804132197;1450804132264;56;0;false
1450804132326;1450804132399;55;0;false
1450804132468;1450804132536;63;0;false
1450804132599;1450804132674;55;0;false
1450804132735;1450804132801;54;0;false
1450804132863;1450804132935;54;0;false
1450804132999;1450804133082;56;0;false
1450804133145;1450804133222;56;0;false
1450804133285;1450804133369;55;0;false
1450804133434;1450804133510;57;0;false
1450804133576;1450804133652;58;0;false
1450804133714;1450804133798;55;0;false
1450804133861;1450804133938;54;0;false
1450804134001;1450804134085;55;0;false
1450804134148;1450804134225;55;0;false
1450804134287;1450804134364;54;0;false
1450804134426;1450804134510;54;0;false
1450804134574;1450804134651;56;0;false
1450804134714;1450804134958;71;1;false
1450804135025;1450804135102;60;0;false
1450804135166;1450804135250;56;0;false
1450804135313;1450804135390;56;0;false
1450804135453;1450804136267;56;6;false
1450804136327;1450804136384;54;0;false
1450804136444;1450804136507;55;0;false
1450804136570;1450804136627;57;0;false
1450804136687;1450804136749;54;0;false
1450804136814;1450804136990;56;1;false
1450804137057;1450804137119;61;0;false
1450804137180;1450804137236;55;0;false
1450804137297;1450804137359;55;0;false
1450804137423;1450804137479;58;0;false
1450804137540;1450804137596;55;0;false
1450804137657;1450804137719;56;0;false
1450804137781;1450804137837;55;0;false
1450804137899;1450804137961;57;0;false
1450804138021;1450804138078;55;0;false
1450804138139;1450804138196;56;0;false
1450804138257;1450804138318;55;0;false
1450804138380;1450804138437;56;0;false
1450804138497;1450804138559;54;0;false
1450804138620;1450804138679;55;0;false
1450804138741;1450804138798;56;0;false
1450804138859;1450804138921;55;0;false
1450804138983;1450804139039;57;0;false
1450804139108;1450804139170;62;0;false
1450804139234;1450804139291;58;0;false
1450804139352;1450804139409;55;0;false
1450804139470;1450804139532;55;0;false
1450804139592;1450804139649;54;0;false
1450804139711;1450804139773;56;0;false
1450804139835;1450804139891;56;0;false
1450804139952;1450804140009;55;0;false
1450804140070;1450804140132;56;0;false
1450804140193;1450804140250;55;0;false
1450804140310;1450804140371;54;0;false
1450804140432;1450804140609;55;1;false
1450804140673;1450804140757;56;0;false
1450804140820;1450804140898;56;0;false
1450804140960;1450804141188;58;1;false
1450804141250;1450804141327;54;0;false
1450804141390;1450804141474;55;0;false
1450804141538;1450804141615;56;0;false
1450804141680;1450804141765;58;0;false
1450804141827;1450804141885;54;0;false
1450804141948;1450804142005;57;0;false
1450804142066;1450804142128;55;0;false
1450804142191;1450804142248;57;0;false
1450804142308;1450804142370;55;0;false
1450804142431;1450804142490;55;0;false
1450804142550;1450804142607;55;0;false
1450804142668;1450804142730;55;0;false
1450804142790;1450804142846;54;0;false
1450804142907;1450804142969;54;0;false
1450804143030;1450804143096;54;0;false
1450804143161;1450804143228;59;0;false
1450804143290;1450804143363;54;0;false
1450804143424;1450804143491;55;0;false
1450804143553;1450804143626;54;0;false
1450804143688;1450804143755;55;0;false
1450804143816;1450804143883;55;0;false
1450804143944;1450804144017;55;0;false
1450804144079;1450804144146;55;0;false
1450804144207;1450804144280;55;0;false
1450804144343;1450804144539;54;1;false
1450804144600;1450804144673;55;0;false
1450804144736;1450804144803;57;0;false
1450804144873;1450804144947;64;0;false
1450804145009;1450804145065;56;0;false
1450804145127;1450804145182;56;0;false
1450804145243;1450804145303;56;0;false
1450804145364;1450804145417;55;0;false
1450804145477;1450804145537;55;0;false
1450804145599;1450804145772;54;1;false
1450804145832;1450804145894;55;0;false
1450804145954;1450804146133;54;1;false
1450804146194;1450804146254;55;0;false
1450804146313;1450804146495;57;1;false
1450804146559;1450804146617;58;0;false
1450804146678;1450804146740;55;0;false
1450804146800;1450804146857;54;0;false
1450804146918;1450804146975;55;0;false
1450804147040;1450804147103;60;0;false
1450804147164;1450804147220;56;0;false
1450804147281;1450804147342;56;0;false
1450804147402;1450804147456;55;0;false
1450804147517;1450804147571;55;0;false
1450804147634;1450804147695;58;0;false
1450804147755;1450804147934;55;1;false
1450804147993;1450804148413;54;3;false
1450804148473;1450804148535;55;0;false
1450804148596;1450804148652;55;0;false
1450804148714;1450804148770;56;0;false
1450804148832;1450804148894;57;0;false
1450804148955;1450804149011;55;0;false
1450804149078;1450804149368;55;2;false
1450804149430;1450804149491;56;0;false
1450804149552;1450804149627;56;0;false
1450804149691;1450804149775;56;0;false
1450804149838;1450804149914;55;0;false
1450804149977;1450804150055;55;0;false
1450804150122;1450804150207;59;0;false
1450804150269;1450804150492;55;1;false
1450804150556;1450804150919;54;2;false
1450804150982;1450804151059;55;0;false
1450804151123;1450804151207;56;0;false
1450804151269;1450804151346;54;0;false
