1450728425812;1450728425869;54;1;false
1450728425930;1450728425982;54;0;false
1450728426045;1450728426097;58;0;false
1450728426158;1450728426215;55;0;false
1450728426276;1450728426328;55;0;false
1450728426389;1450728426447;56;0;false
1450728426508;1450728426560;55;0;false
1450728426621;1450728426673;55;0;false
1450728426853;1450728426905;55;1;false
1450728426965;1450728427023;55;0;false
1450728427085;1450728427137;56;0;false
1450728427198;1450728427249;54;0;false
1450728427309;1450728427366;54;0;false
1450728427426;1450728427478;54;0;false
1450728427539;1450728427596;54;0;false
1450728427656;1450728427709;54;0;false
1450728427773;1450728427825;59;0;false
1450728428005;1450728428057;57;1;false
1450728428117;1450728428174;54;0;false
1450728428236;1450728428288;56;0;false
1450728428351;1450728428403;56;0;false
1450728428465;1450728428523;57;0;false
1450728428583;1450728428636;55;0;false
1450728428696;1450728428754;54;0;false
1450728428814;1450728428866;55;0;false
1450728428927;1450728428979;54;0;false
1450728429039;1450728429097;55;0;false
1450728429159;1450728429211;56;0;false
1450728429271;1450728429327;55;0;false
1450728429391;1450728429442;58;0;false
1450728429612;1450728429669;54;1;false
1450728429729;1450728429781;55;0;false
1450728429959;1450728430010;56;1;false
1450728430184;1450728430253;56;1;false
1450728430314;1450728430376;55;0;false
1450728430440;1450728430508;57;0;false
1450728430692;1450728430753;55;1;false
1450728430814;1450728430882;55;0;false
1450728430943;1450728431005;54;0;false
1450728431065;1450728431133;54;0;false
1450728431195;1450728431257;55;0;false
1450728431338;1450728431399;75;0;false
1450728431465;1450728431533;59;0;false
1450728431594;1450728431656;55;0;false
1450728431717;1450728431785;54;0;false
1450728431849;1450728431911;56;0;false
1450728431971;1450728432033;54;0;false
1450728432094;1450728432165;54;0;false
1450728432227;1450728432289;55;0;false
1450728432351;1450728432420;56;0;false
1450728432480;1450728432542;54;0;false
1450728432604;1450728432667;55;0;false
1450728432729;1450728432797;55;0;false
1450728432982;1450728433050;54;1;false
1450728433242;1450728433304;55;1;false
1450728433367;1450728433435;56;0;false
1450728433496;1450728433558;55;0;false
1450728433620;1450728433689;55;0;false
1450728433872;1450728433934;54;1;false
1450728434127;1450728434189;56;1;false
1450728434250;1450728434318;54;0;false
1450728434502;1450728434564;55;1;false
1450728434626;1450728434695;55;0;false
1450728434756;1450728434819;55;0;false
1450728434879;1450728434947;54;0;false
1450728435283;1450728435342;80;2;false
1450728435497;1450728435548;148;0;false
1450728435736;1450728435787;57;1;false
1450728435965;1450728436022;58;1;false
1450728436100;1450728436151;73;0;false
1450728436233;1450728436290;76;0;false
1450728436357;1450728436408;62;0;false
1450728436594;1450728436651;57;1;false
1450728436711;1450728436763;54;0;false
1450728436823;1450728436880;54;0;false
1450728436943;1450728436995;56;0;false
1450728437055;1450728437107;55;0;false
1450728437167;1450728437224;54;0;false
1450728437284;1450728437336;54;0;false
1450728437397;1450728437455;55;0;false
1450728437518;1450728437570;57;0;false
1450728437631;1450728437683;55;0;false
1450728437744;1450728437802;56;0;false
1450728437975;1450728438032;56;1;false
1450728438095;1450728438148;58;0;false
1450728438208;1450728438260;55;0;false
1450728438319;1450728438377;54;0;false
1450728438437;1450728438489;55;0;false
1450728438549;1450728438607;55;0;false
1450728438666;1450728438719;54;0;false
1450728438779;1450728438831;55;0;false
1450728438893;1450728438951;56;0;false
1450728439010;1450728439062;54;0;false
1450728439123;1450728439183;56;0;false
1450728439250;1450728439302;61;0;false
1450728439380;1450728439431;73;0;false
1450728439610;1450728439662;55;1;false
1450728439953;1450728440005;55;2;false
1450728440186;1450728440238;55;1;false
1450728440298;1450728440355;54;0;false
1450728440415;1450728440466;54;0;false
1450728440527;1450728440590;54;0;false
1450728441047;1450728441109;55;3;false
1450728441170;1450728441232;55;0;false
1450728441293;1450728441360;55;0;false
1450728441423;1450728441485;56;0;false
1450728441549;1450728441617;57;0;false
1450728441680;1450728441742;55;0;false
1450728441805;1450728441867;56;0;false
1450728441928;1450728441996;55;0;false
1450728442058;1450728442120;55;0;false
1450728442183;1450728442251;55;0;false
1450728442312;1450728442374;55;0;false
1450728442437;1450728442499;55;0;false
1450728442560;1450728442628;55;0;false
1450728442814;1450728442882;54;1;false
1450728442944;1450728443006;54;0;false
1450728443068;1450728443129;55;0;false
1450728443191;1450728443259;54;0;false
1450728443321;1450728443383;55;0;false
1450728443444;1450728443512;55;0;false
1450728443573;1450728443635;54;0;false
1450728443695;1450728443758;54;0;false
1450728443949;1450728444011;55;1;false
1450728444072;1450728444141;55;0;false
1450728444203;1450728444264;56;0;false
1450728444386;1450728444448;115;0;false
1450728444550;1450728444618;95;0;false
1450728444679;1450728444741;55;0;false
1450728444802;1450728444871;55;0;false
1450728445059;1450728445121;55;1;false
1450728445185;1450728445253;56;0;false
1450728445316;1450728445377;57;0;false
1450728445691;1450728445753;55;2;false
1450728445814;1450728445882;54;0;false
1450728445944;1450728446006;56;0;false
1450728446068;1450728446136;55;0;false
1450728446197;1450728446259;55;0;false
1450728446322;1450728446384;56;0;false
1450728446446;1450728446514;56;0;false
1450728446576;1450728446638;55;0;false
1450728446699;1450728446767;55;0;false
1450728446956;1450728447017;57;1;false
1450728447080;1450728447149;56;0;false
1450728447211;1450728447273;55;0;false
1450728447335;1450728447403;55;0;false
1450728447464;1450728447526;55;0;false
1450728447588;1450728447650;54;0;false
1450728447710;1450728447779;54;0;false
1450728447961;1450728448029;54;1;false
1450728448214;1450728448276;55;1;false
1450728448337;1450728448406;54;0;false
1450728448467;1450728448530;55;0;false
1450728448590;1450728448658;54;0;false
1450728448720;1450728448782;56;0;false
1450728448843;1450728448904;54;0;false
1450728448967;1450728449034;55;0;false
1450728449097;1450728449160;56;0;false
1450728449227;1450728449294;61;0;false
1450728449488;1450728449549;58;1;false
1450728449750;1450728449812;55;1;false
1450728449872;1450728449939;54;0;false
1450728450125;1450728450186;56;1;false
1450728450248;1450728450316;54;0;false
1450728450377;1450728450439;55;0;false
1450728450633;1450728450695;58;1;false
1450728450879;1450728450947;55;1;false
1450728451009;1450728451070;55;0;false
1450728451134;1450728451203;57;0;false
1450728451432;1450728451494;54;1;false
1450728451558;1450728451626;58;0;false
1450728451689;1450728451751;56;0;false
1450728451941;1450728452002;54;1;false
1450728452063;1450728452125;54;0;false
1450728452186;1450728452254;54;0;false
1450728452315;1450728452376;55;0;false
1450728452568;1450728452629;56;1;false
1450728452812;1450728452879;56;1;false
1450728453061;1450728453129;54;1;false
1450728453316;1450728453378;59;1;false
1450728453438;1450728453505;53;0;false
1450728453567;1450728453628;55;0;false
1450728453689;1450728453757;54;0;false
1450728453819;1450728453881;56;0;false
1450728453942;1450728454003;55;0;false
1450728454194;1450728454255;56;1;false
1450728454315;1450728454383;54;0;false
1450728454444;1450728454506;55;0;false
1450728454688;1450728454756;55;1;false
1450728454821;1450728454884;58;0;false
1450728454944;1450728455014;54;0;false
1450728455198;1450728455260;54;1;false
1450728455321;1450728455389;54;0;false
1450728455451;1450728455513;56;0;false
1450728455574;1450728455642;53;0;false
1450728455703;1450728455765;55;0;false
1450728455826;1450728455888;55;0;false
1450728455949;1450728456016;54;0;false
1450728456077;1450728456138;54;0;false
1450728456200;1450728456268;56;0;false
1450728456332;1450728456393;57;0;false
1450728456707;1450728456768;57;2;false
1450728456830;1450728456898;55;0;false
1450728456961;1450728457022;55;0;false
1450728457084;1450728457145;55;0;false
1450728457207;1450728457275;55;0;false
1450728457337;1450728457400;56;0;false
1450728457591;1450728457653;55;1;false
1450728457714;1450728457776;54;0;false
1450728457969;1450728458031;54;1;false
1450728458092;1450728458160;55;0;false
1450728458222;1450728458284;54;0;false
1450728458346;1450728458408;55;0;false
1450728458469;1450728458537;55;0;false
1450728458599;1450728458661;55;0;false
1450728458722;1450728458790;54;0;false
1450728458973;1450728459035;54;1;false
1450728459096;1450728459164;54;0;false
1450728459225;1450728459287;55;0;false
1450728459349;1450728459418;56;0;false
1450728459602;1450728459664;56;1;false
1450728459726;1450728459794;55;0;false
1450728459979;1450728460047;55;1;false
1450728460110;1450728460172;55;0;false
1450728460486;1450728460548;55;2;false
1450728460609;1450728460678;54;0;false
1450728460862;1450728460924;54;1;false
1450728460986;1450728461054;55;0;false
1450728461116;1450728461178;54;0;false
1450728461369;1450728461431;55;1;false
1450728461493;1450728461555;56;0;false
1450728461617;1450728461685;55;0;false
1450728461747;1450728461809;55;0;false
1450728462000;1450728462062;53;1;false
1450728462122;1450728462184;54;0;false
1450728462244;1450728462312;53;0;false
1450728462372;1450728462434;54;0;false
1450728462496;1450728462564;55;0;false
1450728462626;1450728462688;55;0;false
1450728462750;1450728462812;55;0;false
1450728463004;1450728463066;55;1;false
1450728463258;1450728463320;54;1;false
1450728463884;1450728463946;56;4;false
1450728464007;1450728464068;55;0;false
1450728464129;1450728464199;54;0;false
1450728464259;1450728464322;54;0;false
1450728464382;1450728464451;54;0;false
1450728464637;1450728464699;55;1;false
1450728464760;1450728464829;55;0;false
1450728464889;1450728464950;54;0;false
1450728465010;1450728465078;53;0;false
1450728465138;1450728465200;54;0;false
1450728465261;1450728465323;54;0;false
1450728465385;1450728465454;56;0;false
1450728465518;1450728465580;58;0;false
1450728465641;1450728465709;55;0;false
1450728465770;1450728465832;55;0;false
1450728465894;1450728465957;56;0;false
1450728466017;1450728466085;54;0;false
1450728466147;1450728466209;55;0;false
1450728466269;1450728466338;54;0;false
1450728466399;1450728466461;55;0;false
1450728466525;1450728466587;56;0;false
1450728466650;1450728466719;57;0;false
1450728466780;1450728466842;55;0;false
1450728466904;1450728466972;54;0;false
1450728467034;1450728467095;55;0;false
1450728467157;1450728467219;55;0;false
1450728467280;1450728467348;55;0;false
1450728467410;1450728467472;55;0;false
1450728467534;1450728467602;55;0;false
1450728467664;1450728467725;55;0;false
1450728467788;1450728467850;55;0;false
1450728468040;1450728468101;54;1;false
1450728468163;1450728468231;56;0;false
1450728468293;1450728468354;55;0;false
1450728468415;1450728468477;54;0;false
1450728468667;1450728468729;54;1;false
1450728468789;1450728468856;54;0;false
1450728468918;1450728468980;55;0;false
1450728469163;1450728469230;54;1;false
1450728469420;1450728469488;55;1;false
1450728469549;1450728469611;55;0;false
1450728469673;1450728469735;56;0;false
1450728469796;1450728469863;55;0;false
1450728469925;1450728469987;56;0;false
1450728470048;1450728470115;54;0;false
1450728470297;1450728470349;54;1;false
1450728470419;1450728470476;64;0;false
1450728470535;1450728470587;53;0;false
1450728470648;1450728470705;55;0;false
1450728470765;1450728470817;55;0;false
1450728470876;1450728470928;53;0;false
1450728471104;1450728471156;54;1;false
1450728471218;1450728471275;56;0;false
1450728471336;1450728471389;55;0;false
1450728471449;1450728471501;54;0;false
1450728471562;1450728471620;56;0;false
1450728471683;1450728471735;58;0;false
1450728471911;1450728471963;55;1;false
1450728472024;1450728472076;55;0;false
1450728472135;1450728472193;54;0;false
1450728472258;1450728472310;60;0;false
1450728472373;1450728472430;57;0;false
1450728472604;1450728472656;56;1;false
1450728473064;1450728473116;54;3;false
1450728473176;1450728473228;55;0;false
1450728473287;1450728473344;54;0;false
1450728473520;1450728473577;57;1;false
1450728473637;1450728473688;55;0;false
1450728473748;1450728473800;54;0;false
1450728473860;1450728473917;55;0;false
1450728473979;1450728474031;57;0;false
1450728474091;1450728474151;54;0;false
1450728474211;1450728474263;55;0;false
1450728474324;1450728474376;56;0;false
1450728474554;1450728474606;56;1;false
1450728474666;1450728474724;54;0;false
1450728474783;1450728474836;54;0;false
1450728474897;1450728474949;55;0;false
1450728475241;1450728475298;56;2;false
1450728475360;1450728475412;56;0;false
1450728475472;1450728475524;54;0;false
1450728475583;1450728475641;53;0;false
1450728475835;1450728475893;55;1;false
1450728476292;1450728476343;54;3;false
1450728476402;1450728476459;54;0;false
1450728476519;1450728476570;55;0;false
1450728476859;1450728476913;54;2;false
1450728476973;1450728477030;55;0;false
1450728477315;1450728477372;54;2;false
1450728477432;1450728477484;54;0;false
1450728477545;1450728477602;56;0;false
1450728477664;1450728477716;57;0;false
1450728477776;1450728477827;54;0;false
1450728477889;1450728477946;57;0;false
1450728478005;1450728478056;54;0;false
1450728478118;1450728478177;55;0;false
1450728478242;1450728478293;60;0;false
1450728478353;1450728478405;54;0;false
1450728478465;1450728478522;54;0;false
1450728478694;1450728478752;55;1;false
1450728478924;1450728478977;54;1;false
1450728479152;1450728479204;54;1;false
1450728479380;1450728479432;56;1;false
1450728479493;1450728479545;56;0;false
1450728479605;1450728479662;55;0;false
1450728479723;1450728479774;55;0;false
1450728479843;1450728479900;63;0;false
1450728479960;1450728480012;55;0;false
1450728480072;1450728480124;54;0;false
1450728480185;1450728480242;56;0;false
1450728480534;1450728480586;55;2;false
1450728480761;1450728480818;56;1;false
1450728480990;1450728481047;55;1;false
1450728481107;1450728481160;54;0;false
1450728481220;1450728481272;54;0;false
1450728481333;1450728481390;56;0;false
1450728481451;1450728481503;56;0;false
1450728481563;1450728481620;55;0;false
1450728481790;1450728481843;54;1;false
1450728481904;1450728481961;56;0;false
1450728482023;1450728482075;55;0;false
1450728482135;1450728482193;55;0;false
1450728482254;1450728482306;56;0;false
1450728482368;1450728482421;56;0;false
1450728482964;1450728483016;56;4;false
1450728483077;1450728483133;54;0;false
1450728483194;1450728483246;55;0;false
1450728483425;1450728483477;56;1;false
1450728483538;1450728483590;54;0;false
1450728483650;1450728483707;55;0;false
1450728483767;1450728483819;54;0;false
1450728483998;1450728484049;55;1;false
1450728484110;1450728484163;54;0;false
1450728484225;1450728484282;56;0;false
1450728484343;1450728484395;55;0;false
1450728484571;1450728484623;54;1;false
1450728484684;1450728484736;56;0;false
1450728484797;1450728484854;55;0;false
1450728485028;1450728485085;57;1;false
1450728485146;1450728485198;55;0;false
1450728485259;1450728485311;56;0;false
1450728485601;1450728485658;55;2;false
1450728485832;1450728485884;54;1;false
1450728485943;1450728486000;54;0;false
1450728486061;1450728486112;55;0;false
1450728486172;1450728486229;54;0;false
1450728486400;1450728486452;54;1;false
1450728486511;1450728486568;53;0;false
1450728486629;1450728486681;56;0;false
1450728486743;1450728486800;56;0;false
1450728486973;1450728487025;56;1;false
1450728487086;1450728487143;55;0;false
1450728487206;1450728487258;55;0;false
1450728487319;1450728487376;55;0;false
1450728487550;1450728487602;55;1;false
1450728487664;1450728487722;56;0;false
1450728487782;1450728487834;55;0;false
1450728487896;1450728487954;57;0;false
1450728488014;1450728488066;55;0;false
1450728488127;1450728488179;56;0;false
1450728488240;1450728488297;56;0;false
1450728488588;1450728488640;56;2;false
1450728488701;1450728488763;55;0;false
1450728488824;1450728488892;54;0;false
1450728488952;1450728489015;54;0;false
1450728489077;1450728489145;55;0;false
1450728489329;1450728489391;55;1;false
1450728489453;1450728489521;54;0;false
1450728489706;1450728489774;55;1;false
1450728489960;1450728490022;54;1;false
1450728490084;1450728490153;56;0;false
1450728490215;1450728490277;55;0;false
1450728490338;1450728490407;55;0;false
1450728490469;1450728490531;55;0;false
1450728490593;1450728490655;56;0;false
1450728490717;1450728490785;55;0;false
1450728490846;1450728490908;55;0;false
1450728490970;1450728491038;55;0;false
1450728491099;1450728491163;55;0;false
1450728491225;1450728491287;54;0;false
1450728491353;1450728491422;55;0;false
1450728491484;1450728491546;56;0;false
1450728491606;1450728491675;54;0;false
1450728491737;1450728491799;55;0;false
1450728491985;1450728492053;56;1;false
1450728492116;1450728492178;56;0;false
1450728492239;1450728492307;55;0;false
1450728492613;1450728492681;55;2;false
1450728492743;1450728492805;55;0;false
1450728492866;1450728492934;55;0;false
1450728493140;1450728493201;78;1;false
1450728493389;1450728493449;53;1;false
1450728493510;1450728493577;53;0;false
1450728493760;1450728493821;54;1;false
1450728493883;1450728493951;55;0;false
1450728494133;1450728494201;54;1;false
1450728494263;1450728494325;56;0;false
1450728494387;1450728494449;56;0;false
1450728494510;1450728494578;55;0;false
1450728494761;1450728494829;55;1;false
1450728494892;1450728494954;57;0;false
1450728495139;1450728495208;55;1;false
1450728495269;1450728495330;54;0;false
1450728495391;1450728495459;53;0;false
1450728495519;1450728495581;54;0;false
1450728495641;1450728495703;54;0;false
1450728495765;1450728495833;56;0;false
1450728496315;1450728496383;55;1;false
1450728496445;1450728496507;55;0;false
1450728496568;1450728496630;54;0;false
1450728496694;1450728496762;58;0;false
1450728496824;1450728496886;56;0;false
1450728496948;1450728497015;54;0;false
1450728497080;1450728497142;58;0;false
1450728497203;1450728497268;55;0;false
1450728497329;1450728497396;55;0;false
1450728497584;1450728497652;57;1;false
1450728497714;1450728497776;56;0;false
1450728497836;1450728497898;54;0;false
1450728497959;1450728498027;55;0;false
1450728498089;1450728498151;55;0;false
1450728498211;1450728498279;53;0;false
1450728498340;1450728498402;55;0;false
1450728498463;1450728498525;54;0;false
1450728498586;1450728498654;55;0;false
1450728498719;1450728498781;59;0;false
1450728498843;1450728498911;55;0;false
1450728498972;1450728499033;55;0;false
1450728499096;1450728499158;56;0;false
1450728499220;1450728499288;56;0;false
1450728499349;1450728499411;54;0;false
1450728499474;1450728499542;55;0;false
1450728499724;1450728499786;54;1;false
1450728499846;1450728499914;54;0;false
1450728499976;1450728500039;54;0;false
1450728500100;1450728500169;55;0;false
1450728500232;1450728500294;57;0;false
1450728500355;1450728500417;54;0;false
1450728500731;1450728500799;54;2;false
1450728500860;1450728500922;55;0;false
1450728500984;1450728501046;54;0;false
1450728501106;1450728501175;54;0;false
1450728501478;1450728501530;55;2;false
1450728501590;1450728501642;55;0;false
1450728501701;1450728501758;54;0;false
1450728501822;1450728501874;57;0;false
1450728501933;1450728501991;54;0;false
1450728502050;1450728502102;54;0;false
1450728502163;1450728502215;55;0;false
1450728502390;1450728502441;54;1;false
1450728502503;1450728502560;56;0;false
1450728502619;1450728502671;54;0;false
1450728502730;1450728502783;54;0;false
1450728502845;1450728502902;57;0;false
1450728502963;1450728503014;55;0;false
1450728503074;1450728503131;54;0;false
1450728503192;1450728503244;55;0;false
1450728503306;1450728503358;57;0;false
1450728503425;1450728503482;61;0;false
1450728503659;1450728503716;56;1;false
1450728503775;1450728503827;53;0;false
1450728503887;1450728503948;54;0;false
1450728504152;1450728504213;57;1;false
1450728504523;1450728504585;53;2;false
1450728504646;1450728504714;55;0;false
1450728504775;1450728504837;54;0;false
1450728505032;1450728505094;55;1;false
1450728505270;1450728505332;170;0;false
1450728505393;1450728505461;54;0;false
1450728505591;1450728505652;123;0;false
1450728505919;1450728505981;131;1;false
1450728506241;1450728506302;133;1;false
1450728506362;1450728506414;55;0;false
1450728506558;1450728506615;138;0;false
1450728507143;1450728507194;90;3;false
1450728507254;1450728507312;55;0;false
1450728507485;1450728507537;55;1;false
1450728507597;1450728507654;55;0;false
1450728507714;1450728507767;54;0;false
1450728507827;1450728507884;55;0;false
1450728507944;1450728507996;54;0;false
1450728508057;1450728508109;55;0;false
1450728508287;1450728508339;55;1;false
1450728508399;1450728508457;55;0;false
1450728508516;1450728508568;53;0;false
1450728508630;1450728508681;55;0;false
1450728508742;1450728508799;55;0;false
1450728508972;1450728509029;55;1;false
1450728509096;1450728509148;62;0;false
1450728509209;1450728509261;55;0;false
1450728509322;1450728509379;55;0;false
1450728509439;1450728509491;55;0;false
1450728509553;1450728509610;56;0;false
1450728509670;1450728509721;54;0;false
1450728509892;1450728509950;55;1;false
1450728510011;1450728510062;56;0;false
1450728510121;1450728510178;54;0;false
1450728510762;1450728510819;353;2;false
1450728510881;1450728510932;57;0;false
1450728510994;1450728511051;56;0;false
1450728511114;1450728511173;57;0;false
1450728511232;1450728511284;54;0;false
1450728511345;1450728511402;56;0;false
1450728511575;1450728511632;55;1;false
1450728511692;1450728511744;55;0;false
1450728511805;1450728511857;56;0;false
1450728511917;1450728511974;55;0;false
1450728512147;1450728512204;56;1;false
1450728512266;1450728512318;57;0;false
1450728512377;1450728512428;54;0;false
1450728512489;1450728512546;55;0;false
1450728512605;1450728512656;54;0;false
1450728512830;1450728512881;54;1;false
1450728512942;1450728512993;56;0;false
1450728513054;1450728513111;55;0;false
1450728513170;1450728513221;54;0;false
1450728513284;1450728513341;57;0;false
1450728513402;1450728513454;55;0;false
1450728513514;1450728513565;54;0;false
1450728513630;1450728513686;59;0;false
1450728513748;1450728513799;56;0;false
1450728513858;1450728513915;53;0;false
1450728514198;1450728514255;54;2;false
1450728514315;1450728514366;55;0;false
1450728514428;1450728514484;56;0;false
1450728514655;1450728514706;55;1;false
1450728514767;1450728514823;54;0;false
1450728514883;1450728514934;55;0;false
1450728515252;1450728515313;53;2;false
1450728515375;1450728515443;55;0;false
1450728515505;1450728515567;56;0;false
1450728515629;1450728515696;56;0;false
1450728516058;1450728516119;355;0;false
1450728516183;1450728516245;58;0;false
1450728516305;1450728516373;54;0;false
1450728516435;1450728516497;55;0;false
1450728516687;1450728516749;55;1;false
1450728516810;1450728516872;55;0;false
1450728516933;1450728517001;55;0;false
1450728517187;1450728517255;54;1;false
1450728517316;1450728517378;55;0;false
1450728517561;1450728517629;55;1;false
1450728517690;1450728517751;55;0;false
1450728517814;1450728517881;56;0;false
1450728517942;1450728518003;54;0;false
1450728518065;1450728518126;55;0;false
1450728518187;1450728518255;54;0;false
1450728518316;1450728518377;55;0;false
1450728518568;1450728518630;54;1;false
1450728518690;1450728518752;54;0;false
1450728518814;1450728518882;55;0;false
1450728518942;1450728519004;54;0;false
1450728519200;1450728519262;58;1;false
1450728519322;1450728519385;54;0;false
1450728519575;1450728519637;54;1;false
1450728519699;1450728519767;56;0;false
1450728519950;1450728520012;54;1;false
1450728520073;1450728520141;54;0;false
1450728520203;1450728520265;56;0;false
1450728520579;1450728520641;55;2;false
1450728520703;1450728520771;56;0;false
1450728520835;1450728520896;56;0;false
1450728521093;1450728521158;60;1;false
1450728521220;1450728521281;55;0;false
1450728521343;1450728521411;56;0;false
1450728521472;1450728521533;55;0;false
1450728521595;1450728521663;55;0;false
1450728521723;1450728521784;54;0;false
1450728522073;1450728522124;54;2;false
1450728522183;1450728522240;54;0;false
1450728522302;1450728522353;55;0;false
1450728522414;1450728522465;54;0;false
1450728522526;1450728522583;55;0;false
1450728522754;1450728522811;54;1;false
1450728522872;1450728522924;54;0;false
1450728522994;1450728523046;65;0;false
1450728523222;1450728523274;54;1;false
1450728523335;1450728523392;56;0;false
1450728523462;1450728523513;64;0;false
1450728523572;1450728523623;54;0;false
1450728523685;1450728523741;57;0;false
1450728523802;1450728523853;55;0;false
1450728523912;1450728523968;54;0;false
1450728524032;1450728524083;57;0;false
1450728524146;1450728524197;56;0;false
1450728524257;1450728524315;55;0;false
1450728524374;1450728524426;54;0;false
1450728524485;1450728524542;54;0;false
1450728524603;1450728524654;55;0;false
1450728524714;1450728524766;54;0;false
1450728524949;1450728525001;56;1;false
1450728525061;1450728525118;55;0;false
1450728525292;1450728525343;55;1;false
1450728525403;1450728525460;55;0;false
1450728525522;1450728525578;57;0;false
1450728525638;1450728525695;55;0;false
1450728525754;1450728525806;54;0;false
1450728525865;1450728525916;54;0;false
1450728525976;1450728526032;55;0;false
1450728526393;1450728526449;354;0;false
1450728526509;1450728526576;54;0;false
1450728526638;1450728526700;55;0;false
1450728526761;1450728526822;55;0;false
1450728526884;1450728526953;55;0;false
1450728527140;1450728527208;56;1;false
1450728527269;1450728527331;54;0;false
1450728527392;1450728527454;54;0;false
1450728527516;1450728527585;55;0;false
1450728527645;1450728527707;54;0;false
1450728527770;1450728527837;56;0;false
1450728528199;1450728528261;355;0;false
1450728528322;1450728528384;54;0;false
1450728528447;1450728528515;57;0;false
1450728528582;1450728528644;61;0;false
1450728528705;1450728528773;55;0;false
1450728528958;1450728529020;56;1;false
1450728529082;1450728529153;55;0;false
1450728529214;1450728529276;53;0;false
1450728529336;1450728529404;54;0;false
1450728529963;1450728530031;54;4;false
1450728530092;1450728530155;55;0;false
1450728530218;1450728530279;56;0;false
1450728530340;1450728530408;54;0;false
1450728530471;1450728530533;57;0;false
1450728530597;1450728530666;58;0;false
1450728530726;1450728530788;54;0;false
1450728530974;1450728531042;57;1;false
1450728531104;1450728531168;55;0;false
1450728531229;1450728531297;54;0;false
1450728531359;1450728531424;56;0;false
1450728531485;1450728531546;54;0;false
1450728531607;1450728531675;54;0;false
1450728531737;1450728531799;55;0;false
1450728531991;1450728532053;57;1;false
1450728532239;1450728532307;56;1;false
1450728532493;1450728532560;57;1;false
1450728532621;1450728532683;54;0;false
1450728532745;1450728532807;56;0;false
1450728532868;1450728532936;54;0;false
1450728533000;1450728533062;58;0;false
1450728533128;1450728533198;60;0;false
1450728533258;1450728533320;54;0;false
1450728533381;1450728533443;55;0;false
1450728533506;1450728533574;57;0;false
1450728533758;1450728533826;55;1;false
1450728533889;1450728533951;56;0;false
1450728534013;1450728534075;56;0;false
1450728534135;1450728534205;54;0;false
1450728534270;1450728534332;59;0;false
1450728534391;1450728534460;53;0;false
1450728534520;1450728534582;54;0;false
1450728534644;1450728534706;55;0;false
1450728534899;1450728534961;59;1;false
1450728535022;1450728535090;54;0;false
1450728535154;1450728535216;58;0;false
1450728535280;1450728535342;58;0;false
1450728535532;1450728535594;54;1;false
1450728535655;1450728535724;55;0;false
1450728535788;1450728535849;57;0;false
1450728536163;1450728536225;55;2;false
1450728536287;1450728536355;56;0;false
1450728536418;1450728536480;56;0;false
1450728536541;1450728536603;54;0;false
1450728536664;1450728536732;54;0;false
1450728536916;1450728536984;55;1;false
1450728537046;1450728537107;54;0;false
1450728537168;1450728537230;54;0;false
1450728537673;1450728537736;55;3;false
1450728537798;1450728537860;56;0;false
1450728537921;1450728537989;54;0;false
1450728538050;1450728538111;55;0;false
1450728538172;1450728538240;54;0;false
1450728538301;1450728538363;54;0;false
1450728538424;1450728538486;55;0;false
1450728538547;1450728538615;55;0;false
1450728538676;1450728538738;54;0;false
1450728538798;1450728538867;54;0;false
1450728538928;1450728538990;55;0;false
1450728539050;1450728539111;54;0;false
1450728539301;1450728539363;54;1;false
1450728539426;1450728539494;56;0;false
1450728539558;1450728539620;58;0;false
1450728539804;1450728539872;55;1;false
1450728539933;1450728539995;54;0;false
1450728540060;1450728540139;57;0;false
1450728540201;1450728540273;55;0;false
1450728540336;1450728540408;55;0;false
1450728540470;1450728540549;55;0;false
1450728541155;1450728541234;55;4;false
1450728541431;1450728541510;56;1;false
1450728541574;1450728541646;56;0;false
1450728541708;1450728541780;54;0;false
1450728541843;1450728541923;54;0;false
1450728541985;1450728542057;55;0;false
1450728542119;1450728542198;54;0;false
1450728542260;1450728542332;55;0;false
1450728542394;1450728542466;55;0;false
1450728542670;1450728542742;55;1;false
1450728542806;1450728542885;55;0;false
1450728542947;1450728543019;55;0;false
1450728543081;1450728543157;54;0;false
1450728543219;1450728543298;55;0;false
1450728543360;1450728543432;54;0;false
1450728543622;1450728543684;54;1;false
1450728543870;1450728543938;56;1;false
1450728543999;1450728544062;54;0;false
1450728544125;1450728544198;56;0;false
1450728544260;1450728544321;55;0;false
1450728544383;1450728544445;55;0;false
1450728544511;1450728544579;58;0;false
1450728544640;1450728544702;55;0;false
1450728545016;1450728545078;55;2;false
1450728545139;1450728545208;54;0;false
1450728545270;1450728545332;56;0;false
1450728545394;1450728545462;56;0;false
1450728545524;1450728545586;55;0;false
1450728545772;1450728545841;55;1;false
1450728545903;1450728545965;56;0;false
1450728546027;1450728546095;55;0;false
1450728546400;1450728546468;55;2;false
1450728546530;1450728546592;55;0;false
1450728546905;1450728546967;54;2;false
1450728547029;1450728547097;55;0;false
1450728547159;1450728547220;54;0;false
1450728547283;1450728547351;56;0;false
1450728547412;1450728547474;55;0;false
1450728547537;1450728547599;56;0;false
1450728547660;1450728547728;55;0;false
1450728547788;1450728547850;54;0;false
1450728547913;1450728547981;56;0;false
1450728548041;1450728548103;54;0;false
1450728548163;1450728548225;54;0;false
1450728548287;1450728548355;56;0;false
1450728548415;1450728548477;53;0;false
1450728548672;1450728548734;56;1;false
1450728548794;1450728548856;54;0;false
1450728548918;1450728548986;55;0;false
1450728549048;1450728549110;56;0;false
1450728549299;1450728549360;55;1;false
1450728549546;1450728549623;54;1;false
1450728549688;1450728549760;57;0;false
1450728549823;1450728549902;55;0;false
1450728549965;1450728550037;55;0;false
1450728550098;1450728550170;54;0;false
1450728550232;1450728550311;55;0;false
1450728550377;1450728550449;59;0;false
1450728550656;1450728550729;55;1;false
1450728550791;1450728550863;55;0;false
1450728551645;1450728551718;56;3;false
1450728551780;1450728551852;55;0;false
1450728551913;1450728551992;54;0;false
1450728552191;1450728552270;55;1;false
1450728552333;1450728552405;56;0;false
1450728552466;1450728552538;54;0;false
1450728552599;1450728552679;53;0;false
1450728552741;1450728552813;55;0;false
1450728552878;1450728552957;56;0;false
1450728553020;1450728553092;56;0;false
1450728553155;1450728553227;56;0;false
1450728553289;1450728553368;55;0;false
1450728553429;1450728553500;53;0;false
1450728553561;1450728553639;54;0;false
1450728553701;1450728553772;54;0;false
1450728553970;1450728554049;56;1;false
1450728554111;1450728554184;54;0;false
1450728554246;1450728554325;55;0;false
1450728554390;1450728554462;58;0;false
1450728554523;1450728554594;53;0;false
1450728555078;1450728555150;54;3;false
1450728555211;1450728555283;54;0;false
1450728555346;1450728555416;54;0;false
1450728555481;1450728555543;59;0;false
1450728555604;1450728555672;55;0;false
1450728555856;1450728555918;55;1;false
1450728556110;1450728556173;57;1;false
1450728556365;1450728556427;57;1;false
1450728556489;1450728556551;55;0;false
1450728556741;1450728556803;54;1;false
1450728556865;1450728556933;55;0;false
1450728556996;1450728557058;56;0;false
1450728557118;1450728557183;54;0;false
1450728557245;1450728557313;56;0;false
1450728557497;1450728557565;55;1;false
1450728557626;1450728557688;54;0;false
1450728557749;1450728557811;54;0;false
1450728557872;1450728557940;55;0;false
1450728558001;1450728558063;55;0;false
1450728558128;1450728558196;58;0;false
1450728558257;1450728558319;55;0;false
1450728558381;1450728558442;55;0;false
1450728558503;1450728558571;54;0;false
1450728558633;1450728558695;55;0;false
1450728558756;1450728558824;55;0;false
1450728558884;1450728558936;55;0;false
1450728558997;1450728559049;56;0;false
1450728559108;1450728559166;54;0;false
1450728559226;1450728559278;55;0;false
1450728559337;1450728559394;54;0;false
1450728559455;1450728559506;56;0;false
1450728559567;1450728559618;55;0;false
1450728559678;1450728559735;54;0;false
1450728559795;1450728559847;55;0;false
1450728559908;1450728559966;56;0;false
1450728560027;1450728560079;56;0;false
1450728560140;1450728560191;55;0;false
1450728560251;1450728560308;54;0;false
1450728560367;1450728560419;54;0;false
1450728560480;1450728560537;55;0;false
1450728560599;1450728560651;56;0;false
1450728560711;1450728560762;54;0;false
1450728560939;1450728560991;56;1;false
1450728561391;1450728561449;55;3;false
1450728561508;1450728561560;54;0;false
1450728561625;1450728561682;59;0;false
1450728561741;1450728561794;54;0;false
1450728561854;1450728561906;55;0;false
1450728561968;1450728562025;56;0;false
1450728562084;1450728562136;53;0;false
1450728562196;1450728562253;55;0;false
1450728562313;1450728562365;54;0;false
1450728562425;1450728562477;54;0;false
1450728562536;1450728562593;54;0;false
1450728562766;1450728562823;54;1;false
1450728562884;1450728562937;55;0;false
1450728562997;1450728563049;55;0;false
1450728563229;1450728563281;56;1;false
1450728563341;1450728563398;54;0;false
1450728563457;1450728563509;54;0;false
1450728563569;1450728563620;53;0;false
1450728563680;1450728563737;54;0;false
1450728563798;1450728563852;55;0;false
1450728563912;1450728563969;55;0;false
1450728564030;1450728564082;55;0;false
1450728564259;1450728564316;61;1;false
1450728564376;1450728564427;54;0;false
1450728564488;1450728564545;55;0;false
1450728564604;1450728564656;54;0;false
1450728564716;1450728564767;53;0;false
1450728564827;1450728564884;53;0;false
1450728564946;1450728564998;57;0;false
1450728565287;1450728565339;54;2;false
1450728565399;1450728565456;54;0;false
1450728565632;1450728565689;58;1;false
1450728565749;1450728565801;54;0;false
1450728565862;1450728565914;55;0;false
1450728565974;1450728566031;55;0;false
1450728566094;1450728566146;57;0;false
1450728566438;1450728566491;57;2;false
1450728566672;1450728566724;56;1;false
1450728566900;1450728566952;54;1;false
1450728567012;1450728567064;54;0;false
1450728567247;1450728567298;56;1;false
1450728567358;1450728567415;54;0;false
1450728567697;1450728567754;54;2;false
1450728567816;1450728567868;55;0;false
1450728567928;1450728567985;54;0;false
1450728568045;1450728568097;55;0;false
1450728568499;1450728568557;58;3;false
1450728568728;1450728568779;54;1;false
1450728568840;1450728568897;55;0;false
1450728568959;1450728569010;57;0;false
1450728569071;1450728569127;54;0;false
1450728569187;1450728569239;55;0;false
1450728569301;1450728569353;57;0;false
1450728569413;1450728569470;55;0;false
1450728569530;1450728569592;54;0;false
1450728569654;1450728569722;55;0;false
1450728569784;1450728569845;56;0;false
1450728570030;1450728570098;54;1;false
1450728570158;1450728570220;53;0;false
1450728570582;1450728570650;355;0;false
1450728570712;1450728570775;56;0;false
1450728570836;1450728570898;55;0;false
1450728570959;1450728571027;55;0;false
1450728571090;1450728571152;56;0;false
1450728571213;1450728571270;54;0;false
1450728571333;1450728571385;57;0;false
1450728571445;1450728571497;55;0;false
1450728571557;1450728571614;55;0;false
1450728571674;1450728571726;55;0;false
1450728571786;1450728571843;55;0;false
1450728571904;1450728571955;54;0;false
1450728572016;1450728572067;54;0;false
1450728572428;1450728572485;354;0;false
1450728572549;1450728572601;58;0;false
1450728572890;1450728572942;55;2;false
1450728573003;1450728573060;55;0;false
1450728573120;1450728573173;55;0;false
1450728573234;1450728573291;55;0;false
1450728573351;1450728573403;54;0;false
1450728573464;1450728573516;55;0;false
1450728573576;1450728573633;54;0;false
1450728573693;1450728573745;54;0;false
1450728573923;1450728573975;56;1;false
1450728574036;1450728574098;55;0;false
1450728574288;1450728574350;55;1;false
1450728574412;1450728574480;55;0;false
1450728574787;1450728574856;54;2;false
1450728575168;1450728575229;55;2;false
1450728575421;1450728575489;61;1;false
1450728575674;1450728575742;55;1;false
1450728575804;1450728575866;56;0;false
1450728575928;1450728575991;55;0;false
1450728576434;1450728576496;55;3;false
1450728576556;1450728576618;54;0;false
1450728576680;1450728576748;55;0;false
1450728577110;1450728577173;356;0;false
1450728577234;1450728577302;55;0;false
1450728577364;1450728577425;54;0;false
1450728577486;1450728577547;53;0;false
1450728577609;1450728577677;54;0;false
1450728577738;1450728577800;55;0;false
1450728577861;1450728577929;55;0;false
1450728577994;1450728578055;59;0;false
1450728578239;1450728578307;56;1;false
1450728578368;1450728578430;55;0;false
1450728578792;1450728578860;356;0;false
1450728578924;1450728578985;57;0;false
1450728579048;1450728579110;56;0;false
1450728579473;1450728579541;357;0;false
1450728579602;1450728579664;54;0;false
1450728580025;1450728580093;354;0;false
1450728580701;1450728580780;355;2;false
1450728580843;1450728580915;55;0;false
1450728580976;1450728581055;54;0;false
1450728581117;1450728581189;54;0;false
1450728581254;1450728581326;58;0;false
1450728581664;1450728581743;56;2;false
1450728581805;1450728581877;55;0;false
1450728581943;1450728582015;58;0;false
1450728582077;1450728582157;55;0;false
1450728582219;1450728582291;55;0;false
1450728582352;1450728582431;54;0;false
1450728582493;1450728582565;55;0;false
1450728582627;1450728582699;55;0;false
1450728582764;1450728582843;57;0;false
1450728582905;1450728582977;55;0;false
1450728583040;1450728583108;55;0;false
1450728583580;1450728583632;355;1;false
1450728583992;1450728584050;355;0;false
1450728584220;1450728584277;54;1;false
1450728584340;1450728584391;56;0;false
1450728584452;1450728584504;55;0;false
1450728584566;1450728584623;56;0;false
1450728584794;1450728584851;54;1;false
1450728585555;1450728585607;355;3;false
1450728585785;1450728585836;54;1;false
1450728585896;1450728585948;55;0;false
1450728586010;1450728586067;57;0;false
1450728586130;1450728586182;56;0;false
1450728586241;1450728586298;54;0;false
1450728586358;1450728586410;55;0;false
1450728586469;1450728586521;54;0;false
1450728586583;1450728586640;57;0;false
1450728586702;1450728586764;56;0;false
1450728586826;1450728586894;55;0;false
1450728586959;1450728587021;59;0;false
1450728587082;1450728587144;55;0;false
1450728587205;1450728587273;55;0;false
1450728587337;1450728587399;57;0;false
1450728587460;1450728587529;55;0;false
1450728587715;1450728587777;56;1;false
1450728587847;1450728587914;63;0;false
1450728588276;1450728588338;355;0;false
1450728588776;1450728588845;57;3;false
1450728588908;1450728588970;57;0;false
1450728589160;1450728589222;55;1;false
1450728589283;1450728589346;54;0;false
1450728589540;1450728589602;56;1;false
1450728589663;1450728589732;55;0;false
1450728589793;1450728589854;54;0;false
1450728589915;1450728589976;54;0;false
1450728590038;1450728590105;56;0;false
1450728590166;1450728590228;55;0;false
1450728590288;1450728590356;53;0;false
1450728590418;1450728590479;56;0;false
1450728590538;1450728590589;53;0;false
1450728590651;1450728590708;56;0;false
1450728590768;1450728590819;54;0;false
1450728590879;1450728590936;55;0;false
1450728590996;1450728591048;55;0;false
1450728591110;1450728591162;56;0;false
1450728591221;1450728591278;54;0;false
1450728591448;1450728591505;55;1;false
1450728591566;1450728591618;56;0;false
1450728591791;1450728591848;55;1;false
1450728591908;1450728591960;54;0;false
1450728592138;1450728592192;55;1;false
1450728592251;1450728592303;54;0;false
1450728592363;1450728592420;55;0;false
1450728592481;1450728592533;56;0;false
1450728592592;1450728592649;54;0;false
1450728592827;1450728592878;61;1;false
1450728592939;1450728592996;55;0;false
1450728593057;1450728593108;54;0;false
1450728593168;1450728593224;53;0;false
1450728593285;1450728593337;55;0;false
1450728593399;1450728593450;57;0;false
1450728593627;1450728593678;54;1;false
1450728593737;1450728593794;54;0;false
1450728593968;1450728594019;54;1;false
1450728594078;1450728594135;54;0;false
1450728594195;1450728594246;54;0;false
1450728594423;1450728594475;54;1;false
1450728594536;1450728594587;56;0;false
1450728594646;1450728594703;54;0;false
1450728594764;1450728594836;54;0;false
1450728595042;1450728595113;56;1;false
1450728595174;1450728595246;54;0;false
1450728595448;1450728595520;54;1;false
1450728595725;1450728595797;57;1;false
1450728595994;1450728596073;57;1;false
1450728596137;1450728596209;56;0;false
1450728596271;1450728596350;55;0;false
1450728596544;1450728596616;55;1;false
1450728596820;1450728596892;56;1;false
1450728596956;1450728597035;55;0;false
1450728597097;1450728597169;55;0;false
1450728597368;1450728597447;56;1;false
1450728597509;1450728597581;54;0;false
1450728597643;1450728597723;55;0;false
1450728597785;1450728597857;55;0;false
1450728597920;1450728597992;55;0;false
1450728598055;1450728598134;55;0;false
1450728598198;1450728598270;55;0;false
1450728598334;1450728598413;56;0;false
1450728598476;1450728598548;55;0;false
1450728598610;1450728598682;54;0;false
1450728598910;1450728598982;78;1;false
1450728599046;1450728599125;56;0;false
1450728599189;1450728599261;56;0;false
1450728599324;1450728599378;55;0;false
1450728599439;1450728599496;54;0;false
1450728599557;1450728599609;56;0;false
1450728599669;1450728599726;55;0;false
1450728599899;1450728599951;54;1;false
1450728600014;1450728600071;57;0;false
1450728600132;1450728600184;55;0;false
1450728600245;1450728600302;55;0;false
1450728600362;1450728600414;55;0;false
1450728600475;1450728600526;55;0;false
1450728600587;1450728600643;55;0;false
1450728600817;1450728600874;56;1;false
1450728600933;1450728600986;54;0;false
1450728601048;1450728601099;56;0;false
1450728601160;1450728601217;55;0;false
1450728601390;1450728601447;55;1;false
1450728601506;1450728601558;54;0;false
1450728601619;1450728601671;56;0;false
1450728601733;1450728601790;57;0;false
1450728601962;1450728602019;55;1;false
1450728602079;1450728602131;54;0;false
1450728602192;1450728602244;55;0;false
1450728602305;1450728602362;56;0;false
1450728602423;1450728602476;55;0;false
1450728602535;1450728602592;53;0;false
1450728602654;1450728602706;57;0;false
1450728602766;1450728602818;55;0;false
1450728602878;1450728602935;54;0;false
1450728602995;1450728603047;55;0;false
1450728603111;1450728603169;59;0;false
1450728603230;1450728603281;55;0;false
1450728603343;1450728603395;55;0;false
1450728603685;1450728603764;54;2;false
1450728603962;1450728604034;56;1;false
1450728604239;1450728604312;56;1;false
1450728604375;1450728604454;56;0;false
1450728604516;1450728604588;54;0;false
1450728604650;1450728604722;55;0;false
1450728604926;1450728604998;54;1;false
1450728605062;1450728605142;56;0;false
1450728605206;1450728605278;56;0;false
1450728605339;1450728605411;54;0;false
1450728605617;1450728605689;56;1;false
1450728605750;1450728605830;54;0;false
1450728605893;1450728605965;55;0;false
1450728606029;1450728606101;57;0;false
1450728606304;1450728606377;54;1;false
1450728606439;1450728606518;54;0;false
1450728606591;1450728606663;66;0;false
1450728606726;1450728606799;55;0;false
1450728606861;1450728606940;55;0;false
1450728607002;1450728607074;55;0;false
1450728607135;1450728607215;54;0;false
1450728607414;1450728607486;58;1;false
1450728607549;1450728607628;55;0;false
1450728607813;1450728607870;55;1;false
1450728608345;1450728608397;357;1;false
1450728608458;1450728608516;55;0;false
1450728608689;1450728608746;55;1;false
1450728608806;1450728608858;54;0;false
1450728609448;1450728609501;355;2;false
1450728609687;1450728609739;57;1;false
1450728609800;1450728609852;56;0;false
1450728609912;1450728609970;55;0;false
1450728610032;1450728610084;57;0;false
1450728610145;1450728610202;55;0;false
1450728610263;1450728610315;54;0;false
1450728610375;1450728610427;55;0;false
1450728610488;1450728610545;55;0;false
1450728610605;1450728610657;54;0;false
1450728610717;1450728610775;55;0;false
1450728610835;1450728610887;54;0;false
1450728610948;1450728611000;56;0;false
1450728611177;1450728611229;55;1;false
1450728611289;1450728611346;55;0;false
1450728611632;1450728611689;54;2;false
1450728612049;1450728612101;354;0;false
1450728612161;1450728612218;55;0;false
1450728612281;1450728612333;57;0;false
1450728612393;1450728612445;55;0;false
1450728612505;1450728612562;55;0;false
1450728612623;1450728612675;54;0;false
1450728612737;1450728612794;57;0;false
1450728612854;1450728612906;54;0;false
1450728613078;1450728613135;55;1;false
1450728613196;1450728613248;54;0;false
1450728613309;1450728613366;55;0;false
1450728613425;1450728613477;54;0;false
1450728613539;1450728613591;56;0;false
1450728613651;1450728613708;55;0;false
1450728613880;1450728613937;55;1;false
1450728613995;1450728614046;53;0;false
1450728614106;1450728614158;55;0;false
1450728614218;1450728614276;55;0;false
1450728614336;1450728614388;55;0;false
1450728614565;1450728614617;55;1;false
1450728614677;1450728614729;55;0;false
1450728614791;1450728614849;57;0;false
1450728614908;1450728614960;54;0;false
1450728615022;1450728615080;56;0;false
1450728615252;1450728615304;54;1;false
1450728615364;1450728615421;55;0;false
1450728615483;1450728615535;56;0;false
1450728615713;1450728615766;55;1;false
1450728615938;1450728615996;54;1;false
1450728616056;1450728616108;55;0;false
1450728616288;1450728616341;55;1;false
1450728616399;1450728616451;53;0;false
1450728616513;1450728616570;57;0;false
1450728616631;1450728616683;55;0;false
1450728616744;1450728616802;55;0;false
1450728616863;1450728616915;55;0;false
1450728616975;1450728617027;54;0;false
1450728617087;1450728617146;55;0;false
1450728617207;1450728617259;55;0;false
1450728617318;1450728617375;54;0;false
1450728617435;1450728617487;53;0;false
1450728617547;1450728617600;55;0;false
1450728617660;1450728617717;54;0;false
1450728617777;1450728617830;55;0;false
1450728617889;1450728617947;54;0;false
1450728618007;1450728618059;55;0;false
1450728618119;1450728618170;55;0;false
1450728618346;1450728618398;53;1;false
1450728618459;1450728618517;55;0;false
1450728618688;1450728618740;53;1;false
1450728618801;1450728618858;56;0;false
1450728618919;1450728618971;55;0;false
1450728619031;1450728619089;55;0;false
1450728619151;1450728619203;57;0;false
1450728619263;1450728619315;55;0;false
1450728619381;1450728619438;61;0;false
1450728619498;1450728619550;55;0;false
1450728619611;1450728619667;55;0;false
1450728619726;1450728619778;53;0;false
1450728619839;1450728619891;56;0;false
1450728619952;1450728620010;55;0;false
1450728620069;1450728620121;54;0;false
1450728620413;1450728620465;55;2;false
1450728620524;1450728620582;54;0;false
1450728620641;1450728620692;54;0;false
1450728620753;1450728620810;55;0;false
1450728620870;1450728620922;54;0;false
1450728620983;1450728621035;56;0;false
1450728621214;1450728621266;56;1;false
1450728621326;1450728621383;54;0;false
1450728621553;1450728621605;54;1;false
1450728621665;1450728621723;55;0;false
1450728621783;1450728621834;55;0;false
1450728621895;1450728621952;55;0;false
1450728622012;1450728622064;55;0;false
1450728622125;1450728622177;55;0;false
1450728622236;1450728622293;54;0;false
1450728622354;1450728622406;55;0;false
1450728622582;1450728622634;54;1;false
1450728622694;1450728622746;54;0;false
1450728623036;1450728623093;55;2;false
1450728623155;1450728623207;57;0;false
1450728623382;1450728623439;58;1;false
1450728623500;1450728623552;56;0;false
1450728623611;1450728623668;53;0;false
1450728623953;1450728624011;55;2;false
1450728624483;1450728624540;355;1;false
1450728624600;1450728624652;54;0;false
1450728624713;1450728624765;55;0;false
1450728624825;1450728624882;55;0;false
1450728624942;1450728624995;55;0;false
1450728625058;1450728625115;57;0;false
1450728625387;1450728625439;56;1;false
1450728625594;1450728625651;150;0;false
1450728626039;1450728626091;55;2;false
1450728626243;1450728626295;147;0;false
1450728626676;1450728626733;57;2;false
1450728627275;1450728627327;56;3;false
1450728627392;1450728627450;53;0;false
1450728627510;1450728627562;54;0;false
1450728627734;1450728627791;57;1;false
1450728627851;1450728627903;54;0;false
1450728627964;1450728628021;56;0;false
1450728628081;1450728628133;55;0;false
1450728628193;1450728628245;55;0;false
1450728628421;1450728628473;54;1;false
1450728628535;1450728628593;56;0;false
1450728628653;1450728628705;55;0;false
1450728628764;1450728628817;54;0;false
1450728629106;1450728629163;55;2;false
1450728629225;1450728629277;55;0;false
1450728629336;1450728629388;54;0;false
1450728629447;1450728629504;54;0;false
1450728629564;1450728629616;54;0;false
1450728629792;1450728629844;54;1;false
1450728629904;1450728629956;54;0;false
1450728630015;1450728630072;53;0;false
1450728630132;1450728630185;53;0;false
1450728630247;1450728630304;57;0;false
1450728630363;1450728630415;53;0;false
1450728630475;1450728630527;55;0;false
1450728630703;1450728630756;53;1;false
1450728630815;1450728630873;54;0;false
1450728630933;1450728630985;54;0;false
1450728631045;1450728631097;55;0;false
1450728631274;1450728631326;54;1;false
1450728631386;1450728631443;54;0;false
1450728631504;1450728631557;56;0;false
1450728631615;1450728631667;53;0;false
1450728631843;1450728631894;55;1;false
1450728631954;1450728632011;54;0;false
1450728632071;1450728632122;54;0;false
1450728632183;1450728632234;56;0;false
1450728632295;1450728632352;55;0;false
1450728632413;1450728632464;55;0;false
1450728632525;1450728632582;56;0;false
1450728632658;1450728632709;71;0;false
1450728633094;1450728633146;116;2;false
1450728633206;1450728633262;55;0;false
1450728633324;1450728633376;57;0;false
1450728633435;1450728633487;54;0;false
1450728633548;1450728633605;56;0;false
1450728634200;1450728634252;55;2;false
1450728634312;1450728634365;55;0;false
1450728634425;1450728634481;54;0;false
1450728634553;1450728634604;67;0;false
1450728634669;1450728634748;58;0;false
1450728634812;1450728634883;57;0;false
1450728634944;1450728635016;54;0;false
1450728635359;1450728635438;60;2;false
1450728635506;1450728635578;61;0;false
1450728635947;1450728636019;362;0;false
1450728636083;1450728636165;57;0;false
1450728636227;1450728636299;55;0;false
1450728636365;1450728636444;59;0;false
1450728636509;1450728636581;57;0;false
1450728636643;1450728636715;55;0;false
1450728636776;1450728636855;54;0;false
1450728636918;1450728636990;56;0;false
1450728637063;1450728637142;66;0;false
1450728637339;1450728637410;58;1;false
1450728637474;1450728637553;56;0;false
1450728637770;1450728637849;64;1;false
1450728637982;1450728638046;126;0;false
1450728638284;1450728638352;108;1;false
1450728638465;1450728638527;107;0;false
1450728638687;1450728638755;154;0;false
1450728638983;1450728639044;221;0;false
1450728639338;1450728639399;286;0;false
1450728639816;1450728639884;411;0;false
1450728640739;1450728640801;849;0;false
1450728641019;1450728641081;55;1;false
1450728641142;1450728641203;55;0;false
1450728641266;1450728641335;56;0;false
1450728641397;1450728641459;56;0;false
1450728641520;1450728641587;54;0;false
1450728641650;1450728641711;56;0;false
1450728641773;1450728641835;56;0;false
1450728641938;1450728641995;98;0;false
1450728642111;1450728642163;111;0;false
1450728642322;1450728642378;153;0;false
1450728642582;1450728642634;198;0;false
1450728642729;1450728642780;90;0;false
1450728642898;1450728642955;111;0;false
1450728643174;1450728643231;79;1;false
1450728645884;1450728645935;2647;0;false
1450728646013;1450728646065;72;0;false
1450728646164;1450728646221;94;0;false
1450728646282;1450728646334;55;0;false
1450728646407;1450728646464;68;0;false
1450728647050;1450728647102;581;0;false
1450728647185;1450728647237;78;0;false
1450728647300;1450728647358;57;0;false
1450728647533;1450728647590;56;1;false
1450728647649;1450728647701;54;0;false
1450728647767;1450728647819;61;0;false
1450728648242;1450728648299;416;0;false
1450728648486;1450728648544;71;1;false
1450728648605;1450728648667;55;0;false
1450728648851;1450728648919;55;1;false
1450728648983;1450728649045;58;0;false
1450728649106;1450728649173;55;0;false
1450728649239;1450728649301;59;0;false
1450728649365;1450728649427;58;0;false
1450728649500;1450728649568;67;0;false
1450728650017;1450728650078;58;3;false
1450728650146;1450728650214;59;0;false
1450728650278;1450728650339;57;0;false
1450728650533;1450728650595;57;1;false
1450728650659;1450728650721;58;0;false
1450728650784;1450728650852;57;0;false
1450728650913;1450728650975;54;0;false
1450728651167;1450728651229;56;1;false
1450728651289;1450728651352;54;0;false
1450728651545;1450728651607;58;1;false
1450728651668;1450728651736;54;0;false
1450728652358;1450728652425;59;2;false
1450728652609;1450728652677;55;1;false
1450728652741;1450728652803;58;0;false
1450728652866;1450728652927;57;0;false
1450728652991;1450728653058;57;0;false
1450728653119;1450728653184;55;0;false
1450728653246;1450728653313;56;0;false
1450728653383;1450728653445;63;0;false
1450728653636;1450728653703;59;1;false
1450728653774;1450728653836;65;0;false
1450728654198;1450728654266;356;0;false
1450728654328;1450728654390;55;0;false
1450728654452;1450728654514;55;0;false
1450728654705;1450728654766;55;1;false
1450728654829;1450728654897;56;0;false
1450728654960;1450728655022;57;0;false
1450728655083;1450728655145;55;0;false
1450728655207;1450728655274;56;0;false
1450728655459;1450728655527;55;1;false
1450728655589;1450728655651;56;0;false
1450728655713;1450728655775;56;0;false
1450728655836;1450728655903;55;0;false
1450728655965;1450728656026;56;0;false
1450728656087;1450728656157;55;0;false
1450728656341;1450728656403;57;1;false
1450728656464;1450728656532;54;0;false
1450728656593;1450728656655;54;0;false
1450728656716;1450728656784;54;0;false
1450728656844;1450728656906;54;0;false
1450728657475;1450728657537;55;4;false
1450728657599;1450728657661;56;0;false
1450728657721;1450728657789;54;0;false
1450728657851;1450728657913;56;0;false
1450728657974;1450728658041;54;0;false
1450728658101;1450728658163;53;0;false
1450728658225;1450728658281;56;0;false
1450728658341;1450728658398;54;0;false
1450728658456;1450728658508;53;0;false
1450728658568;1450728658625;55;0;false
1450728658686;1450728658737;55;0;false
1450728658798;1450728658850;55;0;false
1450728658909;1450728658966;54;0;false
1450728659027;1450728659080;54;0;false
1450728659148;1450728659205;63;0;false
1450728659265;1450728659317;54;0;false
1450728659377;1450728659430;54;0;false
1450728659606;1450728659657;54;1;false
1450728659717;1450728659775;54;0;false
1450728659835;1450728659888;55;0;false
1450728659948;1450728660000;55;0;false
1450728660062;1450728660118;56;0;false
1450728660181;1450728660232;58;0;false
1450728660297;1450728660354;60;0;false
1450728660583;1450728660634;110;1;false
1450728660812;1450728660864;55;1;false
1450728660925;1450728660981;55;0;false
1450728661263;1450728661320;54;2;false
1450728661380;1450728661431;55;0;false
1450728661607;1450728661659;54;1;false
1450728661719;1450728661771;55;0;false
1450728661834;1450728661913;55;0;false
1450728661977;1450728662049;57;0;false
1450728662112;1450728662191;55;0;false
1450728662254;1450728662325;54;0;false
1450728662387;1450728662459;55;0;false
1450728662521;1450728662600;55;0;false
1450728662798;1450728662877;57;1;false
1450728662940;1450728663012;55;0;false
1450728663075;1450728663147;56;0;false
1450728663209;1450728663288;54;0;false
1450728663353;1450728663424;57;0;false
1450728663771;1450728663842;58;2;false
1450728663911;1450728663989;62;0;false
1450728664055;1450728664127;58;0;false
1450728664200;1450728664279;66;0;false
1450728664343;1450728664415;57;0;false
1450728664477;1450728664549;55;0;false
1450728664754;1450728664826;56;1;false
1450728664890;1450728664969;56;0;false
1450728665301;1450728665380;54;2;false
1450728665442;1450728665514;54;0;false
