1450754425016;1450754425077;157;0;false
1450754425138;1450754425548;56;2;false
1450754425608;1450754425675;53;0;false
1450754425737;1450754425924;54;1;false
1450754425983;1450754426044;53;0;false
1450754426105;1450754426166;55;0;false
1450754426242;1450754426309;70;0;false
1450754426375;1450754426436;60;0;false
1450754426507;1450754426574;65;0;false
1450754426943;1450754427004;363;0;false
1450754427079;1450754427140;69;0;false
1450754427213;1450754427280;67;0;false
1450754427359;1450754427546;54;1;false
1450754427609;1450754427669;56;0;false
1450754427730;1450754427801;54;0;false
1450754427862;1450754427939;54;0;false
1450754428000;1450754428210;54;1;false
1450754428270;1450754428341;53;0;false
1450754428402;1450754428473;54;0;false
1450754428533;1450754428614;53;0;false
1450754428676;1450754428747;55;0;false
1450754428809;1450754428886;54;0;false
1450754428948;1450754429018;54;0;false
1450754429079;1450754429150;52;0;false
1450754429211;1450754429290;54;0;false
1450754429353;1450754429424;56;0;false
1450754429486;1450754429565;54;0;false
1450754429626;1450754429697;54;0;false
1450754429758;1450754429829;54;0;false
1450754429892;1450754429969;56;0;false
1450754430031;1450754430103;54;0;false
1450754430166;1450754430244;55;0;false
1450754430306;1450754430376;55;0;false
1450754430437;1450754430507;53;0;false
1450754430568;1450754430646;53;0;false
1450754430708;1450754430917;54;1;false
1450754430978;1450754431049;54;0;false
1450754431109;1450754431319;54;1;false
1450754431381;1450754431566;53;1;false
1450754431625;1450754431676;54;0;false
1450754431735;1450754431786;54;0;false
1450754431845;1450754432009;52;1;false
1450754432067;1450754432123;53;0;false
1450754432182;1450754432232;54;0;false
1450754432292;1450754432342;53;0;false
1450754432400;1450754432456;52;0;false
1450754432516;1450754432567;55;0;false
1450754432626;1450754432791;54;1;false
1450754432849;1450754432900;52;0;false
1450754432962;1450754433017;57;0;false
1450754433077;1450754433128;54;0;false
1450754433190;1450754433245;57;0;false
1450754433305;1450754433355;53;0;false
1450754433414;1450754433465;53;0;false
1450754433524;1450754433580;54;0;false
1450754433637;1450754433688;52;0;false
1450754433749;1450754433805;56;0;false
1450754433864;1450754433914;54;0;false
1450754433973;1450754434024;53;0;false
1450754434084;1450754434140;55;0;false
1450754434200;1450754434250;54;0;false
1450754434311;1450754434366;55;0;false
1450754434425;1450754434476;53;0;false
1450754434536;1450754434587;55;0;false
1450754434646;1450754434703;54;0;false
1450754434763;1450754434815;54;0;false
1450754434875;1450754434931;54;0;false
1450754434991;1450754435043;54;0;false
1450754435102;1450754435269;53;1;false
1450754435327;1450754435494;54;1;false
1450754435554;1450754435605;54;0;false
1450754435664;1450754435715;54;0;false
1450754435774;1450754435942;55;1;false
1450754436003;1450754436060;55;0;false
1450754436119;1450754436171;54;0;false
1450754436240;1450754436292;64;0;false
1450754436370;1450754436426;72;0;false
1450754436502;1450754436553;71;0;false
1450754436639;1450754436695;81;0;false
1450754436779;1450754436831;79;0;false
1450754436911;1450754437098;73;1;false
1450754437256;1450754437307;153;0;false
1450754437373;1450754437430;60;0;false
1450754437499;1450754437550;64;0;false
1450754437609;1450754437660;53;0;false
1450754437721;1450754437778;55;0;false
1450754437837;1450754437888;53;0;false
1450754437948;1450754438005;55;0;false
1450754438064;1450754438115;54;0;false
1450754438175;1450754438227;55;0;false
1450754438287;1450754438343;55;0;false
1450754438403;1450754438454;53;0;false
1450754438514;1450754438571;54;0;false
1450754438630;1450754438792;54;1;false
1450754438852;1450754438909;55;0;false
1450754438968;1450754439029;53;0;false
1450754439088;1450754439156;52;0;false
1450754439216;1450754439399;54;1;false
1450754439460;1450754439528;55;0;false
1450754439589;1450754439650;55;0;false
1450754439710;1450754439777;54;0;false
1450754439836;1450754439897;53;0;false
1450754439957;1450754440018;54;0;false
1450754440078;1450754440145;54;0;false
1450754440204;1450754440265;53;0;false
1450754440325;1450754440764;54;3;false
1450754440823;1450754440884;53;0;false
1450754440943;1450754441010;53;0;false
1450754441069;1450754441252;55;1;false
1450754441312;1450754441378;53;0;false
1450754441438;1450754441625;53;1;false
1450754441684;1450754441745;53;0;false
1450754441806;1450754441868;54;0;false
1450754441928;1450754441995;54;0;false
1450754442055;1450754442242;54;1;false
1450754442302;1450754442484;54;1;false
1450754442543;1450754442610;53;0;false
1450754442671;1450754442730;54;0;false
1450754442788;1450754442954;54;1;false
1450754443014;1450754443065;55;0;false
1450754443126;1450754443182;55;0;false
1450754443241;1450754443291;54;0;false
1450754443351;1450754443406;53;0;false
1450754443465;1450754443516;53;0;false
1450754443575;1450754443626;54;0;false
1450754443684;1450754443740;53;0;false
1450754443798;1450754443849;53;0;false
1450754443908;1450754443964;54;0;false
1450754444022;1450754444073;53;0;false
1450754444134;1450754444184;54;0;false
1450754444243;1450754444299;54;0;false
1450754444357;1450754444407;53;0;false
1450754444466;1450754444522;53;0;false
1450754444581;1450754444631;54;0;false
1450754444691;1450754444856;54;1;false
1450754444914;1450754444965;53;0;false
1450754445024;1450754445080;54;0;false
1450754445139;1450754445189;54;0;false
1450754445259;1450754445310;64;0;false
1450754445379;1450754445435;64;0;false
1450754445494;1450754445545;54;0;false
1450754445606;1450754445662;56;0;false
1450754445721;1450754445882;54;1;false
1450754445941;1450754445997;54;0;false
1450754446059;1450754446224;54;1;false
1450754446299;1450754446350;69;0;false
1450754446421;1450754446471;66;0;false
1450754446546;1450754446608;70;0;false
1450754446687;1450754446895;74;1;false
1450754446971;1450754447032;70;0;false
1450754447108;1450754447169;70;0;false
1450754447233;1450754447300;58;0;false
1450754447359;1450754447669;56;2;false
1450754447730;1450754447917;54;1;false
1450754447976;1450754448037;53;0;false
1450754448097;1450754448164;54;0;false
1450754448224;1450754448285;54;0;false
1450754448345;1450754448406;54;0;false
1450754448467;1450754448534;55;0;false
1450754448593;1450754448654;53;0;false
1450754448713;1450754448780;53;0;false
1450754448840;1450754448900;54;0;false
1450754448963;1450754449023;56;0;false
1450754449083;1450754449398;55;2;false
1450754449459;1450754449520;55;0;false
1450754449580;1450754449769;53;1;false
1450754449830;1450754449892;54;0;false
1450754449952;1450754450019;53;0;false
1450754450081;1450754450142;55;0;false
1450754450203;1450754450264;54;0;false
1450754450324;1450754450392;54;0;false
1450754450452;1450754450514;54;0;false
1450754450576;1450754450764;53;1;false
1450754450825;1450754450886;55;0;false
1450754450947;1450754451014;55;0;false
1450754451074;1450754451136;53;0;false
1450754451196;1450754451263;54;0;false
1450754451324;1450754451386;54;0;false
1450754451448;1450754451509;56;0;false
1450754451571;1450754451638;54;0;false
1450754451700;1450754451889;54;1;false
1450754451949;1450754452011;54;0;false
1450754452072;1450754452134;55;0;false
1450754452194;1450754452384;56;1;false
1450754452445;1450754452513;55;0;false
1450754452575;1450754452636;56;0;false
1450754452697;1450754452759;54;0;false
1450754452819;1450754452887;54;0;false
1450754452951;1450754453140;55;1;false
1450754453201;1450754453383;54;1;false
1450754453446;1450754453513;55;0;false
1450754453573;1450754453635;53;0;false
1450754453696;1450754453764;55;0;false
1450754453824;1450754453886;54;0;false
1450754453946;1450754454008;54;0;false
1450754454068;1450754454136;54;0;false
1450754454198;1450754454259;56;0;false
1450754454321;1450754454388;54;0;false
1450754454449;1450754454510;55;0;false
1450754454571;1450754454631;53;0;false
1450754454691;1450754454758;53;0;false
1450754454818;1450754454879;54;0;false
1450754454938;1450754455005;53;0;false
1450754455065;1450754455125;53;0;false
1450754455185;1450754455246;53;0;false
1450754455305;1450754455372;53;0;false
1450754455432;1450754455493;54;0;false
1450754455552;1450754455619;53;0;false
1450754455680;1450754455740;55;0;false
1450754455799;1450754455860;52;0;false
1450754455920;1450754455987;54;0;false
1450754456047;1450754456108;54;0;false
1450754456170;1450754456236;55;0;false
1450754456319;1450754456380;76;0;false
1450754456459;1450754456664;71;1;false
1450754456750;1450754456956;73;1;false
1450754457038;1450754457100;76;0;false
1450754457184;1450754457245;78;0;false
1450754457326;1450754457393;75;0;false
1450754457518;1450754457705;53;1;false
1450754457767;1450754458077;55;2;false
1450754458140;1450754458201;57;0;false
1450754458260;1450754458449;55;1;false
1450754458509;1450754458570;54;0;false
1450754458629;1450754458696;53;0;false
1450754458757;1450754458818;55;0;false
1450754458877;1450754458944;53;0;false
1450754459003;1450754459065;53;0;false
1450754459126;1450754459187;55;0;false
1450754459248;1450754459437;54;1;false
1450754459497;1450754459565;54;0;false
1450754459625;1450754459685;53;0;false
1450754459745;1450754459806;54;0;false
1450754459866;1450754459933;54;0;false
1450754459993;1450754460053;54;0;false
1450754460113;1450754460180;53;0;false
1450754460239;1450754460419;52;1;false
1450754460479;1450754460666;53;1;false
1450754460725;1450754460792;53;0;false
1450754460854;1450754460915;56;0;false
1450754460975;1450754461035;54;0;false
1450754461095;1450754461412;53;2;false
1450754461471;1450754461532;53;0;false
1450754461591;1450754461652;53;0;false
1450754461713;1450754461779;55;0;false
1450754461840;1450754461901;54;0;false
1450754461959;1450754462026;52;0;false
1450754462087;1450754462269;54;1;false
1450754462329;1450754462396;54;0;false
1450754462456;1450754462517;54;0;false
1450754462578;1450754462645;55;0;false
1450754462706;1450754462767;55;0;false
1450754462827;1450754462887;53;0;false
1450754462947;1450754463014;53;0;false
1450754463074;1450754463135;54;0;false
1450754463194;1450754463261;53;0;false
1450754463323;1450754463384;56;0;false
1450754463447;1450754463508;57;0;false
1450754463569;1450754463636;55;0;false
1450754463696;1450754463757;54;0;false
1450754463817;1450754463884;54;0;false
1450754463944;1450754464005;54;0;false
1450754464064;1450754464374;53;2;false
1450754464433;1450754464500;53;0;false
1450754464561;1450754464622;55;0;false
1450754464681;1450754464742;53;0;false
1450754464803;1450754464871;55;0;false
1450754464932;1450754465120;55;1;false
1450754465180;1450754465241;54;0;false
1450754465305;1450754465369;58;0;false
1450754465437;1450754465504;62;0;false
1450754465564;1450754465625;54;0;false
1450754465684;1450754465751;53;0;false
1450754465811;1450754465872;54;0;false
1450754465936;1450754465997;58;0;false
1450754466056;1450754466123;53;0;false
1450754466183;1450754466243;54;0;false
1450754466303;1450754466370;53;0;false
1450754466430;1450754466490;54;0;false
1450754466551;1450754466612;55;0;false
1450754466671;1450754466738;53;0;false
1450754466797;1450754466858;53;0;false
1450754466920;1450754466987;56;0;false
1450754467049;1450754467110;56;0;false
1450754467170;1450754467496;64;2;false
1450754467565;1450754467632;63;0;false
1450754467707;1450754467905;70;1;false
1450754467979;1450754468046;68;0;false
1450754468126;1450754468186;73;0;false
1450754468267;1450754468474;73;1;false
1450754468535;1450754468596;55;0;false
1450754468655;1450754468968;53;2;false
1450754469028;1450754469089;53;0;false
1450754469149;1450754469336;54;1;false
1450754469395;1450754469456;53;0;false
1450754469517;1450754469585;55;0;false
1450754469647;1450754469708;56;0;false
1450754469770;1450754469832;55;0;false
1450754469892;1450754469959;54;0;false
1450754470020;1450754470082;54;0;false
1450754470141;1450754470330;53;1;false
1450754470393;1450754470455;57;0;false
1450754470515;1450754470583;54;0;false
1450754470643;1450754470704;53;0;false
1450754470766;1450754471077;53;2;false
1450754471138;1450754471206;55;0;false
1450754471266;1450754471328;54;0;false
1450754471387;1450754471455;53;0;false
1450754471516;1450754471577;55;0;false
1450754471639;1450754471700;55;0;false
1450754471760;1450754471828;53;0;false
1450754471888;1450754471950;54;0;false
1450754472010;1450754472078;54;0;false
1450754472391;1450754472442;307;0;false
1450754472501;1450754472669;55;1;false
1450754472730;1450754472781;55;0;false
1450754472841;1450754472897;54;0;false
1450754472958;1450754473009;53;0;false
1450754473071;1450754473238;54;1;false
1450754473298;1450754473349;55;0;false
1450754473411;1450754473577;53;1;false
1450754473637;1450754473689;55;0;false
1450754473748;1450754473804;54;0;false
1450754473865;1450754473916;55;0;false
1450754473978;1450754474034;56;0;false
1450754474095;1450754474145;55;0;false
1450754474205;1450754474255;54;0;false
1450754474314;1450754474370;54;0;false
1450754474430;1450754474481;55;0;false
1450754474539;1450754474596;53;0;false
1450754474656;1450754474708;55;0;false
1450754474767;1450754474819;54;0;false
1450754474880;1450754474936;56;0;false
1450754474995;1450754475047;53;0;false
1450754475106;1450754475163;54;0;false
1450754475222;1450754475274;54;0;false
1450754475333;1450754475756;310;1;false
1450754475815;1450754475866;54;0;false
1450754475924;1450754475981;53;0;false
1450754476041;1450754476092;54;0;false
1450754476152;1450754476575;309;1;false
1450754476633;1450754476685;52;0;false
1450754476744;1450754476800;54;0;false
1450754476860;1450754476912;54;0;false
1450754476972;1450754477024;55;0;false
1450754477084;1450754477140;54;0;false
1450754477200;1450754477251;54;0;false
1450754477333;1450754477390;77;0;false
1450754477470;1450754477522;75;0;false
1450754477600;1450754477651;73;0;false
1450754477735;1450754477924;77;1;false
1450754478003;1450754478059;74;0;false
1450754478140;1450754478341;75;1;false
1450754478472;1450754478683;55;1;false
1450754478745;1450754478824;54;0;false
1450754478886;1450754478957;54;0;false
1450754479018;1450754479231;55;1;false
1450754479293;1450754479364;55;0;false
1450754479426;1450754479504;55;0;false
1450754479566;1450754479637;54;0;false
1450754479699;1450754479770;55;0;false
1450754479832;1450754479909;54;0;false
1450754479972;1450754480183;56;1;false
1450754480244;1450754480315;54;0;false
1450754480376;1450754480447;54;0;false
1450754480507;1450754480718;55;1;false
1450754480780;1450754480858;55;0;false
1450754480919;1450754481122;54;1;false
1450754481181;1450754481392;55;1;false
1450754481453;1450754481530;54;0;false
1450754481593;1450754481664;55;0;false
1450754481725;1450754481795;54;0;false
1450754481856;1450754481934;53;0;false
1450754481994;1450754482065;53;0;false
1450754482126;1450754482204;54;0;false
1450754482264;1450754482468;55;1;false
1450754482529;1450754482606;53;0;false
1450754482669;1450754482740;55;0;false
1450754482800;1450754482878;53;0;false
1450754482941;1450754483011;55;0;false
1450754483071;1450754483142;53;0;false
1450754483204;1450754483281;55;0;false
1450754483345;1450754483416;56;0;false
1450754483477;1450754483554;53;0;false
1450754483615;1450754483675;54;0;false
1450754483737;1450754483798;55;0;false
1450754483858;1450754483925;54;0;false
1450754483984;1450754484045;53;0;false
1450754484104;1450754484171;53;0;false
1450754484231;1450754484292;54;0;false
1450754484351;1450754484412;53;0;false
1450754484472;1450754484539;54;0;false
1450754484600;1450754484661;53;0;false
1450754484722;1450754484789;54;0;false
1450754484851;1450754484912;55;0;false
1450754484972;1450754485162;55;1;false
1450754485229;1450754485291;60;0;false
1450754485353;1450754485420;56;0;false
1450754485490;1450754485552;63;0;false
1450754485614;1450754485675;56;0;false
1450754485735;1450754485803;53;0;false
1450754485864;1450754485925;55;0;false
1450754485985;1450754486053;54;0;false
1450754486113;1450754486175;54;0;false
1450754486235;1450754486297;54;0;false
1450754486357;1450754486424;54;0;false
1450754486486;1450754486547;55;0;false
1450754486607;1450754486674;53;0;false
1450754486735;1450754486796;54;0;false
1450754486857;1450754487168;55;2;false
1450754487235;1450754487303;60;0;false
1450754487381;1450754487724;74;2;false
1450754487796;1450754487857;65;0;false
1450754487938;1450754488006;75;0;false
1450754488085;1450754488286;72;1;false
1450754488610;1450754488678;317;0;false
1450754488739;1450754488929;54;1;false
1450754488994;1450754489055;58;0;false
1450754489115;1450754489176;54;0;false
1450754489236;1450754489303;54;0;false
1450754489362;1450754489423;53;0;false
1450754489484;1450754489671;54;1;false
1450754489733;1450754489794;56;0;false
1450754489854;1450754489921;54;0;false
1450754489981;1450754490288;55;2;false
1450754490347;1450754490408;52;0;false
1450754490467;1450754490780;53;2;false
1450754490840;1450754490900;54;0;false
1450754490962;1450754491023;55;0;false
1450754491085;1450754491271;52;1;false
1450754491331;1450754491398;54;0;false
1450754491458;1450754491519;54;0;false
1450754491579;1450754491769;57;1;false
1450754491830;1450754491891;54;0;false
1450754491950;1450754492016;53;0;false
1450754492077;1450754492137;54;0;false
1450754492197;1450754492258;53;0;false
1450754492319;1450754492506;54;1;false
1450754492566;1450754492633;53;0;false
1450754492694;1450754492876;54;1;false
1450754492938;1450754493005;56;0;false
1450754493065;1450754493252;53;1;false
1450754493313;1450754493374;55;0;false
1450754493433;1450754493494;53;0;false
1450754493555;1450754493622;55;0;false
1450754493682;1450754493869;54;1;false
1450754493929;1450754493990;54;0;false
1450754494048;1450754494110;52;0;false
1450754494172;1450754494239;55;0;false
1450754494301;1450754494362;56;0;false
1450754494421;1450754494488;53;0;false
1450754494549;1450754494745;54;1;false
1450754494808;1450754494886;55;0;false
1450754494947;1450754495019;54;0;false
1450754495080;1450754495158;54;0;false
1450754495219;1450754495291;54;0;false
1450754495352;1450754495424;54;0;false
1450754495485;1450754495564;54;0;false
1450754495627;1450754495698;55;0;false
1450754495759;1450754495838;54;0;false
1450754495900;1450754495971;54;0;false
1450754496032;1450754496104;54;0;false
1450754496165;1450754496378;55;1;false
1450754496440;1450754496518;54;0;false
1450754496580;1450754496651;55;0;false
1450754496712;1450754496784;53;0;false
1450754496845;1450754497057;54;1;false
1450754497120;1450754497198;56;0;false
1450754497274;1450754497345;69;0;false
1450754497425;1450754497496;71;0;false
1450754497579;1450754497658;76;0;false
1450754497742;1450754497813;77;0;false
1450754497896;1450754497962;75;0;false
1450754498044;1450754498095;77;0;false
1450754498201;1450754498252;100;0;false
1450754498317;1450754498373;59;0;false
1450754498439;1450754498490;60;0;false
1450754498549;1450754498605;54;0;false
1450754498665;1450754498716;54;0;false
1450754498777;1450754498828;54;0;false
1450754498889;1450754499305;54;3;false
1450754499367;1450754499428;54;0;false
1450754499488;1450754499556;54;0;false
1450754499615;1450754499802;53;1;false
1450754499863;1450754500044;54;1;false
1450754500108;1450754500175;58;0;false
1450754500236;1450754500297;54;0;false
1450754500357;1450754500423;54;0;false
1450754500483;1450754500544;53;0;false
1450754500606;1450754500667;56;0;false
1450754500727;1450754500794;54;0;false
1450754500854;1450754501041;53;1;false
1450754501102;1450754501163;54;0;false
1450754501224;1450754501285;55;0;false
1450754501344;1450754501411;53;0;false
1450754501472;1450754501660;55;1;false
1450754501720;1450754501780;54;0;false
1450754501840;1450754501901;53;0;false
1450754501962;1450754502029;55;0;false
1450754502089;1450754502276;53;1;false
1450754502337;1450754502398;55;0;false
1450754502458;1450754502519;54;0;false
1450754502579;1450754502647;54;0;false
1450754502706;1450754502767;52;0;false
1450754502826;1450754502892;52;0;false
1450754502952;1450754503013;53;0;false
1450754503073;1450754503133;54;0;false
1450754503194;1450754503261;54;0;false
1450754503321;1450754503382;53;0;false
1450754503442;1450754503509;54;0;false
1450754503570;1450754503632;55;0;false
1450754503693;1450754503754;55;0;false
1450754503813;1450754503880;53;0;false
1450754503940;1450754504000;53;0;false
1450754504061;1450754504129;54;0;false
1450754504190;1450754504252;55;0;false
1450754504312;1450754504374;54;0;false
1450754504434;1450754504502;54;0;false
1450754504562;1450754504623;54;0;false
1450754504683;1450754504870;54;1;false
1450754504929;1450754504990;53;0;false
1450754505048;1450754505115;52;0;false
1450754505177;1450754505238;56;0;false
1450754505298;1450754505365;54;0;false
1450754505425;1450754505496;53;0;false
1450754505559;1450754505769;54;1;false
1450754505832;1450754506042;54;1;false
1450754506103;1450754506174;54;0;false
1450754506236;1450754506307;55;0;false
1450754506368;1450754506446;54;0;false
1450754506507;1450754506717;54;1;false
1450754506777;1450754506848;53;0;false
1450754506909;1450754507120;55;1;false
1450754507181;1450754507389;52;1;false
1450754507450;1450754507520;53;0;false
1450754507583;1450754507654;55;0;false
1450754507716;1450754507794;55;0;false
1450754508158;1450754508368;55;1;false
1450754508428;1450754508499;53;0;false
1450754508560;1450754508630;54;0;false
1450754508692;1450754508770;53;0;false
1450754508831;1450754508902;52;0;false
1450754508964;1450754509043;55;0;false
1450754509104;1450754509175;54;0;false
1450754509243;1450754509315;60;0;false
1450754509384;1450754509462;62;0;false
1450754509531;1450754509752;65;1;false
1450754509826;1450754509897;67;0;false
1450754509972;1450754510043;68;0;false
1450754510118;1450754510196;68;0;false
1450754510272;1450754510343;69;0;false
1450754510407;1450754510485;57;0;false
1450754510546;1450754510617;54;0;false
1450754510677;1450754510748;53;0;false
1450754510810;1450754510887;54;0;false
1450754510948;1450754511019;53;0;false
1450754511080;1450754511158;54;0;false
1450754511219;1450754511420;52;1;false
1450754511482;1450754511691;53;1;false
1450754511751;1450754511829;53;0;false
1450754511892;1450754511962;55;0;false
1450754512023;1450754512234;55;1;false
1450754512297;1450754512368;56;0;false
1450754512429;1450754512507;54;0;false
1450754512569;1450754512640;55;0;false
1450754512702;1450754512773;55;0;false
1450754512834;1450754512912;54;0;false
1450754512972;1450754513042;52;0;false
1450754513102;1450754513312;54;1;false
1450754513370;1450754513421;53;0;false
1450754513479;1450754513535;53;0;false
1450754513594;1450754513645;54;0;false
1450754513705;1450754513761;55;0;false
1450754513821;1450754513872;55;0;false
1450754513932;1450754513982;54;0;false
1450754514042;1450754514097;54;0;false
1450754514157;1450754514208;54;0;false
1450754514268;1450754514324;55;0;false
1450754514382;1450754514433;53;0;false
1450754514491;1450754514543;53;0;false
1450754514601;1450754514658;53;0;false
1450754514716;1450754514768;53;0;false
1450754514827;1450754514884;54;0;false
1450754514942;1450754514993;52;0;false
1450754515052;1450754515104;53;0;false
1450754515162;1450754515351;76;1;false
1450754515428;1450754515485;72;0;false
1450754515545;1450754515597;55;0;false
1450754515658;1450754515710;56;0;false
1450754515769;1450754515826;54;0;false
1450754515884;1450754515935;53;0;false
1450754516254;1450754516311;313;0;false
1450754516371;1450754516422;54;0;false
1450754516481;1450754516532;54;0;false
1450754516592;1450754516759;54;1;false
1450754516819;1450754516875;54;0;false
1450754516934;1450754516986;54;0;false
1450754517045;1450754517438;54;3;false
1450754517498;1450754517549;55;0;false
1450754517609;1450754517660;53;0;false
1450754517719;1450754517776;54;0;false
1450754517835;1450754518001;53;1;false
1450754518060;1450754518223;54;1;false
1450754518282;1450754518339;54;0;false
1450754518400;1450754518452;55;0;false
1450754518512;1450754518568;55;0;false
1450754518628;1450754518679;54;0;false
1450754518739;1450754518790;55;0;false
1450754518849;1450754518905;52;0;false
1450754518966;1450754519024;56;0;false
1450754519084;1450754519151;54;0;false
1450754519225;1450754519286;68;0;false
1450754519366;1450754519427;74;0;false
1450754519505;1450754519572;72;0;false
1450754519655;1450754519716;76;0;false
1450754519801;1450754520066;131;1;false
1450754520132;1450754520329;63;1;false
1450754520392;1450754520705;53;2;false
1450754520765;1450754520953;53;1;false
1450754521015;1450754521077;55;0;false
1450754521138;1450754521327;53;1;false
1450754521388;1450754521449;55;0;false
1450754521511;1450754521578;55;0;false
1450754521642;1450754521703;57;0;false
1450754521763;1450754521952;53;1;false
1450754522013;1450754522065;56;0;false
1450754522125;1450754522181;54;0;false
1450754522498;1450754522549;311;0;false
1450754522610;1450754522666;55;0;false
1450754522726;1450754522777;54;0;false
1450754522841;1450754522892;58;0;false
1450754522951;1450754523007;53;0;false
1450754523067;1450754523119;54;0;false
1450754523180;1450754523465;56;2;false
1450754523524;1450754523691;54;1;false
1450754523750;1450754523807;54;0;false
1450754523866;1450754524143;55;2;false
1450754524203;1450754524484;58;2;false
1450754524544;1450754524595;55;0;false
1450754524654;1450754524709;53;0;false
1450754524769;1450754524819;54;0;false
1450754524879;1450754524934;53;0;false
1450754524993;1450754525269;54;2;false
1450754525328;1450754525494;54;1;false
1450754525553;1450754525604;54;0;false
1450754525664;1450754525715;55;0;false
1450754525773;1450754525829;53;0;false
1450754525887;1450754525938;53;0;false
1450754525995;1450754526051;52;0;false
1450754526110;1450754526161;54;0;false
1450754526220;1450754526271;54;0;false
1450754526331;1450754526498;55;1;false
1450754526556;1450754526832;54;2;false
1450754526890;1450754526946;53;0;false
1450754527006;1450754527171;53;1;false
1450754527232;1450754527283;55;0;false
1450754527343;1450754527509;54;1;false
1450754527568;1450754527733;55;1;false
1450754527793;1450754527843;53;0;false
1450754527904;1450754527955;56;0;false
1450754528014;1450754528070;54;0;false
1450754528130;1450754528180;54;0;false
1450754528241;1450754528406;53;1;false
1450754528465;1450754528516;53;0;false
1450754528575;1450754528651;54;0;false
1450754528711;1450754528782;53;0;false
1450754528843;1450754528921;54;0;false
1450754528987;1450754529190;54;1;false
1450754529263;1450754529341;66;0;false
1450754529419;1450754529490;71;0;false
1450754529568;1450754529646;70;0;false
1450754529716;1450754529786;63;0;false
1450754529865;1450754529917;71;0;false
1450754529994;1450754530049;71;0;false
1450754530123;1450754530174;68;0;false
1450754530251;1450754530307;72;0;false
1450754530375;1450754530426;63;0;false
1450754530485;1450754530652;55;1;false
1450754530710;1450754530761;53;0;false
1450754530820;1450754530985;54;1;false
1450754531044;1450754531095;53;0;false
1450754531154;1450754531210;54;0;false
1450754531268;1450754531319;53;0;false
1450754531378;1450754531434;54;0;false
1450754531493;1450754531543;54;0;false
1450754531602;1450754531768;54;1;false
1450754531830;1450754531881;57;0;false
1450754531940;1450754532105;53;1;false
1450754532164;1450754532215;54;0;false
1450754532274;1450754532440;55;1;false
1450754532498;1450754532554;53;0;false
1450754532615;1450754532889;53;2;false
1450754532947;1450754532997;52;0;false
1450754533057;1450754533116;55;0;false
1450754533176;1450754533237;54;0;false
1450754533298;1450754533358;54;0;false
1450754533418;1450754534104;54;5;false
1450754534164;1450754534224;54;0;false
1450754534284;1450754534351;53;0;false
1450754534410;1450754534471;53;0;false
1450754534532;1450754534594;55;0;false
1450754534654;1450754534722;54;0;false
1450754534782;1450754534843;53;0;false
1450754534905;1450754534972;55;0;false
1450754535033;1450754535094;55;0;false
1450754535155;1450754535468;55;2;false
1450754535529;1450754535719;54;1;false
1450754535778;1450754535839;53;0;false
1450754535900;1450754535967;54;0;false
1450754536028;1450754536090;55;0;false
1450754536154;1450754536222;58;0;false
1450754536281;1450754536343;53;0;false
1450754536405;1450754536465;55;0;false
1450754536526;1450754536594;54;0;false
1450754536654;1450754536715;54;0;false
1450754536776;1450754536844;55;0;false
1450754536903;1450754536964;53;0;false
1450754537024;1450754537086;54;0;false
1450754537146;1450754537213;53;0;false
1450754537274;1450754537335;54;0;false
1450754537397;1450754537464;55;0;false
1450754537526;1450754537709;53;1;false
1450754537769;1450754537836;53;0;false
1450754537896;1450754537958;53;0;false
1450754538017;1450754538085;53;0;false
1450754538146;1450754538207;54;0;false
1450754538268;1450754538329;55;0;false
1450754538389;1450754538456;53;0;false
1450754538516;1450754538578;54;0;false
1450754538638;1450754538706;54;0;false
1450754538767;1450754538829;55;0;false
1450754538891;1450754539080;54;1;false
1450754539141;1450754539202;55;0;false
1450754539279;1450754539346;71;0;false
1450754539425;1450754539486;72;0;false
1450754539565;1450754539625;72;0;false
1450754539707;1450754539774;75;0;false
1450754539856;1450754539917;76;0;false
1450754540001;1450754540068;78;0;false
1450754540150;1450754540211;76;0;false
1450754540273;1450754540333;55;0;false
1450754540394;1450754540461;55;0;false
1450754540522;1450754540709;53;1;false
1450754540768;1450754540829;53;0;false
1450754540888;1450754541197;55;2;false
1450754541314;1450754541380;110;0;false
1450754541442;1450754541804;54;2;false
1450754541920;1450754541981;109;0;false
1450754542041;1450754542108;54;0;false
1450754542224;1450754542285;110;0;false
1450754542347;1450754542407;55;0;false
1450754542527;1450754542594;113;0;false
1450754542655;1450754542715;54;0;false
1450754542831;1450754542898;110;0;false
1450754542958;1450754543019;54;0;false
1450754543134;1450754543195;109;0;false
1450754543256;1450754543334;54;0;false
1450754543445;1450754543516;104;0;false
1450754543578;1450754543656;55;0;false
1450754543745;1450754543815;82;0;false
1450754543877;1450754543948;54;0;false
1450754544049;1450754544259;54;1;false
1450754544354;1450754544431;87;0;false
1450754544495;1450754544566;56;0;false
1450754544709;1450754544779;136;0;false
1450754544841;1450754544918;54;0;false
1450754545012;1450754545083;86;0;false
1450754545147;1450754545225;57;0;false
1450754545374;1450754545445;142;0;false
1450754545511;1450754545581;59;0;false
1450754545642;1450754545720;53;0;false
1450754545781;1450754545852;54;0;false
1450754545912;1450754546122;54;1;false
1450754546183;1450754546414;75;1;false
1450754546489;1450754546560;68;0;false
1450754546621;1450754546699;54;0;false
1450754546762;1450754546962;52;1;false
1450754547024;1450754547102;55;0;false
1450754547164;1450754547234;54;0;false
1450754547297;1450754547375;56;0;false
1450754547438;1450754547508;55;0;false
1450754547571;1450754547642;56;0;false
1450754547704;1450754547782;55;0;false
1450754547844;1450754547914;54;0;false
1450754547977;1450754548055;55;0;false
1450754548115;1450754548186;53;0;false
1450754548248;1450754548319;55;0;false
1450754548380;1450754548458;54;0;false
1450754548519;1450754548728;54;1;false
1450754548790;1450754548861;55;0;false
1450754548922;1450754549133;55;1;false
1450754549194;1450754549266;53;0;false
1450754549333;1450754549414;60;0;false
1450754549482;1450754549553;61;0;false
1450754549624;1450754549695;63;0;false
1450754549775;1450754549853;73;0;false
1450754549927;1450754550154;71;1;false
1450754550215;1450754550286;54;0;false
1450754550347;1450754550418;54;0;false
1450754550478;1450754550688;54;1;false
1450754550751;1450754550829;56;0;false
1450754550891;1450754550962;55;0;false
1450754551022;1450754551093;53;0;false
1450754551154;1450754551232;53;0;false
1450754551293;1450754551365;54;0;false
1450754551426;1450754551504;54;0;false
1450754551565;1450754551635;54;0;false
1450754551696;1450754551767;53;0;false
1450754551828;1450754551906;54;0;false
1450754551968;1450754552039;55;0;false
1450754552100;1450754552178;54;0;false
1450754552238;1450754552309;53;0;false
1450754552371;1450754552441;55;0;false
1450754552503;1450754552581;54;0;false
1450754552642;1450754552712;54;0;false
1450754552774;1450754552852;54;0;false
1450754552913;1450754552986;54;0;false
1450754553047;1450754553118;54;0;false
1450754553182;1450754553260;57;0;false
1450754553320;1450754553370;55;0;false
1450754553429;1450754553594;53;1;false
1450754553653;1450754553704;54;0;false
1450754553766;1450754553821;56;0;false
1450754553880;1450754553931;54;0;false
1450754553991;1450754554047;55;0;false
1450754554106;1450754554157;54;0;false
1450754554215;1450754554266;53;0;false
1450754554325;1450754554381;54;0;false
1450754554440;1450754554491;54;0;false
1450754554551;1450754554608;55;0;false
1450754554667;1450754554718;54;0;false
1450754554779;1450754554830;54;0;false
1450754554889;1450754555171;53;2;false
1450754555230;1450754555281;54;0;false
1450754555340;1450754555392;53;0;false
1450754555451;1450754555617;53;1;false
1450754555678;1450754555734;55;0;false
1450754555795;1450754555846;54;0;false
1450754555907;1450754555959;55;0;false
1450754556019;1450754556187;54;1;false
1450754556246;1450754556302;54;0;false
1450754556362;1450754556414;54;0;false
1450754556474;1450754556526;55;0;false
1450754556586;1450754556643;55;0;false
1450754556702;1450754556753;53;0;false
1450754556814;1450754556870;54;0;false
1450754556929;1450754556981;53;0;false
1450754557043;1450754557094;56;0;false
1450754557153;1450754557210;53;0;false
1450754557269;1450754557436;53;1;false
1450754557495;1450754557546;53;0;false
1450754557605;1450754557656;54;0;false
1450754557716;1450754557772;53;0;false
1450754557833;1450754558001;55;1;false
1450754558060;1450754558111;54;0;false
1450754558170;1450754558337;54;1;false
1450754558397;1450754558448;54;0;false
1450754558507;1450754558676;56;1;false
1450754558736;1450754558788;54;0;false
1450754558849;1450754559017;55;1;false
1450754559076;1450754559133;53;0;false
1450754559193;1450754559368;67;1;false
1450754559445;1450754559501;71;0;false
1450754559580;1450754559630;73;0;false
1450754559708;1450754559764;72;0;false
1450754559845;1450754559896;76;0;false
1450754559978;1450754560029;77;0;false
1450754560107;1450754560163;73;0;false
1450754560222;1450754560273;54;0;false
1450754560332;1450754560388;54;0;false
1450754560448;1450754560498;55;0;false
1450754560557;1450754560608;53;0;false
1450754560666;1450754560722;53;0;false
1450754560781;1450754560832;54;0;false
1450754560891;1450754560947;54;0;false
1450754561006;1450754561056;54;0;false
1450754561117;1450754561167;55;0;false
1450754561226;1450754561508;55;2;false
1450754561567;1450754561618;54;0;false
1450754561680;1450754561731;57;0;false
1450754561790;1450754561846;54;0;false
1450754561905;1450754561956;54;0;false
1450754562015;1450754562289;53;2;false
1450754562349;1450754562630;54;2;false
1450754562942;1450754563103;54;1;false
1450754563163;1450754563219;55;0;false
1450754563278;1450754563329;54;0;false
1450754563388;1450754563444;54;0;false
1450754563503;1450754563554;54;0;false
1450754563613;1450754563664;54;0;false
1450754563723;1450754563888;53;1;false
1450754563950;1450754564006;57;0;false
1450754564064;1450754564116;53;0;false
1450754564175;1450754564226;54;0;false
1450754564287;1450754564455;55;1;false
1450754564514;1450754564570;54;0;false
1450754564629;1450754564680;54;0;false
1450754564740;1450754564790;54;0;false
1450754564850;1450754564910;55;0;false
1450754564968;1450754565019;53;0;false
1450754565077;1450754565133;53;0;false
1450754565191;1450754565242;53;0;false
1450754565302;1450754565353;55;0;false
1450754565412;1450754565467;54;0;false
1450754565526;1450754565577;53;0;false
1450754565637;1450754565693;55;0;false
1450754565753;1450754565804;55;0;false
1450754565862;1450754565913;53;0;false
1450754565971;1450754566027;53;0;false
1450754566087;1450754566138;55;0;false
1450754566196;1450754566473;54;2;false
1450754566533;1450754566588;55;0;false
1450754566648;1450754566814;54;1;false
1450754566873;1450754566924;54;0;false
1450754566983;1450754567034;54;0;false
1450754567348;1450754567404;309;0;false
1450754567465;1450754567515;55;0;false
1450754567575;1450754567630;54;0;false
1450754567692;1450754567743;56;0;false
1450754567802;1450754567853;54;0;false
1450754568168;1450754568334;54;1;false
1450754568392;1450754568457;53;0;false
1450754568517;1450754568578;54;0;false
1450754568638;1450754568699;54;0;false
1450754568760;1450754568827;55;0;false
1450754568886;1450754569073;53;1;false
1450754569134;1450754569327;66;1;false
1450754569411;1450754569478;77;0;false
1450754569562;1450754569623;78;0;false
1450754569706;1450754569773;77;0;false
1450754569855;1450754569917;76;0;false
1450754569981;1450754570041;58;0;false
1450754570110;1450754570177;62;0;false
1450754570246;1450754570307;63;0;false
1450754570367;1450754570434;54;0;false
1450754570495;1450754570555;54;0;false
1450754570615;1450754570676;54;0;false
1450754570738;1450754570805;56;0;false
1450754570863;1450754570924;52;0;false
1450754570984;1450754571051;54;0;false
1450754571111;1450754571172;53;0;false
1450754571231;1450754571292;53;0;false
1450754571352;1450754571419;53;0;false
1450754571480;1450754571541;55;0;false
1450754571600;1450754571787;53;1;false
1450754571847;1450754571908;54;0;false
1450754571967;1450754572154;53;1;false
1450754572215;1450754572282;55;0;false
1450754572342;1450754572403;54;0;false
1450754572463;1450754572523;54;0;false
1450754572584;1450754572651;54;0;false
1450754572711;1450754572771;54;0;false
1450754572832;1450754572899;54;0;false
1450754572959;1450754573020;54;0;false
1450754573079;1450754573140;53;0;false
1450754573201;1450754573268;55;0;false
1450754573332;1450754573520;54;1;false
1450754573579;1450754573640;53;0;false
1450754573700;1450754573761;54;0;false
1450754573822;1450754573889;55;0;false
1450754573948;1450754574009;52;0;false
1450754574069;1450754574136;54;0;false
1450754574197;1450754574258;55;0;false
1450754574571;1450754574632;307;0;false
1450754574693;1450754574761;55;0;false
1450754574824;1450754574886;57;0;false
1450754574947;1450754575014;54;0;false
1450754575075;1450754575137;55;0;false
1450754575198;1450754575390;54;1;false
1450754575449;1450754575511;53;0;false
1450754575573;1450754575641;56;0;false
1450754575701;1450754575763;54;0;false
1450754575822;1450754575884;53;0;false
1450754575944;1450754576012;54;0;false
1450754576072;1450754576134;54;0;false
1450754576195;1450754576371;54;1;false
1450754576431;1450754576599;54;1;false
1450754576658;1450754576709;54;0;false
1450754576770;1450754576827;56;0;false
1450754576889;1450754576939;56;0;false
1450754576999;1450754577050;54;0;false
1450754577109;1450754577165;53;0;false
1450754577237;1450754577288;65;0;false
1450754577358;1450754577525;54;1;false
1450754577585;1450754577637;54;0;false
1450754577700;1450754577756;58;0;false
1450754577815;1450754577866;52;0;false
1450754577927;1450754577984;56;0;false
1450754578044;1450754578095;55;0;false
1450754578157;1450754578209;56;0;false
1450754578269;1450754578436;54;1;false
1450754578496;1450754578552;54;0;false
1450754578612;1450754578664;54;0;false
1450754578724;1450754578891;54;1;false
1450754578950;1450754579002;54;0;false
1450754579061;1450754579118;54;0;false
1450754579178;1450754579229;55;0;false
1450754579301;1450754579351;67;0;false
1450754579419;1450754579593;63;1;false
1450754579669;1450754579725;70;0;false
1450754579805;1450754579856;75;0;false
1450754579934;1450754580115;70;1;false
1450754580194;1450754580245;74;0;false
1450754580324;1450754580380;74;0;false
1450754580440;1450754580717;55;2;false
1450754580775;1450754580941;54;1;false
1450754581000;1450754581051;54;0;false
1450754581109;1450754581161;53;0;false
1450754581220;1450754581385;53;1;false
1450754581446;1450754581501;56;0;false
1450754581562;1450754581613;55;0;false
1450754581673;1450754581724;55;0;false
1450754581782;1450754581838;53;0;false
1450754581897;1450754581947;54;0;false
1450754582008;1450754582064;55;0;false
1450754582122;1450754582173;53;0;false
1450754582233;1450754582398;54;1;false
1450754582458;1450754582509;54;0;false
1450754582569;1450754582625;55;0;false
1450754582684;1450754582735;54;0;false
1450754582796;1450754582847;56;0;false
1450754582904;1450754582960;52;0;false
1450754583020;1450754583071;55;0;false
1450754583129;1450754583294;53;1;false
1450754583353;1450754583404;54;0;false
1450754583463;1450754583519;54;0;false
1450754583579;1450754583630;55;0;false
1450754583688;1450754583744;53;0;false
1450754583804;1450754583855;55;0;false
1450754583919;1450754583970;53;0;false
1450754584029;1450754584085;54;0;false
1450754584144;1450754584194;54;0;false
1450754584253;1450754584309;53;0;false
1450754584369;1450754584421;55;0;false
1450754584480;1450754584531;54;0;false
1450754584590;1450754584646;53;0;false
1450754584961;1450754585130;55;1;false
1450754585189;1450754585240;53;0;false
1450754585300;1450754585352;54;0;false
1450754585410;1450754585467;53;0;false
1450754585528;1450754585579;55;0;false
1450754585642;1450754585808;54;1;false
1450754585868;1450754585919;54;0;false
1450754585979;1450754586147;54;1;false
1450754586207;1450754586374;53;1;false
1450754586434;1450754586485;53;0;false
1450754586545;1450754586602;55;0;false
1450754586662;1450754586713;54;0;false
1450754586773;1450754587053;56;2;false
1450754587113;1450754587170;55;0;false
1450754587237;1450754587288;61;0;false
1450754587370;1450754587426;77;0;false
1450754587486;1450754587538;55;0;false
1450754587597;1450754587648;54;0;false
1450754587708;1450754587764;53;0;false
1450754587823;1450754587874;53;0;false
1450754587933;1450754587990;54;0;false
1450754588050;1450754588102;55;0;false
1450754588162;1450754588214;55;0;false
1450754588273;1450754588330;54;0;false
1450754588389;1450754588440;53;0;false
1450754588499;1450754588556;54;0;false
1450754588616;1450754588777;53;1;false
1450754588836;1450754588893;54;0;false
1450754588951;1450754589003;53;0;false
1450754589062;1450754589361;75;2;false
1450754589440;1450754589496;73;0;false
1450754589579;1450754589629;78;0;false
1450754589710;1450754589765;75;0;false
1450754589847;1450754589898;76;0;false
1450754589981;1450754590032;78;0;false
1450754590176;1450754590232;139;0;false
1450754590301;1450754590352;64;0;false
1450754590418;1450754590474;61;0;false
1450754590533;1450754590693;54;1;false
1450754590752;1450754590916;54;1;false
1450754590975;1450754591140;53;1;false
1450754591198;1450754591472;54;2;false
1450754591530;1450754591697;55;1;false
1450754591756;1450754591807;54;0;false
1450754591865;1450754591921;53;0;false
1450754591979;1450754592029;53;0;false
1450754592098;1450754592154;63;0;false
1450754592213;1450754592264;53;0;false
1450754592322;1450754592597;53;2;false
1450754592658;1450754592824;54;1;false
1450754592883;1450754592934;54;0;false
1450754592993;1450754593049;54;0;false
1450754593109;1450754593279;54;1;false
1450754593339;1450754593614;53;2;false
1450754593672;1450754593723;53;0;false
1450754593783;1450754593839;55;0;false
1450754593898;1450754594058;53;1;false
1450754594118;1450754594175;53;0;false
1450754594234;1450754594285;53;0;false
1450754594346;1450754594513;54;1;false
1450754594572;1450754594623;54;0;false
1450754594682;1450754594738;54;0;false
1450754594797;1450754594848;54;0;false
1450754594907;1450754594963;54;0;false
1450754595022;1450754595072;53;0;false
1450754595133;1450754595184;56;0;false
1450754595243;1450754595299;54;0;false
1450754595359;1450754595410;55;0;false
1450754595469;1450754595525;54;0;false
1450754595583;1450754595634;53;0;false
1450754595694;1450754595745;55;0;false
1450754595803;1450754596085;54;2;false
1450754596142;1450754596193;52;0;false
1450754596252;1450754596303;54;0;false
1450754596364;1450754596420;56;0;false
1450754596479;1450754596530;54;0;false
1450754596588;1450754596644;53;0;false
1450754596704;1450754596754;55;0;false
1450754596812;1450754596978;54;1;false
1450754597039;1450754597090;55;0;false
1450754597150;1450754597205;54;0;false
1450754597267;1450754597317;56;0;false
1450754597377;1450754597428;55;0;false
1450754597489;1450754597545;56;0;false
1450754597603;1450754597654;53;0;false
1450754597714;1450754597770;55;0;false
1450754597829;1450754597880;54;0;false
1450754597938;1450754597989;53;0;false
1450754598049;1450754598105;55;0;false
1450754598163;1450754598439;54;2;false
1450754598497;1450754598548;53;0;false
1450754598607;1450754598773;54;1;false
1450754598832;1450754598888;54;0;false
1450754598947;1450754598998;54;0;false
1450754599058;1450754599222;52;1;false
1450754599280;1450754599331;53;0;false
1450754599390;1450754599446;54;0;false
1450754599504;1450754599555;53;0;false
1450754599614;1450754599665;54;0;false
1450754599724;1450754599780;54;0;false
1450754599838;1450754599889;53;0;false
1450754599955;1450754600011;55;0;false
1450754600070;1450754600121;54;0;false
1450754600180;1450754600231;54;0;false
1450754600290;1450754600345;53;0;false
1450754600404;1450754600455;53;0;false
1450754600514;1450754600679;53;1;false
1450754600741;1450754600791;56;0;false
1450754600852;1450754600908;56;0;false
1450754600966;1450754601017;53;0;false
1450754601076;1450754601132;54;0;false
1450754601190;1450754601241;53;0;false
1450754601313;1450754601363;67;0;false
1450754601439;1450754601494;70;0;false
1450754601570;1450754601621;71;0;false
1450754601695;1450754601750;69;0;false
1450754601829;1450754601880;73;0;false
1450754601953;1450754602003;68;0;false
1450754602080;1450754602271;79;1;false
1450754602330;1450754602386;54;0;false
1450754602446;1450754602497;55;0;false
1450754602556;1450754602606;53;0;false
1450754602665;1450754602830;53;1;false
1450754602891;1450754603059;54;1;false
1450754603118;1450754603169;54;0;false
1450754603229;1450754603285;54;0;false
1450754603344;1450754603395;54;0;false
1450754603454;1450754603510;54;0;false
1450754603568;1450754603619;53;0;false
1450754603677;1450754603728;53;0;false
1450754603786;1450754603951;53;1;false
1450754604010;1450754604066;54;0;false
1450754604127;1450754604178;56;0;false
1450754604239;1450754604405;54;1;false
1450754604464;1450754604515;54;0;false
1450754604574;1450754604630;54;0;false
1450754604689;1450754604740;54;0;false
1450754604799;1450754604850;54;0;false
1450754604912;1450754604990;55;0;false
1450754605050;1450754605120;53;0;false
1450754605191;1450754605269;63;0;false
1450754605332;1450754605536;55;1;false
1450754605597;1450754605676;54;0;false
1450754605740;1450754606069;53;2;false
1450754606130;1450754606317;53;1;false
1450754606379;1450754606570;55;1;false
1450754606629;1450754606691;53;0;false
1450754606750;1450754606811;53;0;false
1450754606872;1450754606939;55;0;false
1450754607000;1450754607187;52;1;false
1450754607263;1450754607324;70;0;false
1450754607403;1450754607464;73;0;false
1450754607527;1450754607594;57;0;false
1450754607654;1450754607715;54;0;false
1450754607774;1450754607840;53;0;false
1450754607901;1450754607964;54;0;false
1450754608024;1450754608085;54;0;false
1450754608145;1450754608212;54;0;false
1450754608273;1450754608334;55;0;false
1450754608393;1450754608958;311;2;false
1450754609017;1450754609085;52;0;false
1450754609145;1450754609207;54;0;false
1450754609268;1450754609336;55;0;false
1450754609396;1450754609458;54;0;false
1450754609519;1450754609580;55;0;false
1450754609641;1450754609708;55;0;false
1450754609768;1450754609829;54;0;false
1450754609889;1450754609956;54;0;false
1450754610015;1450754610076;53;0;false
1450754610136;1450754610197;54;0;false
1450754610256;1450754610444;53;1;false
1450754610503;1450754610810;53;2;false
1450754611123;1450754611191;307;0;false
1450754611262;1450754611322;65;0;false
1450754611404;1450754611472;76;0;false
1450754611556;1450754611617;78;0;false
1450754611757;1450754611818;134;0;false
1450754611880;1450754611947;56;0;false
1450754612012;1450754612073;59;0;false
1450754612141;1450754612458;53;2;false
1450754612518;1450754612585;53;0;false
1450754612645;1450754612706;54;0;false
1450754612765;1450754612831;53;0;false
1450754612891;1450754612952;53;0;false
1450754613012;1450754613073;54;0;false
1450754613133;1450754613200;54;0;false
1450754613262;1450754613449;54;1;false
1450754613509;1450754613691;53;1;false
1450754613750;1450754613817;53;0;false
1450754613877;1450754613938;54;0;false
1450754613997;1450754614064;53;0;false
1450754614123;1450754614185;53;0;false
1450754614245;1450754614306;54;0;false
1450754614364;1450754614431;52;0;false
1450754614490;1450754614552;53;0;false
1450754614612;1450754614679;54;0;false
1450754614742;1450754614804;56;0;false
1450754614863;1450754614925;53;0;false
1450754614985;1450754615174;54;1;false
1450754615234;1450754615301;54;0;false
1450754615364;1450754615676;53;2;false
1450754615736;1450754615798;54;0;false
1450754615859;1450754615926;55;0;false
1450754615988;1450754616040;54;0;false
1450754616099;1450754616150;54;0;false
1450754616212;1450754616268;55;0;false
1450754616329;1450754616381;56;0;false
1450754616441;1450754616498;55;0;false
1450754616557;1450754617066;55;4;false
1450754617125;1450754617176;53;0;false
1450754617235;1450754617287;54;0;false
1450754617346;1450754617403;54;0;false
1450754617462;1450754617514;54;0;false
1450754617573;1450754617630;54;0;false
1450754617688;1450754617740;53;0;false
1450754617799;1450754617851;54;0;false
1450754617910;1450754617966;54;0;false
1450754618026;1450754618078;55;0;false
1450754618140;1450754618196;57;0;false
1450754618255;1450754618306;54;0;false
1450754618365;1450754618417;53;0;false
1450754618477;1450754618533;55;0;false
1450754618592;1450754619016;310;1;false
1450754619076;1450754619128;55;0;false
1450754619187;1450754619238;54;0;false
1450754619299;1450754619356;56;0;false
1450754619414;1450754619466;53;0;false
1450754619525;1450754619581;54;0;false
1450754619640;1450754619695;54;0;false
1450754619755;1450754619806;55;0;false
1450754619865;1450754619921;54;0;false
1450754619983;1450754620033;56;0;false
1450754620092;1450754620148;54;0;false
1450754620207;1450754620257;53;0;false
1450754620318;1450754620368;56;0;false
1450754620429;1450754620484;55;0;false
1450754620542;1450754620595;52;0;false
1450754620654;1450754620966;55;2;false
1450754621026;1450754621093;54;0;false
1450754621153;1450754621213;53;0;false
1450754621284;1450754621351;64;0;false
1450754621422;1450754621482;64;0;false
1450754621553;1450754621614;64;0;false
1450754621947;1450754622013;327;0;false
1450754622086;1450754622146;65;0;false
1450754622225;1450754622292;73;0;false
1450754622368;1450754622429;70;0;false
1450754622489;1450754622550;54;0;false
1450754622614;1450754622682;57;0;false
1450754622740;1450754622801;52;0;false
1450754622860;1450754623048;53;1;false
1450754623108;1450754623169;54;0;false
1450754623229;1450754623296;54;0;false
1450754623355;1450754623416;53;0;false
1450754623480;1450754623547;57;0;false
1450754623606;1450754623788;52;1;false
1450754623848;1450754623915;54;0;false
1450754623977;1450754624288;55;2;false
1450754624354;1450754624416;59;0;false
1450754624476;1450754624544;54;0;false
1450754624603;1450754624665;53;0;false
1450754624724;1450754624914;56;1;false
1450754624973;1450754625034;53;0;false
1450754625094;1450754625161;54;0;false
1450754625223;1450754625284;56;0;false
1450754625343;1450754625529;52;1;false
1450754625589;1450754625649;53;0;false
1450754625710;1450754625777;55;0;false
1450754625837;1450754626024;54;1;false
1450754626085;1450754626599;54;4;false
1450754626659;1450754626821;55;1;false
1450754626880;1450754626936;54;0;false
1450754626994;1450754627160;54;1;false
1450754627219;1450754627269;53;0;false
1450754627328;1450754627379;54;0;false
1450754627438;1450754627494;54;0;false
1450754627553;1450754627604;54;0;false
1450754627663;1450754627719;54;0;false
1450754627779;1450754627829;54;0;false
1450754627888;1450754627939;54;0;false
1450754627999;1450754628055;55;0;false
1450754628115;1450754628166;55;0;false
1450754628224;1450754628280;53;0;false
1450754628339;1450754628389;53;0;false
1450754628448;1450754628499;54;0;false
1450754628558;1450754628724;54;1;false
1450754628784;1450754628840;55;0;false
1450754628900;1450754628950;55;0;false
1450754629010;1450754629061;54;0;false
1450754629119;1450754629175;53;0;false
1450754629235;1450754629286;54;0;false
1450754629345;1450754629511;54;1;false
1450754629572;1450754629623;55;0;false
1450754629683;1450754629739;54;0;false
1450754629799;1450754629851;55;0;false
1450754629911;1450754629967;55;0;false
1450754630027;1450754630078;55;0;false
1450754630138;1450754630190;55;0;false
1450754630249;1450754630306;54;0;false
1450754630365;1450754630533;55;1;false
1450754630593;1450754630644;55;0;false
1450754630704;1450754630756;54;0;false
1450754630817;1450754630874;56;0;false
1450754630934;1450754630985;54;0;false
1450754631044;1450754631101;54;0;false
1450754631161;1450754631212;55;0;false
1450754631290;1450754631476;73;1;false
1450754631558;1450754631609;77;0;false
1450754631691;1450754631747;76;0;false
1450754631849;1450754631900;97;0;false
1450754631966;1450754632017;60;0;false
1450754632078;1450754632134;56;0;false
1450754632209;1450754632260;69;0;false
1450754632321;1450754632378;55;0;false
1450754632439;1450754632490;56;0;false
1450754632550;1450754632601;54;0;false
1450754632661;1450754632717;54;0;false
1450754632777;1450754632829;55;0;false
1450754632888;1450754632944;54;0;false
1450754633004;1450754633055;54;0;false
1450754633115;1450754633166;53;0;false
1450754633225;1450754633282;53;0;false
1450754633341;1450754633393;54;0;false
1450754633454;1450754633622;54;1;false
1450754633685;1450754633852;55;1;false
1450754633913;1450754633964;55;0;false
1450754634024;1450754634081;55;0;false
1450754634139;1450754634191;53;0;false
1450754634253;1450754634304;57;0;false
1450754634364;1450754634420;53;0;false
1450754634479;1450754634531;53;0;false
1450754634591;1450754634865;54;2;false
1450754634926;1450754635205;53;2;false
1450754635264;1450754635314;54;0;false
1450754635373;1450754635423;52;0;false
1450754635482;1450754635538;53;0;false
1450754635597;1450754635648;54;0;false
1450754635705;1450754635983;55;2;false
1450754636042;1450754636098;54;0;false
1450754636156;1450754636206;52;0;false
1450754636266;1450754636433;55;1;false
1450754636492;1450754636542;53;0;false
1450754636603;1450754636658;55;0;false
1450754636718;1450754636883;53;1;false
1450754636944;1450754636995;56;0;false
1450754637055;1450754637106;55;0;false
1450754637166;1450754637332;54;1;false
1450754637391;1450754637446;53;0;false
1450754637506;1450754637556;53;0;false
1450754637615;1450754637781;53;1;false
1450754637840;1450754638005;54;1;false
1450754638065;1450754638225;53;1;false
1450754638284;1450754638449;53;1;false
1450754638508;1450754638563;53;0;false
1450754638622;1450754638673;54;0;false
1450754638732;1450754638896;53;1;false
1450754638955;1450754639006;54;0;false
1450754639066;1450754639122;55;0;false
1450754639182;1450754639233;54;0;false
1450754639311;1450754639372;72;0;false
1450754639434;1450754639501;56;0;false
1450754639561;1450754639870;54;2;false
1450754639933;1450754639994;57;0;false
1450754640054;1450754640243;55;1;false
1450754640303;1450754640370;54;0;false
1450754640430;1450754640491;54;0;false
1450754640550;1450754640611;53;0;false
1450754640671;1450754640738;54;0;false
1450754640797;1450754640858;53;0;false
1450754640919;1450754641107;54;1;false
1450754641168;1450754641229;55;0;false
1450754641302;1450754641369;67;0;false
1450754641444;1450754641647;70;1;false
1450754641724;1450754641785;71;0;false
1450754641866;1450754642190;75;2;false
1450754642272;1450754642327;77;0;false
1450754642387;1450754642438;55;0;false
1450754642498;1450754642549;55;0;false
1450754642610;1450754642666;56;0;false
1450754642726;1450754642777;55;0;false
1450754642836;1450754642892;54;0;false
1450754642950;1450754643003;53;0;false
1450754643062;1450754643113;53;0;false
1450754643172;1450754643228;54;0;false
1450754643546;1450754643711;54;1;false
1450754643770;1450754643821;54;0;false
1450754643882;1450754643933;56;0;false
1450754643991;1450754644047;53;0;false
1450754644109;1450754644160;57;0;false
1450754644219;1450754644275;54;0;false
1450754644334;1450754644494;53;1;false
1450754644554;1450754644609;55;0;false
1450754644669;1450754644719;53;0;false
1450754644780;1450754644836;56;0;false
1450754644895;1450754644946;54;0;false
1450754645005;1450754645171;54;1;false
1450754645230;1450754645281;53;0;false
1450754645341;1450754645397;55;0;false
1450754645455;1450754645506;53;0;false
1450754645565;1450754645731;54;1;false
1450754645790;1450754645841;54;0;false
1450754645900;1450754645956;54;0;false
1450754646015;1450754646066;54;0;false
1450754646125;1450754646400;53;2;false
1450754646459;1450754646524;54;0;false
1450754646584;1450754646644;54;0;false
1450754646704;1450754646765;53;0;false
1450754646825;1450754646892;54;0;false
1450754646952;1450754647013;54;0;false
1450754647073;1450754647140;54;0;false
1450754647200;1450754647261;54;0;false
1450754647320;1450754647381;53;0;false
1450754647441;1450754647508;54;0;false
1450754647569;1450754647757;55;1;false
1450754647817;1450754647878;54;0;false
1450754647940;1450754648128;54;1;false
1450754648187;1450754648248;53;0;false
1450754648308;1450754648495;53;1;false
1450754648556;1450754648742;53;1;false
1450754648803;1450754648863;55;0;false
1450754648924;1450754648990;53;0;false
1450754649052;1450754649113;55;0;false
1450754649174;1450754649234;55;0;false
1450754649294;1450754649360;53;0;false
1450754649421;1450754649482;54;0;false
1450754649542;1450754649610;53;0;false
1450754649669;1450754649730;53;0;false
1450754649790;1450754649852;54;0;false
1450754649912;1450754649980;54;0;false
1450754650040;1450754650101;54;0;false
1450754650163;1450754650230;54;0;false
1450754650290;1450754650352;54;0;false
1450754650413;1450754650605;56;1;false
1450754650667;1450754650856;54;1;false
1450754650915;1450754650976;53;0;false
1450754651036;1450754651097;54;0;false
1450754651158;1450754651225;53;0;false
1450754651310;1450754651371;78;0;false
1450754651447;1450754651514;70;0;false
1450754651915;1450754652102;58;1;false
1450754652166;1450754652233;57;0;false
1450754652298;1450754652498;65;1;false
1450754652559;1450754652741;53;1;false
1450754652801;1450754652990;53;1;false
1450754653050;1450754653118;54;0;false
1450754653180;1450754653241;56;0;false
1450754653301;1450754653363;54;0;false
1450754653424;1450754653491;54;0;false
1450754653552;1450754653614;55;0;false
1450754653673;1450754653741;53;0;false
1450754653801;1450754653863;54;0;false
1450754653923;1450754653984;54;0;false
1450754654047;1450754654114;57;0;false
1450754654175;1450754654236;55;0;false
1450754654296;1450754654362;54;0;false
1450754654423;1450754654862;310;1;false
1450754654923;1450754655112;54;1;false
1450754655173;1450754655362;54;1;false
1450754655423;1450754655484;55;0;false
1450754655546;1450754655613;55;0;false
1450754655673;1450754655734;54;0;false
1450754655794;1450754655862;54;0;false
1450754655924;1450754655985;56;0;false
1450754656045;1450754656107;53;0;false
1450754656168;1450754656236;55;0;false
1450754656296;1450754656358;54;0;false
1450754656421;1450754656488;55;0;false
1450754656549;1450754656611;55;0;false
1450754656672;1450754656733;54;0;false
1450754656794;1450754656983;53;1;false
1450754657043;1450754657111;54;0;false
1450754657172;1450754657233;55;0;false
1450754657294;1450754657356;55;0;false
1450754657416;1450754657607;56;1;false
1450754657668;1450754657991;54;2;false
1450754658052;1450754658263;53;1;false
1450754658324;1450754658402;54;0;false
1450754658464;1450754658535;53;0;false
1450754658598;1450754658669;56;0;false
1450754658731;1450754658944;55;1;false
1450754659005;1450754659084;54;0;false
1450754659146;1450754659217;54;0;false
1450754659290;1450754659513;65;1;false
1450754659574;1450754659645;54;0;false
1450754659707;1450754659785;55;0;false
1450754659845;1450754659916;53;0;false
1450754659977;1450754660048;54;0;false
1450754660109;1450754660187;54;0;false
1450754660249;1450754660320;55;0;false
1450754660380;1450754660858;54;3;false
1450754660920;1450754660991;55;0;false
1450754661052;1450754661130;54;0;false
1450754661190;1450754661261;53;0;false
1450754661336;1450754661407;68;0;false
1450754661566;1450754661785;64;1;false
1450754661900;1450754662227;171;1;false
1450754662293;1450754662364;59;0;false
1450754662499;1450754662576;128;0;false
1450754662641;1450754662712;57;0;false
1450754662819;1450754662896;100;0;false
1450754662960;1450754663031;57;0;false
1450754663143;1450754663215;105;0;false
1450754663282;1450754663360;60;0;false
1450754663759;1450754663829;392;0;false
1450754663891;1450754663969;54;0;false
1450754664060;1450754664130;83;0;false
1450754664191;1450754664261;53;0;false
1450754664363;1450754664441;95;0;false
1450754664502;1450754664573;54;0;false
1450754664676;1450754664752;96;0;false
1450754664813;1450754664874;54;0;false
1450754665041;1450754665229;53;1;false
1450754665350;1450754665412;114;0;false
1450754665472;1450754665540;54;0;false
1450754665712;1450754665773;166;0;false
1450754665833;1450754665894;53;0;false
1450754665955;1450754666023;55;0;false
1450754666083;1450754666144;54;0;false
1450754666206;1450754666645;54;3;false
1450754666705;1450754666766;54;0;false
1450754666826;1450754666893;54;0;false
1450754666955;1450754667016;55;0;false
1450754667076;1450754667138;54;0;false
1450754667199;1450754667387;54;1;false
1450754667448;1450754667515;54;0;false
1450754667575;1450754667637;54;0;false
1450754667698;1450754667759;55;0;false
1450754667821;1450754667889;56;0;false
1450754667948;1450754668010;53;0;false
1450754668070;1450754668262;56;1;false
1450754668322;1450754668383;54;0;false
1450754668744;1450754668812;354;0;false
1450754668872;1450754668933;54;0;false
1450754668994;1450754669061;54;0;false
1450754669122;1450754669183;55;0;false
1450754669243;1450754669429;54;1;false
1450754669489;1450754669550;53;0;false
1450754669611;1450754669678;55;0;false
1450754669738;1450754669799;54;0;false
1450754669859;1450754669920;54;0;false
1450754669980;1450754670047;54;0;false
1450754670107;1450754670167;54;0;false
1450754670229;1450754670295;55;0;false
1450754670355;1450754670416;53;0;false
1450754670476;1450754670537;54;0;false
1450754670596;1450754670912;54;2;false
1450754670971;1450754671032;53;0;false
1450754671093;1450754671153;55;0;false
1450754671225;1450754671292;65;0;false
1450754671356;1450754671416;58;0;false
1450754671492;1450754671558;69;0;false
1450754671625;1450754671686;60;0;false
1450754671755;1450754671816;63;0;false
1450754671890;1450754671956;67;0;false
1450754672029;1450754672090;66;0;false
1450754672161;1450754672360;64;1;false
1450754672419;1450754672606;54;1;false
1450754672666;1450754672727;54;0;false
1450754672786;1450754672977;55;1;false
1450754673039;1450754673099;56;0;false
1450754673159;1450754673226;53;0;false
1450754673286;1450754673346;54;0;false
1450754673407;1450754673715;54;2;false
1450754673775;1450754673842;54;0;false
1450754673902;1450754673963;54;0;false
1450754674023;1450754674090;54;0;false
1450754674149;1450754674210;53;0;false
1450754674270;1450754674330;54;0;false
1450754674392;1450754674459;55;0;false
1450754674519;1450754674580;54;0;false
1450754674641;1450754674709;54;0;false
1450754674769;1450754674831;54;0;false
1450754674892;1450754674954;55;0;false
1450754675014;1450754675081;53;0;false
1450754675141;1450754675203;54;0;false
1450754675264;1450754675331;54;0;false
1450754675391;1450754675453;54;0;false
1450754675514;1450754675575;55;0;false
1450754675636;1450754675704;55;0;false
1450754675763;1450754675825;53;0;false
1450754675886;1450754675954;55;0;false
1450754676014;1450754676075;54;0;false
1450754676136;1450754676327;55;1;false
1450754676387;1450754676449;54;0;false
1450754676509;1450754676577;54;0;false
1450754676640;1450754676701;56;0;false
1450754676761;1450754676822;54;0;false
1450754676883;1450754676950;55;0;false
1450754677012;1450754677074;55;0;false
1450754677134;1450754677201;53;0;false
1450754677262;1450754677324;55;0;false
1450754677385;1450754677824;53;3;false
1450754677884;1450754677946;54;0;false
1450754678008;1450754678070;56;0;false
1450754678130;1450754678320;54;1;false
1450754678382;1450754678571;54;1;false
1450754678630;1450754678692;53;0;false
1450754678752;1450754678820;54;0;false
1450754678881;1450754679071;55;1;false
1450754679131;1450754679193;54;0;false
1450754679263;1450754679324;64;0;false
1450754679399;1450754679599;55;1;false
1450754679660;1450754679738;54;0;false
1450754679800;1450754679870;55;0;false
1450754679932;1450754680003;54;0;false
1450754680063;1450754680141;53;0;false
1450754680201;1450754680272;53;0;false
1450754680335;1450754680413;56;0;false
1450754680474;1450754680544;54;0;false
1450754680606;1450754680677;54;0;false
1450754680737;1450754680815;53;0;false
1450754680876;1450754680949;54;0;false
1450754681010;1450754681088;54;0;false
1450754681148;1450754681219;53;0;false
1450754681280;1450754681350;54;0;false
1450754681414;1450754681762;53;2;false
1450754681824;1450754681895;55;0;false
1450754681955;1450754682026;53;0;false
1450754682087;1450754682164;54;0;false
1450754682225;1450754682296;53;0;false
1450754682357;1450754682435;54;0;false
1450754682496;1450754682700;53;1;false
1450754682762;1450754682839;54;0;false
1450754682900;1450754683241;53;2;false
1450754683311;1450754683382;63;0;false
1450754683457;1450754683535;68;0;false
1450754683615;1450754683843;73;1;false
1450754683915;1450754683986;65;0;false
1450754684069;1450754684140;76;0;false
1450754684222;1450754684300;75;0;false
1450754684382;1450754684454;74;0;false
1450754684514;1450754684726;55;1;false
1450754684786;1450754684857;53;0;false
1450754684918;1450754684995;53;0;false
1450754685058;1450754685129;55;0;false
1450754685189;1450754685267;53;0;false
1450754685328;1450754685388;55;0;false
1450754685449;1450754685635;52;1;false
1450754685696;1450754685756;55;0;false
1450754685816;1450754685883;53;0;false
1450754685943;1450754686004;54;0;false
1450754686065;1450754686126;55;0;false
1450754686185;1450754686252;53;0;false
1450754686312;1450754686373;53;0;false
1450754686433;1450754686500;54;0;false
1450754686562;1450754686622;55;0;false
1450754686683;1450754686745;55;0;false
1450754686805;1450754686993;53;1;false
1450754687052;1450754687241;55;1;false
1450754687300;1450754687361;53;0;false
1450754687421;1450754687488;54;0;false
1450754687549;1450754687610;55;0;false
1450754687668;1450754687856;54;1;false
1450754687916;1450754687977;53;0;false
1450754688037;1450754688104;54;0;false
1450754688165;1450754688475;55;2;false
1450754688535;1450754688596;54;0;false
1450754688658;1450754688725;56;0;false
1450754688788;1450754689096;54;2;false
1450754689411;1450754689852;56;3;false
1450754689913;1450754689974;55;0;false
1450754690034;1450754690096;54;0;false
1450754690157;1450754690225;55;0;false
1450754690285;1450754690347;54;0;false
1450754690406;1450754690474;53;0;false
1450754690533;1450754690595;53;0;false
1450754690656;1450754690718;55;0;false
1450754690779;1450754690847;55;0;false
1450754690907;1450754690968;53;0;false
1450754691030;1450754691098;56;0;false
1450754691158;1450754691220;54;0;false
1450754691280;1450754691341;54;0;false
1450754691401;1450754691469;53;0;false
1450754691528;1450754691716;53;1;false
1450754691776;1450754691837;54;0;false
1450754691898;1450754691960;54;0;false
1450754692020;1450754692088;54;0;false
1450754692149;1450754692211;55;0;false
1450754692272;1450754692461;54;1;false
1450754692522;1450754692584;55;0;false
1450754692644;1450754692712;54;0;false
1450754692775;1450754693457;53;5;false
1450754693517;1450754693584;53;0;false
1450754693644;1450754693706;54;0;false
1450754693766;1450754693828;54;0;false
1450754693889;1450754693957;55;0;false
1450754694021;1450754694092;57;0;false
1450754694153;1450754694231;54;0;false
1450754694291;1450754694363;53;0;false
1450754694425;1450754694496;55;0;false
1450754694557;1450754694634;54;0;false
1450754694696;1450754694767;54;0;false
1450754694828;1450754694906;54;0;false
1450754694968;1450754695039;55;0;false
1450754695101;1450754695310;53;1;false
1450754695371;1450754695442;54;0;false
1450754695503;1450754695581;54;0;false
1450754695641;1450754695712;53;0;false
1450754695774;1450754695845;55;0;false
1450754695906;1450754695984;54;0;false
1450754696045;1450754696116;54;0;false
1450754696177;1450754696255;54;0;false
1450754696315;1450754696386;53;0;false
1450754696446;1450754696517;53;0;false
1450754696578;1450754696656;54;0;false
1450754696717;1450754696788;53;0;false
1450754696848;1450754696926;53;0;false
1450754696987;1450754697058;54;0;false
1450754697120;1450754697190;54;0;false
1450754697264;1450754697342;67;0;false
1450754697425;1450754697496;76;0;false
1450754697578;1450754697796;62;1;false
1450754697867;1450754698233;68;2;false
1450754698294;1450754698372;53;0;false
1450754698433;1450754698504;54;0;false
1450754698564;1450754698635;53;0;false
1450754698697;1450754698775;54;0;false
1450754698837;1450754699046;53;1;false
1450754699108;1450754699178;54;0;false
1450754699240;1450754699310;55;0;false
1450754699371;1450754699449;53;0;false
1450754699510;1450754699580;54;0;false
1450754699641;1450754699715;53;0;false
1450754699775;1450754699825;54;0;false
1450754699884;1450754699934;54;0;false
1450754699996;1450754700052;56;0;false
1450754700110;1450754700160;52;0;false
1450754700222;1450754700278;57;0;false
1450754700337;1450754700387;53;0;false
1450754700446;1450754700497;54;0;false
1450754700556;1450754700611;53;0;false
1450754700669;1450754700720;53;0;false
1450754700779;1450754700835;54;0;false
1450754700897;1450754700947;56;0;false
1450754701007;1450754701057;54;0;false
1450754701119;1450754701175;56;0;false
1450754701234;1450754701285;54;0;false
1450754701345;1450754701400;54;0;false
1450754701459;1450754701510;54;0;false
1450754701569;1450754701735;55;1;false
1450754701795;1450754701845;55;0;false
1450754701904;1450754701960;53;0;false
1450754702019;1450754702070;54;0;false
1450754702129;1450754702293;53;1;false
1450754702352;1450754702520;56;1;false
1450754702579;1450754702630;54;0;false
1450754702690;1450754702740;54;0;false
1450754702799;1450754702854;53;0;false
1450754702914;1450754702965;55;0;false
1450754703024;1450754703080;54;0;false
1450754703139;1450754703190;54;0;false
1450754703249;1450754703300;54;0;false
1450754703360;1450754703416;55;0;false
1450754703476;1450754703642;54;1;false
1450754703701;1450754703860;52;1;false
1450754703921;1450754703977;56;0;false
1450754704035;1450754704086;53;0;false
1450754704145;1450754704201;54;0;false
1450754704259;1450754704310;53;0;false
1450754704370;1450754704537;55;1;false
1450754704596;1450754704647;54;0;false
1450754704707;1450754704763;55;0;false
1450754705079;1450754705131;311;0;false
1450754705191;1450754705242;55;0;false
1450754705302;1450754705358;54;0;false
1450754705419;1450754705470;55;0;false
1450754705529;1450754705586;53;0;false
1450754705645;1450754705696;54;0;false
1450754705758;1450754705809;56;0;false
1450754705868;1450754705925;53;0;false
1450754705984;1450754706035;54;0;false
1450754706094;1450754706151;53;0;false
1450754706210;1450754706261;54;0;false
1450754706323;1450754706375;57;0;false
1450754706435;1450754706492;55;0;false
1450754706551;1450754706603;54;0;false
1450754706662;1450754706719;54;0;false
1450754706779;1450754706831;55;0;false
1450754706890;1450754706942;54;0;false
1450754707001;1450754707057;54;0;false
1450754707116;1450754707168;53;0;false
1450754707234;1450754707290;61;0;false
1450754707361;1450754707413;66;0;false
1450754707484;1450754707535;66;0;false
1450754707609;1450754707666;68;0;false
1450754707745;1450754707796;73;0;false
1450754707877;1450754708193;73;2;false
1450754708274;1450754708330;76;0;false
1450754708391;1450754708443;55;0;false
1450754708503;1450754708560;55;0;false
1450754708619;1450754708671;54;0;false
1450754708731;1450754708899;55;1;false
1450754708959;1450754709010;54;0;false
1450754709072;1450754709128;56;0;false
1450754709186;1450754709237;53;0;false
1450754709296;1450754709347;52;0;false
1450754709407;1450754709463;54;0;false
1450754709523;1450754709574;54;0;false
1450754709635;1450754709713;54;0;false
1450754709774;1450754709845;54;0;false
1450754709906;1450754709977;53;0;false
1450754710039;1450754710118;54;0;false
1450754710180;1450754710251;55;0;false
1450754710312;1450754710803;54;3;false
1450754710865;1450754710935;55;0;false
1450754710996;1450754711074;53;0;false
1450754711136;1450754711338;53;1;false
1450754711398;1450754711477;53;0;false
1450754711538;1450754711609;54;0;false
1450754711671;1450754711749;53;0;false
1450754711809;1450754711880;53;0;false
1450754711941;1450754712012;54;0;false
1450754712073;1450754712151;54;0;false
1450754712212;1450754712283;53;0;false
1450754712344;1450754712422;54;0;false
1450754712485;1450754712556;56;0;false
1450754712618;1450754712689;55;0;false
1450754712751;1450754712964;55;1;false
1450754713025;1450754713105;53;0;false
1450754713165;1450754713236;53;0;false
1450754713297;1450754713367;54;0;false
1450754713431;1450754713509;54;0;false
1450754713571;1450754713642;55;0;false
1450754713703;1450754713913;53;1;false
1450754713974;1450754714045;53;0;false
1450754714107;1450754714185;55;0;false
1450754714247;1450754714318;55;0;false
1450754714378;1450754714457;53;0;false
1450754714518;1450754714589;54;0;false
1450754714652;1450754714723;56;0;false
1450754714784;1450754714862;54;0;false
1450754714922;1450754715131;53;1;false
1450754715192;1450754715262;54;0;false
1450754715345;1450754715416;75;0;false
1450754715495;1450754715573;72;0;false
1450754715633;1450754715706;53;0;false
1450754715767;1450754715845;54;0;false
1450754715906;1450754715979;54;0;false
1450754716041;1450754716114;55;0;false
1450754716179;1450754716270;58;0;false
1450754716335;1450754716406;57;0;false
1450754716467;1450754716545;53;0;false
1450754716606;1450754716808;53;1;false
1450754716870;1450754717089;54;1;false
1450754717151;1450754717229;55;0;false
1450754717315;1450754717386;78;0;false
1450754717460;1450754717692;76;1;false
1450754717759;1450754717830;59;0;false
1450754717899;1450754718125;68;1;false
1450754718199;1450754718270;67;0;false
1450754718338;1450754718404;62;0;false
1450754718479;1450754718667;54;1;false
1450754718726;1450754718787;53;0;false
1450754718848;1450754718911;55;0;false
1450754718972;1450754719039;55;0;false
1450754719099;1450754719159;53;0;false
1450754719220;1450754719407;53;1;false
1450754719468;1450754719529;55;0;false
1450754719588;1450754719775;54;1;false
1450754719836;1450754719903;54;0;false
1450754719964;1450754720146;54;1;false
1450754720205;1450754720274;53;0;false
1450754720334;1450754720522;54;1;false
1450754720583;1450754720646;55;0;false
1450754720706;1450754720768;54;0;false
1450754720832;1450754720901;55;0;false
1450754720961;1450754721023;53;0;false
1450754721083;1450754721150;53;0;false
1450754721211;1450754721273;54;0;false
1450754721332;1450754721393;53;0;false
1450754721453;1450754721641;55;1;false
1450754721701;1450754722013;55;2;false
1450754722073;1450754722140;54;0;false
1450754722200;1450754722262;53;0;false
1450754722322;1450754722389;54;0;false
1450754722455;1450754722653;54;1;false
1450754722798;1450754722865;138;0;false
1450754722937;1450754723139;56;1;false
1450754723201;1450754723265;56;0;false
1450754723326;1450754723387;55;0;false
1450754723449;1450754723516;56;0;false
1450754723578;1450754723766;54;1;false
1450754723826;1450754723886;53;0;false
1450754723946;1450754724133;54;1;false
1450754724193;1450754724254;54;0;false
1450754724314;1450754724490;54;1;false
1450754724551;1450754724602;56;0;false
1450754724662;1450754724944;54;2;false
1450754725005;1450754725057;56;0;false
1450754725116;1450754725282;54;1;false
1450754725343;1450754725395;55;0;false
1450754725454;1450754725510;53;0;false
1450754725569;1450754725621;54;0;false
1450754725680;1450754725731;54;0;false
1450754725791;1450754726074;55;2;false
1450754726136;1450754726187;57;0;false
1450754726247;1450754726527;56;2;false
1450754726586;1450754726754;56;1;false
1450754726813;1450754726865;54;0;false
1450754726924;1450754726981;54;0;false
1450754727041;1450754727092;55;0;false
1450754727153;1450754727209;54;0;false
1450754727269;1450754727320;54;0;false
1450754727379;1450754727430;54;0;false
1450754727492;1450754727548;55;0;false
1450754727610;1450754727661;56;0;false
1450754727720;1450754727777;54;0;false
1450754727836;1450754727887;54;0;false
1450754727947;1450754728342;56;3;false
1450754728401;1450754728452;54;0;false
1450754728513;1450754728680;54;1;false
1450754728739;1450754729016;55;2;false
1450754729076;1450754729127;55;0;false
1450754729189;1450754729245;57;0;false
1450754729321;1450754729371;71;0;false
1450754729454;1450754729510;77;0;false
1450754729579;1450754729629;64;0;false
1450754729709;1450754729760;75;0;false
1450754729836;1450754730157;73;2;false
1450754730238;1450754730288;76;0;false
1450754730367;1450754730538;58;1;false
1450754730598;1450754730648;55;0;false
1450754730708;1450754730764;54;0;false
1450754730823;1450754730874;54;0;false
1450754730932;1450754730984;53;0;false
1450754731044;1450754731099;55;0;false
1450754731158;1450754731209;53;0;false
1450754731268;1450754731323;54;0;false
1450754731383;1450754731434;54;0;false
1450754731492;1450754731543;53;0;false
1450754731602;1450754731657;53;0;false
1450754731718;1450754732331;56;5;false
1450754732389;1450754732445;53;0;false
1450754732503;1450754732554;53;0;false
1450754732613;1450754732663;54;0;false
1450754732724;1450754732780;56;0;false
1450754732839;1450754732890;54;0;false
1450754732948;1450754733004;53;0;false
1450754733063;1450754733224;54;1;false
1450754733284;1450754733340;55;0;false
1450754733398;1450754733449;53;0;false
1450754733508;1450754733564;54;0;false
1450754733623;1450754733783;53;1;false
1450754733843;1450754733899;55;0;false
1450754733958;1450754734123;54;1;false
1450754734183;1450754734234;55;0;false
1450754734293;1450754734344;54;0;false
1450754734401;1450754734457;52;0;false
1450754734517;1450754734568;55;0;false
1450754734627;1450754734796;57;1;false
1450754734857;1450754734909;56;0;false
1450754734968;1450754735024;54;0;false
1450754735084;1450754735145;54;0;false
1450754735206;1450754735274;54;0;false
1450754735334;1450754735396;54;0;false
1450754735457;1450754735518;54;0;false
1450754735578;1450754735645;53;0;false
1450754735706;1450754735767;55;0;false
1450754735827;1450754735895;53;0;false
1450754735955;1450754736016;53;0;false
1450754736076;1450754736137;54;0;false
1450754736198;1450754736265;55;0;false
1450754736328;1450754736390;57;0;false
1450754736450;1450754736518;54;0;false
1450754736579;1450754736640;55;0;false
1450754736701;1450754736762;54;0;false
1450754736824;1450754736891;54;0;false
1450754736951;1450754737013;53;0;false
1450754737072;1450754737140;53;0;false
1450754737199;1450754737261;53;0;false
1450754737323;1450754737385;56;0;false
1450754737445;1450754737512;54;0;false
1450754737573;1450754738014;306;1;false
1450754738076;1450754738260;55;1;false
1450754738323;1450754738390;56;0;false
1450754738452;1450754738513;55;0;false
1450754738576;1450754738643;55;0;false
1450754738703;1450754738764;54;0;false
1450754738824;1450754738885;54;0;false
1450754738945;1450754739012;53;0;false
1450754739072;1450754739134;53;0;false
1450754739194;1450754739262;54;0;false
1450754739343;1450754739404;75;0;false
1450754739492;1450754739553;82;0;false
1450754739640;1450754739707;80;0;false
1450754739820;1450754740016;60;1;false
1450754740085;1450754740136;64;0;false
1450754740203;1450754740254;62;0;false
1450754740324;1450754740380;65;0;false
1450754740440;1450754740491;55;0;false
1450754740550;1450754740824;55;2;false
1450754740884;1450754740940;55;0;false
1450754741001;1450754741166;53;1;false
1450754741226;1450754741276;54;0;false
1450754741336;1450754741386;55;0;false
1450754741447;1450754741615;54;1;false
1450754741673;1450754741730;53;0;false
1450754741788;1450754741839;53;0;false
1450754741897;1450754742063;54;1;false
1450754742122;1450754742173;54;0;false
1450754742231;1450754742287;53;0;false
1450754742346;1450754742508;56;1;false
1450754742566;1450754742622;53;0;false
1450754742682;1450754742847;53;1;false
1450754742906;1450754742956;54;0;false
1450754743015;1450754743066;53;0;false
1450754743124;1450754743180;53;0;false
1450754743240;1450754743521;56;2;false
1450754743581;1450754743631;54;0;false
1450754743690;1450754743747;53;0;false
1450754743806;1450754743856;53;0;false
1450754743915;1450754744082;54;1;false
1450754744140;1450754744192;53;0;false
1450754744250;1450754744418;54;1;false
1450754744477;1450754744533;54;0;false
1450754744592;1450754744643;54;0;false
1450754744701;1450754744868;55;1;false
1450754744928;1450754744979;55;0;false
1450754745038;1450754745204;55;1;false
1450754745262;1450754745313;53;0;false
1450754745373;1450754745429;55;0;false
1450754745489;1450754745540;55;0;false
1450754745600;1450754745656;55;0;false
1450754745714;1450754745765;53;0;false
1450754745824;1450754745992;56;1;false
1450754746051;1450754746102;54;0;false
1450754746160;1450754746216;53;0;false
1450754746289;1450754746340;68;0;false
1450754746414;1450754746464;69;0;false
1450754746527;1450754746583;57;0;false
1450754746642;1450754746694;54;0;false
1450754746755;1450754746812;56;0;false
1450754746872;1450754746924;55;0;false
1450754746985;1450754747037;55;0;false
1450754747096;1450754747266;57;1;false
1450754747326;1450754747382;54;0;false
1450754747442;1450754747493;54;0;false
1450754747552;1450754747603;53;0;false
1450754747664;1450754747720;55;0;false
1450754747780;1450754747831;53;0;false
1450754747890;1450754748057;54;1;false
1450754748117;1450754748168;54;0;false
1450754748228;1450754748285;54;0;false
1450754748345;1450754748396;54;0;false
1450754748454;1450754748511;53;0;false
1450754748571;1450754748623;55;0;false
1450754748682;1450754748736;54;0;false
1450754748795;1450754748851;53;0;false
1450754748911;1450754748963;55;0;false
1450754749021;1450754749310;63;2;false
1450754749386;1450754749442;70;0;false
1450754749521;1450754749572;74;0;false
1450754749649;1450754749705;72;0;false
1450754749784;1450754749965;75;1;false
1450754750045;1450754750100;75;0;false
1450754750180;1450754750231;74;0;false
1450754750308;1450754750628;54;2;false
1450754750688;1450754750755;54;0;false
1450754750815;1450754750876;54;0;false
1450754750935;1450754751003;53;0;false
1450754751062;1450754751123;53;0;false
1450754751183;1450754751243;54;0;false
1450754751303;1450754751492;56;1;false
1450754751552;1450754751619;53;0;false
1450754751678;1450754751739;53;0;false
1450754751799;1450754751989;57;1;false
1450754752048;1450754752109;53;0;false
1450754752168;1450754752235;53;0;false
1450754752294;1450754752355;53;0;false
1450754752415;1450754752476;54;0;false
1450754752535;1450754752602;53;0;false
1450754752662;1450754752972;56;2;false
1450754753033;1450754753094;55;0;false
1450754753153;1450754753220;53;0;false
1450754753280;1450754753341;54;0;false
1450754753402;1450754753588;52;1;false
1450754753649;1450754753709;55;0;false
1450754753770;1450754753837;54;0;false
1450754753896;1450754753957;53;0;false
1450754754016;1450754754083;53;0;false
1450754754146;1450754754206;56;0;false
1450754754266;1450754754326;54;0;false
1450754754387;1450754754454;54;0;false
1450754754513;1450754754575;53;0;false
1450754754635;1450754754702;54;0;false
1450754754764;1450754754825;55;0;false
1450754754886;1450754754947;55;0;false
1450754755007;1450754755075;53;0;false
1450754755135;1450754755197;54;0;false
1450754755257;1450754755325;54;0;false
1450754755385;1450754755447;54;0;false
1450754755507;1450754755568;54;0;false
1450754755629;1450754755696;53;0;false
1450754755757;1450754756187;53;3;false
1450754756550;1450754756754;54;1;false
1450754756817;1450754756896;56;0;false
1450754756957;1450754757028;54;0;false
1450754757089;1450754757435;55;2;false
1450754757498;1450754757577;56;0;false
1450754757639;1450754757832;54;1;false
1450754757892;1450754757960;54;0;false
1450754758021;1450754758082;55;0;false
1450754758142;1450754758210;53;0;false
1450754758270;1450754758331;54;0;false
1450754758393;1450754758454;56;0;false
1450754758515;1450754758582;53;0;false
1450754758643;1450754758704;54;0;false
1450754758764;1450754759212;313;1;false
1450754759295;1450754759356;77;0;false
1450754759431;1450754759498;69;0;false
1450754759565;1450754759625;61;0;false
1450754759688;1450754759755;57;0;false
1450754759821;1450754759881;60;0;false
1450754759949;1450754760010;61;0;false
1450754760078;1450754760144;61;0;false
1450754760213;1450754760274;63;0;false
1450754760346;1450754760413;66;0;false
1450754760473;1450754760534;54;0;false
1450754760594;1450754760655;54;0;false
1450754760719;1450754760786;58;0;false
1450754760846;1450754760907;54;0;false
1450754760966;1450754761033;53;0;false
1450754761092;1450754761274;54;1;false
1450754761333;1450754761780;313;1;false
1450754761840;1450754762026;54;1;false
1450754762085;1450754762146;52;0;false
1450754762206;1450754762273;54;0;false
1450754762334;1450754762395;54;0;false
1450754762460;1450754762527;59;0;false
1450754762588;1450754762648;55;0;false
1450754762711;1450754762772;57;0;false
1450754762833;1450754763146;53;2;false
1450754763206;1450754763267;53;0;false
1450754763330;1450754763391;57;0;false
1450754763452;1450754763519;55;0;false
1450754763579;1450754763640;54;0;false
1450754763699;1450754763766;53;0;false
1450754763826;1450754763887;53;0;false
1450754763947;1450754764008;54;0;false
1450754764068;1450754764135;54;0;false
1450754764195;1450754764384;55;1;false
1450754764447;1450754764507;55;0;false
1450754764568;1450754764630;54;0;false
1450754764691;1450754764758;55;0;false
1450754764818;1450754764880;54;0;false
1450754764939;1450754765253;54;2;false
1450754765312;1450754765380;53;0;false
1450754765440;1450754765501;54;0;false
1450754765562;1450754765629;54;0;false
1450754765690;1450754765751;54;0;false
1450754765812;1450754765873;54;0;false
1450754765936;1450754766126;55;1;false
1450754766186;1450754766254;54;0;false
1450754766315;1450754766377;55;0;false
1450754766437;1450754766499;54;0;false
1450754766559;1450754766626;54;0;false
1450754766687;1450754766749;54;0;false
1450754766809;1450754766877;54;0;false
1450754766939;1450754767001;55;0;false
1450754767065;1450754767126;58;0;false
1450754767187;1450754767255;55;0;false
1450754767315;1450754767377;54;0;false
1450754767437;1450754767504;54;0;false
1450754767564;1450754767626;53;0;false
1450754767686;1450754767747;54;0;false
1450754767807;1450754767875;54;0;false
1450754767937;1450754768112;57;1;false
1450754768173;1450754768225;56;0;false
1450754768285;1450754768563;54;2;false
1450754768623;1450754768680;55;0;false
1450754768739;1450754768790;53;0;false
1450754769151;1450754769203;355;0;false
1450754769273;1450754769329;65;0;false
1450754769400;1450754769451;64;0;false
1450754769520;1450754769576;64;0;false
1450754769648;1450754769699;67;0;false
1450754769777;1450754769827;72;0;false
1450754769907;1450754769963;75;0;false
1450754770041;1450754770354;73;2;false
1450754770412;1450754770463;53;0;false
1450754770522;1450754770578;54;0;false
1450754770636;1450754771021;53;3;false
1450754771079;1450754771245;54;1;false
1450754771305;1450754771360;55;0;false
1450754771420;1450754771471;54;0;false
1450754771529;1450754771579;52;0;false
1450754771639;1450754771695;55;0;false
1450754771754;1450754771805;54;0;false
1450754771864;1450754771920;54;0;false
1450754771978;1450754772029;53;0;false
1450754772102;1450754772152;68;0;false
1450754772213;1450754772269;55;0;false
1450754772326;1450754772377;52;0;false
1450754772438;1450754772494;56;0;false
1450754772553;1450754772604;54;0;false
1450754772664;1450754772716;55;0;false
1450754772774;1450754773099;53;2;false
1450754773159;1450754773230;53;0;false
1450754773292;1450754773363;55;0;false
1450754773425;1450754773503;55;0;false
1450754773566;1450754773637;56;0;false
1450754773697;1450754773775;53;0;false
1450754773836;1450754773907;54;0;false
1450754773968;1450754774030;54;0;false
1450754774089;1450754774157;53;0;false
1450754774218;1450754774280;54;0;false
1450754774339;1450754774527;53;1;false
1450754774589;1450754774650;56;0;false
1450754774709;1450754774776;53;0;false
1450754774837;1450754775024;54;1;false
1450754775084;1450754775145;54;0;false
1450754775206;1450754775267;55;0;false
1450754775327;1450754775394;54;0;false
1450754775453;1450754775514;53;0;false
1450754775575;1450754775642;55;0;false
1450754775701;1450754775882;53;1;false
1450754775943;1450754776010;55;0;false
1450754776070;1450754776130;53;0;false
1450754776190;1450754776256;53;0;false
1450754776337;1450754776398;74;0;false
1450754776460;1450754776520;55;0;false
1450754776581;1450754776894;52;2;false
1450754776953;1450754777014;53;0;false
1450754777075;1450754777136;55;0;false
1450754777197;1450754777263;54;0;false
1450754777579;1450754777640;309;0;false
1450754777699;1450754777890;56;1;false
1450754777948;1450754778009;52;0;false
1450754778071;1450754778138;56;0;false
1450754778198;1450754778387;55;1;false
1450754778447;1450754778756;55;2;false
1450754778817;1450754778878;55;0;false
1450754778937;1450754779004;53;0;false
1450754779340;1450754779676;58;2;false
1450754779741;1450754779802;59;0;false
1450754779871;1450754779938;63;0;false
1450754780008;1450754780069;62;0;false
1450754780142;1450754780203;67;0;false
1450754780267;1450754780567;56;2;false
1450754780626;1450754780677;53;0;false
1450754780736;1450754780788;54;0;false
1450754780846;1450754780903;53;0;false
1450754780962;1450754781130;55;1;false
1450754781261;1450754781312;126;0;false
1450754781372;1450754781423;55;0;false
1450754781569;1450754781625;140;0;false
1450754781684;1450754781736;54;0;false
1450754782013;1450754782069;272;0;false
1450754782205;1450754782574;145;2;false
1450754782634;1450754782686;55;0;false
1450754782829;1450754782886;138;0;false
1450754782946;1450754782997;54;0;false
1450754783141;1450754783193;139;0;false
1450754783251;1450754783308;53;0;false
1450754783453;1450754783620;54;1;false
1450754783765;1450754783816;139;0;false
1450754783876;1450754783927;54;0;false
1450754784074;1450754784134;142;0;false
1450754784194;1450754784451;121;1;false
1450754784512;1450754784572;54;0;false
1450754784738;1450754784798;159;0;false
1450754784859;1450754784926;54;0;false
