230
171 171 154 28.08 1008.1
170 170 156 28.08 1008.1
169 169 156 28.08 1008.13
187 187 156 28.08 1008.13
186 186 213 28.08 1008.13
185 185 213 28.08 1008.12
185 185 267 28.08 1008.12
184 184 280 28.08 1008.12
183 183 280 28.08 1008.12
182 182 290 28.08 1008.08
180 180 290 28.08 1008.08
179 179 295 28.08 1008.08
178 178 295 28.08 1008.1
177 177 295 28.08 1008.1
176 176 294 28.08 1008.1
175 175 294 28.08 1008.1
174 174 289 28.08 1008.16
172 172 289 28.08 1008.16
171 171 283 28.08 1008.16
170 170 283 28.08 1008.1
169 169 273 28.08 1008.1
168 168 263 28.08 1008.1
167 167 263 28.08 1008.1
165 165 252 28.07 1008.15
164 164 252 28.07 1008.15
163 163 235 28.07 1008.15
162 162 214 28.09 1008.12
161 161 214 28.09 1008.12
160 160 190 28.09 1008.12
159 159 190 28.08 1008.07
157 157 165 28.08 1008.07
158 158 165 28.08 1008.07
158 158 147 28.08 1008.07
164 164 135 28.07 1008.07
164 164 135 28.07 1008.07
169 169 138 28.07 1008.07
171 171 138 28.08 1008.13
172 172 148 28.08 1008.13
171 171 159 28.08 1008.13
172 172 159 28.08 1008.13
171 171 164 28.07 1008.1
170 170 164 28.07 1008.1
169 169 167 28.07 1008.1
168 168 167 28.07 1008.07
167 167 166 28.07 1008.07
167 167 161 28.07 1008.07
167 167 161 28.07 1008.07
168 168 158 28.07 1008.04
169 169 158 28.07 1008.04
169 169 159 28.07 1008.04
170 170 160 28.08 1008.1
170 170 160 28.08 1008.1
170 170 161 28.08 1008.1
170 170 161 28.08 1008.1
170 170 161 28.08 1008.06
170 170 161 28.08 1008.06
170 170 162 28.08 1008.06
170 170 164 28.07 1008.02
171 171 164 28.07 1008.02
171 171 167 28.07 1008.02
170 170 167 28.08 1008.06
171 171 168 28.08 1008.06
170 170 169 28.08 1008.06
170 170 169 28.08 1008.06
170 170 169 28.07 1008.03
170 170 169 28.07 1008.03
171 171 169 28.07 1008.03
171 171 169 28.07 1008.02
171 171 170 28.07 1008.02
171 171 171 28.07 1008.02
171 171 171 28.07 1008.02
171 171 172 28.07 1008.08
171 171 172 28.07 1008.08
171 171 174 28.07 1008.08
171 171 175 28.07 1008.1
171 171 175 28.07 1008.1
171 171 175 28.07 1008.1
171 171 175 28.07 1008.1
171 171 175 28.06 1008.0
171 171 175 28.06 1008.0
172 172 175 28.06 1008.0
173 173 176 28.06 1008.05
174 174 176 28.06 1008.05
175 175 181 28.06 1008.05
177 177 181 28.06 1008.05
178 178 195 28.08 1008.01
179 179 206 28.08 1008.01
182 182 206 28.08 1008.01
181 181 218 28.06 1008.0
182 182 218 28.06 1008.0
185 185 231 28.06 1008.0
186 186 231 28.06 1008.0
190 190 250 28.06 1008.0
190 190 287 28.06 1008.0
193 193 287 28.06 1008.0
192 192 318 28.06 1008.03
191 191 318 28.06 1008.03
190 190 346 28.06 1008.03
189 189 366 28.06 1007.99
187 187 366 28.06 1007.99
186 186 378 28.06 1007.99
185 185 378 28.06 1007.99
184 184 383 28.05 1008.02
183 183 383 28.05 1008.02
182 182 385 28.05 1008.02
181 181 384 28.04 1008.08
179 179 384 28.04 1008.08
178 178 381 28.04 1008.08
177 177 381 28.04 1008.08
176 176 374 28.06 1008.09
175 175 374 28.06 1008.09
174 174 366 28.06 1008.09
173 173 355 28.04 1008.04
171 171 355 28.04 1008.04
170 170 343 28.04 1008.04
169 169 343 28.04 1008.04
168 168 330 28.05 1008.09
167 167 315 28.05 1008.09
166 166 315 28.05 1008.09
165 165 297 28.05 1008.12
163 163 297 28.05 1008.12
162 162 278 28.05 1008.12
161 161 278 28.06 1008.04
160 160 257 28.06 1008.04
159 159 233 28.06 1008.04
158 158 233 28.06 1008.04
157 157 204 28.05 1008.12
155 155 204 28.05 1008.12
154 154 167 28.05 1008.12
153 153 146 28.04 1008.06
152 152 146 28.04 1008.06
160 160 131 28.04 1008.06
164 164 131 28.04 1008.06
164 164 133 28.06 1008.09
167 167 133 28.06 1008.09
167 167 138 28.06 1008.09
167 167 144 28.04 1008.1
