160
100 100 78 28.2 1008.1
100 100 78 28.2 1008.1
171 171 78 28.2 1008.09
170 170 96 28.2 1008.09
171 171 96 28.2 1008.09
170 170 124 28.2 1008.09
169 169 135 28.19 1008.14
168 168 135 28.19 1008.14
167 167 138 28.19 1008.14
166 166 138 28.19 1008.01
165 165 136 28.19 1008.01
163 163 136 28.19 1008.01
163 163 132 28.19 1008.01
163 163 126 28.17 1008.07
165 165 126 28.17 1008.07
166 166 124 28.17 1008.07
167 167 124 28.17 1008.12
168 168 126 28.17 1008.12
168 168 130 28.17 1008.12
168 168 130 28.16 1008.09
167 167 133 28.16 1008.09
168 168 133 28.16 1008.09
168 168 133 28.16 1008.09
168 168 133 28.17 1008.08
169 169 134 28.17 1008.08
169 169 137 28.17 1008.08
169 169 137 28.14 1008.09
169 169 139 28.14 1008.09
169 169 139 28.14 1008.09
169 169 140 28.14 1008.09
170 170 141 28.16 1008.07
170 170 141 28.16 1008.07
170 170 143 28.16 1008.07
170 170 143 28.14 1008.07
170 170 144 28.14 1008.07
170 170 144 28.14 1008.07
170 170 145 28.14 1008.07
171 171 146 28.14 1008.11
171 171 146 28.14 1008.11
171 171 150 28.14 1008.11
171 171 150 28.13 1008.06
171 171 150 28.13 1008.06
171 171 151 28.13 1008.06
171 171 151 28.13 1008.06
171 171 153 28.13 1008.04
171 171 153 28.13 1008.04
171 171 155 28.13 1008.04
171 171 155 28.14 1008.11
171 171 157 28.14 1008.11
171 171 159 28.14 1008.11
171 171 159 28.11 1008.05
170 170 159 28.11 1008.05
170 170 159 28.11 1008.05
170 170 157 28.11 1008.05
171 171 156 28.11 1008.06
171 171 156 28.11 1008.06
171 171 157 28.11 1008.06
171 171 157 28.11 1008.11
171 171 158 28.11 1008.11
171 171 158 28.11 1008.11
171 171 159 28.11 1008.11
171 171 159 28.11 1008.1
171 171 159 28.11 1008.1
171 171 159 28.11 1008.1
171 171 159 28.1 1008.09
171 171 159 28.1 1008.09
171 171 159 28.1 1008.09
171 171 159 28.1 1008.09
171 171 159 28.11 1008.13
171 171 159 28.11 1008.13
171 171 159 28.11 1008.13
171 171 159 28.09 1008.11
171 171 158 28.09 1008.11
171 171 158 28.09 1008.11
172 172 158 28.09 1008.11
172 172 159 28.09 1008.07
171 171 159 28.09 1008.07
171 171 159 28.09 1008.07
170 170 159 28.09 1008.13
170 170 158 28.09 1008.13
169 169 156 28.09 1008.13
169 169 156 28.11 1008.05
169 169 153 28.11 1008.05
168 168 153 28.11 1008.05
169 169 151 28.11 1008.05
168 168 149 28.08 1008.07
168 168 149 28.08 1008.07
168 168 146 28.08 1008.07
168 168 146 28.09 1008.09
168 168 144 28.09 1008.09
168 168 144 28.09 1008.09
168 168 145 28.09 1008.09
168 168 144 28.08 1008.1
168 168 144 28.08 1008.1
168 168 144 28.08 1008.1
168 168 144 28.09 1008.17
167 167 144 28.09 1008.17
167 167 143 28.09 1008.17
167 167 143 28.09 1008.17
167 167 143 28.08 1008.15
167 167 143 28.08 1008.15
167 167 143 28.08 1008.15
167 167 143 28.08 1008.14
167 167 143 28.08 1008.14
167 167 143 28.08 1008.14
167 167 143 28.08 1008.14
167 167 144 28.08 1008.12
167 167 144 28.08 1008.12
167 167 143 28.08 1008.12
167 167 143 28.08 1008.12
167 167 142 28.08 1008.12
168 168 142 28.08 1008.12
168 168 142 28.08 1008.24
168 168 143 28.08 1008.24
168 168 143 28.08 1008.24
168 168 144 28.08 1008.24
168 168 143 28.08 1008.16
168 168 143 28.08 1008.16
169 169 143 28.08 1008.16
169 169 143 28.08 1008.17
170 170 145 28.08 1008.17
170 170 149 28.08 1008.17
170 170 149 28.08 1008.17
169 169 152 28.09 1008.21
170 170 152 28.09 1008.21
169 169 153 28.09 1008.21
169 169 153 28.09 1008.21
169 169 153 28.09 1008.21
169 169 153 28.09 1008.21
170 170 153 28.09 1008.21
170 170 153 28.09 1008.19
170 170 153 28.09 1008.19
170 170 154 28.09 1008.19
170 170 154 28.09 1008.16
170 170 154 28.09 1008.16
170 170 154 28.09 1008.16
171 171 154 28.08 1008.1
