160
100 100 78 28.16 1008.18
100 100 78 28.16 1008.18
100 100 78 28.17 1008.15
169 169 78 28.17 1008.15
169 169 78 28.17 1008.15
170 170 104 28.17 1008.15
171 171 125 28.17 1008.07
171 171 125 28.17 1008.07
170 170 133 28.17 1008.07
169 169 133 28.17 1008.07
168 168 136 28.17 1008.07
167 167 136 28.17 1008.07
166 166 136 28.17 1008.07
165 165 132 28.16 1008.14
163 163 132 28.16 1008.14
163 163 130 28.16 1008.14
164 164 130 28.17 1008.11
164 164 127 28.17 1008.11
165 165 127 28.17 1008.11
165 165 126 28.17 1008.11
166 166 127 28.16 1008.12
167 167 127 28.16 1008.12
167 167 129 28.16 1008.12
167 167 129 28.14 1008.11
168 168 130 28.14 1008.11
168 168 133 28.14 1008.11
168 168 133 28.14 1008.11
168 168 135 28.14 1008.07
168 168 135 28.14 1008.07
168 168 137 28.14 1008.07
168 168 138 28.14 1008.16
169 169 138 28.14 1008.16
168 168 140 28.14 1008.16
169 169 140 28.13 1008.15
169 169 140 28.13 1008.15
169 169 140 28.13 1008.15
169 169 142 28.13 1008.15
169 169 142 28.13 1008.08
170 170 142 28.13 1008.08
170 170 144 28.13 1008.08
170 170 144 28.13 1008.12
170 170 148 28.13 1008.12
170 170 148 28.13 1008.12
171 171 151 28.13 1008.12
170 170 153 28.11 1008.15
170 170 153 28.11 1008.15
170 170 152 28.11 1008.15
170 170 152 28.13 1008.14
170 170 153 28.13 1008.14
170 170 153 28.13 1008.14
170 170 153 28.13 1008.14
170 170 152 28.14 1008.16
170 170 152 28.14 1008.16
171 171 152 28.14 1008.16
171 171 152 28.11 1008.05
171 171 154 28.11 1008.05
171 171 156 28.11 1008.05
172 172 156 28.11 1008.05
171 171 157 28.11 1008.14
171 171 157 28.11 1008.14
171 171 158 28.11 1008.14
171 171 158 28.13 1008.08
171 171 158 28.13 1008.08
171 171 159 28.13 1008.08
171 171 159 28.11 1008.1
171 171 159 28.11 1008.1
171 171 159 28.11 1008.1
171 171 159 28.11 1008.1
171 171 159 28.13 1008.08
171 171 159 28.13 1008.08
171 171 159 28.13 1008.08
171 171 159 28.13 1008.12
171 171 159 28.13 1008.12
171 171 159 28.13 1008.12
171 171 159 28.13 1008.12
171 171 160 28.11 1008.07
171 171 160 28.11 1008.07
172 172 160 28.11 1008.07
171 171 160 28.13 1008.11
170 170 160 28.13 1008.11
170 170 159 28.13 1008.11
169 169 159 28.13 1008.11
169 169 157 28.13 1008.09
168 168 157 28.13 1008.09
168 168 155 28.13 1008.09
168 168 153 28.11 1008.03
167 167 153 28.11 1008.03
168 168 151 28.11 1008.03
168 168 151 28.11 1008.03
167 167 151 28.11 1008.03
167 167 151 28.11 1008.03
167 167 149 28.11 1008.03
167 167 147 28.11 1007.99
166 166 147 28.11 1007.99
166 166 145 28.11 1007.99
167 167 145 28.11 1008.04
166 166 145 28.11 1008.04
167 167 145 28.11 1008.04
166 166 143 28.11 1008.04
166 166 143 28.13 1008.03
166 166 143 28.13 1008.03
166 166 141 28.13 1008.03
166 166 141 28.11 1008.03
166 166 141 28.11 1008.03
167 167 141 28.11 1008.03
166 166 141 28.11 1008.03
166 166 142 28.11 1008.11
166 166 142 28.11 1008.11
166 166 142 28.11 1008.11
166 166 142 28.13 1007.97
166 166 142 28.13 1007.97
166 166 142 28.13 1007.97
166 166 142 28.13 1007.97
166 166 141 28.11 1008.01
166 166 141 28.11 1008.01
167 167 141 28.11 1008.01
167 167 142 28.11 1007.98
167 167 142 28.11 1007.98
167 167 142 28.11 1007.98
167 167 142 28.11 1007.98
168 168 142 28.1 1008.03
168 168 142 28.1 1008.03
168 168 144 28.1 1008.03
168 168 144 28.1 1008.07
168 168 144 28.1 1008.07
168 168 146 28.1 1008.07
168 168 146 28.11 1008.03
169 169 148 28.11 1008.03
168 168 149 28.11 1008.03
169 169 149 28.11 1008.03
168 168 149 28.09 1008.05
168 168 149 28.09 1008.05
169 169 149 28.09 1008.05
169 169 149 28.1 1008.07
169 169 149 28.1 1008.07
169 169 151 28.1 1008.07
170 170 151 28.1 1008.07
170 170 152 28.09 1008.0
