230
170 170 155 28.09 1008.0
170 170 155 28.09 1008.03
169 169 157 28.09 1008.03
168 168 156 28.09 1008.03
185 185 156 28.09 1008.03
183 183 184 28.08 1007.98
183 183 184 28.08 1007.98
183 183 233 28.08 1007.98
183 183 244 28.08 1008.02
182 182 244 28.08 1008.02
181 181 253 28.08 1008.02
180 180 253 28.08 1008.02
178 178 259 28.08 1007.98
177 177 259 28.08 1007.98
176 176 262 28.08 1007.98
175 175 261 28.07 1008.03
174 174 261 28.07 1008.03
173 173 259 28.07 1008.03
172 172 259 28.08 1008.03
170 170 255 28.08 1008.03
169 169 249 28.08 1008.03
168 168 249 28.08 1008.03
167 167 240 28.08 1008.07
166 166 240 28.08 1008.07
165 165 227 28.08 1008.07
164 164 227 28.08 1008.03
162 162 210 28.08 1008.03
161 161 190 28.08 1008.03
160 160 190 28.08 1008.03
159 159 168 28.07 1008.07
163 163 168 28.07 1008.07
167 167 155 28.07 1008.07
167 167 156 28.07 1008.13
172 172 156 28.07 1008.13
172 172 164 28.07 1008.13
175 175 164 28.07 1008.13
175 175 172 28.07 1008.12
175 175 172 28.07 1008.12
174 174 183 28.07 1008.12
173 173 191 28.08 1008.08
172 172 191 28.08 1008.08
172 172 190 28.08 1008.08
171 171 190 28.08 1008.08
170 170 188 28.07 1008.09
169 169 183 28.07 1008.09
169 169 183 28.07 1008.09
169 169 177 28.06 1008.05
170 170 177 28.06 1008.05
171 171 174 28.06 1008.05
171 171 174 28.07 1008.1
173 173 173 28.07 1008.1
173 173 176 28.07 1008.1
174 174 176 28.07 1008.1
174 174 182 28.08 1008.14
174 174 182 28.08 1008.14
174 174 188 28.08 1008.14
174 174 191 28.08 1008.11
173 173 191 28.08 1008.11
173 173 190 28.08 1008.11
172 172 190 28.08 1008.11
171 171 188 28.06 1008.12
172 172 188 28.06 1008.12
172 172 185 28.06 1008.12
172 172 185 28.08 1008.14
173 173 185 28.08 1008.14
173 173 186 28.08 1008.14
174 174 186 28.08 1008.14
174 174 191 28.08 1008.09
175 175 194 28.08 1008.09
175 175 194 28.08 1008.09
175 175 198 28.07 1008.09
174 174 198 28.07 1008.09
174 174 198 28.07 1008.09
174 174 198 28.07 1008.09
173 173 198 28.07 1008.09
173 173 198 28.07 1008.09
173 173 198 28.07 1008.09
173 173 196 28.08 1008.12
173 173 196 28.08 1008.12
173 173 196 28.08 1008.12
173 173 197 28.06 1008.05
174 174 197 28.06 1008.05
175 175 196 28.06 1008.05
176 176 196 28.06 1008.05
177 177 201 28.07 1008.03
178 178 201 28.07 1008.03
180 180 205 28.07 1008.03
181 181 214 28.08 1008.04
182 182 214 28.08 1008.04
184 184 225 28.08 1008.04
186 186 225 28.08 1008.04
187 187 241 28.06 1008.03
189 189 241 28.06 1008.03
189 189 266 28.06 1008.03
191 191 295 28.07 1008.05
189 189 295 28.07 1008.05
189 189 321 28.07 1008.05
188 188 321 28.07 1008.05
187 187 342 28.06 1008.03
186 186 357 28.06 1008.03
185 185 357 28.06 1008.03
184 184 366 28.06 1008.04
182 182 366 28.06 1008.04
181 181 370 28.06 1008.04
180 180 370 28.06 1008.04
179 179 370 28.07 1008.06
178 178 366 28.07 1008.06
177 177 366 28.07 1008.06
176 176 360 28.06 1007.96
174 174 360 28.06 1007.96
173 173 350 28.06 1007.96
172 172 339 28.06 1008.03
171 171 339 28.06 1008.03
170 170 327 28.06 1008.03
169 169 327 28.06 1008.03
168 168 313 28.06 1008.04
166 166 313 28.06 1008.04
165 165 296 28.06 1008.04
164 164 277 28.06 1007.99
163 163 277 28.06 1007.99
162 162 257 28.06 1007.99
161 161 257 28.06 1007.99
159 159 235 28.06 1007.97
158 158 235 28.06 1007.97
157 157 208 28.06 1007.97
156 156 172 28.05 1007.98
155 155 172 28.05 1007.98
154 154 153 28.05 1007.98
153 153 153 28.05 1007.98
158 158 137 28.05 1007.98
157 157 130 28.05 1007.98
161 161 130 28.05 1007.98
161 161 126 28.04 1007.94
165 165 126 28.04 1007.94
166 166 129 28.04 1007.94
166 166 136 28.04 1007.94
168 168 136 28.04 1007.97
