160
100 100 78 28.41 1008.63
100 100 78 28.41 1008.58
100 100 78 28.41 1008.58
171 171 78 28.41 1008.58
171 171 90 28.41 1008.58
172 172 116 28.4 1008.63
173 173 125 28.4 1008.63
171 171 133 28.4 1008.63
170 170 138 28.39 1008.56
169 169 140 28.39 1008.56
168 168 141 28.39 1008.56
167 167 140 28.4 1008.54
166 166 139 28.4 1008.54
165 165 136 28.4 1008.54
163 163 136 28.4 1008.54
164 164 133 28.4 1008.61
165 165 132 28.4 1008.61
165 165 131 28.4 1008.61
166 166 131 28.4 1008.61
167 167 132 28.4 1008.61
168 168 134 28.4 1008.61
168 168 136 28.4 1008.61
168 168 137 28.38 1008.61
168 168 137 28.38 1008.61
168 168 138 28.38 1008.61
168 168 138 28.38 1008.65
169 169 138 28.38 1008.65
169 169 139 28.38 1008.65
169 169 140 28.38 1008.65
170 170 142 28.38 1008.69
170 170 145 28.38 1008.69
170 170 147 28.38 1008.69
170 170 148 28.38 1008.62
169 169 149 28.38 1008.62
169 169 149 28.38 1008.62
169 169 149 28.38 1008.62
169 169 149 28.38 1008.6
170 170 149 28.38 1008.6
170 170 151 28.38 1008.6
170 170 152 28.38 1008.7
170 170 153 28.38 1008.7
170 170 153 28.38 1008.7
170 170 153 28.38 1008.62
170 170 153 28.38 1008.62
170 170 153 28.38 1008.62
171 171 153 28.38 1008.62
171 171 155 28.37 1008.59
171 171 156 28.37 1008.59
171 171 156 28.37 1008.59
171 171 157 28.38 1008.57
171 171 158 28.38 1008.57
171 171 159 28.38 1008.57
171 171 159 28.38 1008.57
170 170 159 28.37 1008.62
170 170 158 28.37 1008.62
170 170 158 28.37 1008.62
170 170 157 28.37 1008.62
171 171 157 28.37 1008.62
171 171 157 28.37 1008.62
171 171 157 28.37 1008.62
171 171 158 28.38 1008.59
171 171 158 28.38 1008.59
171 171 159 28.38 1008.59
171 171 158 28.38 1008.54
171 171 158 28.38 1008.54
171 171 156 28.38 1008.54
171 171 157 28.38 1008.54
171 171 158 28.38 1008.61
172 172 160 28.38 1008.61
172 172 162 28.38 1008.61
171 171 163 28.38 1008.59
171 171 164 28.38 1008.59
171 171 164 28.38 1008.59
170 170 165 28.38 1008.59
170 170 164 28.38 1008.65
170 170 164 28.38 1008.65
169 169 163 28.38 1008.65
169 169 162 28.38 1008.55
168 168 161 28.38 1008.55
168 168 160 28.38 1008.55
167 167 158 28.38 1008.57
167 167 157 28.38 1008.57
167 167 155 28.38 1008.57
167 167 154 28.38 1008.57
166 166 154 28.38 1008.65
167 167 152 28.38 1008.65
166 166 153 28.38 1008.65
166 166 152 28.38 1008.59
166 166 151 28.38 1008.59
165 165 150 28.38 1008.59
165 165 149 28.38 1008.59
165 165 148 28.38 1008.58
165 165 147 28.38 1008.58
165 165 145 28.38 1008.58
165 165 145 28.38 1008.62
165 165 143 28.38 1008.62
165 165 142 28.38 1008.62
165 165 142 28.38 1008.62
165 165 141 28.38 1008.66
165 165 141 28.38 1008.66
165 165 141 28.38 1008.66
165 165 141 28.38 1008.61
165 165 141 28.38 1008.61
165 165 141 28.38 1008.61
166 166 141 28.38 1008.61
166 166 142 28.36 1008.57
166 166 143 28.36 1008.57
166 166 142 28.36 1008.57
166 166 142 28.38 1008.62
166 166 143 28.38 1008.62
166 166 142 28.38 1008.62
167 167 142 28.36 1008.61
167 167 143 28.36 1008.61
167 167 143 28.36 1008.61
167 167 143 28.36 1008.61
167 167 144 28.37 1008.61
168 168 145 28.37 1008.61
168 168 146 28.37 1008.61
168 168 148 28.38 1008.55
168 168 148 28.38 1008.55
168 168 149 28.38 1008.55
168 168 149 28.38 1008.55
168 168 149 28.37 1008.51
168 168 150 28.37 1008.51
168 168 151 28.37 1008.51
169 169 151 28.37 1008.51
169 169 151 28.37 1008.51
169 169 152 28.37 1008.51
169 169 152 28.37 1008.51
169 169 152 28.36 1008.51
169 169 152 28.36 1008.51
169 169 152 28.36 1008.51
170 170 152 28.38 1008.56
170 170 154 28.38 1008.56
170 170 155 28.38 1008.56
170 170 157 28.38 1008.56
170 170 157 28.38 1008.68
170 170 158 28.38 1008.68
169 169 158 28.38 1008.68
169 169 158 28.36 1008.52
169 169 158 28.36 1008.52
169 169 158 28.36 1008.52
169 169 158 28.37 1008.51
170 170 158 28.37 1008.51
170 170 159 28.37 1008.51
170 170 160 28.37 1008.51
170 170 161 28.38 1008.64
170 170 161 28.38 1008.64
170 170 161 28.38 1008.64
170 170 161 28.38 1008.63
170 170 161 28.38 1008.63
170 170 162 28.38 1008.63
170 170 162 28.38 1008.63
170 170 162 28.36 1008.6
170 170 162 28.36 1008.6
