230
169 169 161 28.38 1008.63
169 169 160 28.38 1008.63
168 168 160 28.38 1008.63
166 166 157 28.38 1008.63
185 185 155 28.37 1008.54
184 184 165 28.37 1008.54
184 184 208 28.37 1008.54
185 185 224 28.35 1008.61
185 185 232 28.35 1008.61
184 184 244 28.35 1008.61
182 182 250 28.35 1008.61
181 181 255 28.37 1008.57
180 180 259 28.37 1008.57
179 179 262 28.37 1008.57
178 178 263 28.38 1008.58
177 177 263 28.38 1008.58
176 176 262 28.38 1008.58
174 174 260 28.38 1008.69
173 173 258 28.38 1008.69
172 172 255 28.38 1008.69
171 171 249 28.38 1008.69
170 170 245 28.38 1008.58
169 169 238 28.38 1008.58
168 168 232 28.38 1008.58
166 166 226 28.37 1008.59
165 165 218 28.37 1008.59
164 164 208 28.37 1008.59
163 163 199 28.37 1008.59
162 162 186 28.38 1008.51
161 161 177 28.38 1008.51
160 160 166 28.38 1008.51
162 162 159 28.38 1008.63
165 165 156 28.38 1008.63
167 167 154 28.38 1008.63
170 170 155 28.38 1008.63
172 172 158 28.38 1008.63
173 173 164 28.38 1008.63
174 174 168 28.38 1008.63
174 174 173 28.36 1008.59
173 173 177 28.36 1008.59
172 172 180 28.36 1008.59
172 172 180 28.36 1008.59
171 171 180 28.36 1008.49
171 171 179 28.36 1008.49
170 170 177 28.36 1008.49
171 171 175 28.37 1008.53
171 171 175 28.37 1008.53
172 172 175 28.37 1008.53
172 172 174 28.36 1008.51
173 173 174 28.36 1008.51
173 173 176 28.36 1008.51
174 174 177 28.36 1008.51
174 174 179 28.35 1008.49
175 175 180 28.35 1008.49
174 174 183 28.35 1008.49
175 175 186 28.35 1008.52
175 175 188 28.35 1008.52
175 175 190 28.35 1008.52
175 175 191 28.35 1008.52
174 174 190 28.36 1008.57
174 174 190 28.36 1008.57
174 174 190 28.36 1008.57
174 174 190 28.37 1008.54
175 175 190 28.37 1008.54
176 176 192 28.37 1008.54
176 176 194 28.37 1008.54
177 177 195 28.35 1008.49
177 177 197 28.35 1008.49
177 177 198 28.35 1008.49
177 177 199 28.36 1008.52
177 177 201 28.36 1008.52
178 178 201 28.36 1008.52
178 178 203 28.36 1008.52
178 178 205 28.35 1008.53
178 178 206 28.35 1008.53
178 178 207 28.35 1008.53
177 177 208 28.36 1008.54
176 176 209 28.36 1008.54
176 176 208 28.36 1008.54
176 176 206 28.36 1008.6
176 176 205 28.36 1008.6
176 176 205 28.36 1008.6
176 176 204 28.36 1008.6
178 178 202 28.35 1008.52
179 179 204 28.35 1008.52
180 180 208 28.35 1008.52
182 182 211 28.36 1008.46
185 185 220 28.36 1008.46
186 186 226 28.36 1008.46
188 188 241 28.36 1008.46
190 190 259 28.35 1008.55
190 190 282 28.35 1008.55
190 190 300 28.35 1008.55
189 189 310 28.37 1008.53
188 188 325 28.37 1008.53
187 187 335 28.37 1008.53
186 186 342 28.37 1008.53
185 185 347 28.37 1008.59
184 184 352 28.37 1008.59
183 183 355 28.37 1008.59
182 182 356 28.35 1008.46
180 180 356 28.35 1008.46
179 179 355 28.35 1008.46
178 178 353 28.35 1008.46
177 177 351 28.35 1008.5
176 176 348 28.35 1008.5
175 175 343 28.35 1008.5
173 173 338 28.35 1008.53
172 172 333 28.35 1008.53
171 171 327 28.35 1008.53
170 170 322 28.35 1008.54
169 169 314 28.35 1008.54
168 168 306 28.35 1008.54
167 167 295 28.35 1008.54
165 165 286 28.36 1008.57
164 164 279 28.36 1008.57
163 163 265 28.36 1008.57
162 162 259 28.36 1008.55
161 161 241 28.36 1008.55
160 160 225 28.36 1008.55
159 159 216 28.36 1008.55
157 157 195 28.35 1008.54
156 156 182 28.35 1008.54
155 155 168 28.35 1008.54
154 154 154 28.36 1008.53
153 153 145 28.36 1008.53
155 155 134 28.36 1008.53
158 158 131 28.36 1008.53
161 161 129 28.35 1008.55
163 163 129 28.35 1008.55
166 166 131 28.35 1008.55
167 167 135 28.35 1008.51
167 167 140 28.35 1008.51
167 167 143 28.35 1008.51
167 167 146 28.35 1008.51
167 167 147 28.35 1008.6
166 166 148 28.35 1008.6
165 165 148 28.35 1008.6
165 165 147 28.34 1008.49
165 165 147 28.34 1008.49
165 165 146 28.34 1008.49
165 165 145 28.34 1008.49
165 165 145 28.34 1008.52
166 166 146 28.34 1008.52
166 166 146 28.34 1008.52
166 166 147 28.35 1008.54
166 166 148 28.35 1008.54
166 166 149 28.35 1008.54
167 167 149 28.34 1008.52
166 166 149 28.34 1008.52
166 166 150 28.34 1008.52
166 166 150 28.34 1008.52
166 166 149 28.35 1008.54
0 0 0 0.0 0.0
0 0 0 0.0 0.0
0 0 0 0.0 0.0
0 0 0 0.0 0.0
0 0 0 0.0 0.0
0 0 0 0.0 0.0
0 0 0 0.0 0.0
0 0 0 0.0 0.0
0 0 0 0.0 0.0
